This is pdfTeX, Version 3.141592653-2.6-1.40.29 (MiKTeX 26.2) (preloaded format=pdflatex 2026.3.20)  27 MAR 2026 03:37
entering extended mode
 restricted \write18 enabled.
 %&-line parsing enabled.
**./vehicle-circuit-graph.tex
(vehicle-circuit-graph.tex
LaTeX2e <2025-11-01>
L3 programming layer <2026-01-19>
(C:\Users\kunda\AppData\Local\Programs\MiKTeX\tex/latex/base\article.cls
Document Class: article 2025/01/22 v1.4n Standard LaTeX document class
(C:\Users\kunda\AppData\Local\Programs\MiKTeX\tex/latex/base\size10.clo
File: size10.clo 2025/01/22 v1.4n Standard LaTeX file (size option)
)
\c@part=\count275
\c@section=\count276
\c@subsection=\count277
\c@subsubsection=\count278
\c@paragraph=\count279
\c@subparagraph=\count280
\c@figure=\count281
\c@table=\count282
\abovecaptionskip=\skip49
\belowcaptionskip=\skip50
\bibindent=\dimen148
)
(C:\Users\kunda\AppData\Local\Programs\MiKTeX\tex/latex/base\inputenc.sty
Package: inputenc 2024/02/08 v1.3d Input encoding file
\inpenc@prehook=\toks17
\inpenc@posthook=\toks18
)
(C:\Users\kunda\AppData\Local\Programs\MiKTeX\tex/latex/base\fontenc.sty
Package: fontenc 2025/07/18 v2.1d Standard LaTeX package
)
(C:\Users\kunda\AppData\Local\Programs\MiKTeX\tex/latex/geometry\geometry.sty
Package: geometry 2026/03/07 v6.0 Page Geometry

(C:\Users\kunda\AppData\Local\Programs\MiKTeX\tex/latex/graphics\keyval.sty
Package: keyval 2022/05/29 v1.15 key=value parser (DPC)
\KV@toks@=\toks19
)
(C:\Users\kunda\AppData\Local\Programs\MiKTeX\tex/generic/iftex\ifvtex.sty
Package: ifvtex 2019/10/25 v1.7 ifvtex legacy package. Use iftex instead.

(C:\Users\kunda\AppData\Local\Programs\MiKTeX\tex/generic/iftex\iftex.sty
Package: iftex 2024/12/12 v1.0g TeX engine tests
))
\Gm@cnth=\count283
\Gm@cntv=\count284
\c@Gm@tempcnt=\count285
\Gm@bindingoffset=\dimen149
\Gm@wd@mp=\dimen150
\Gm@odd@mp=\dimen151
\Gm@even@mp=\dimen152
\Gm@layoutwidth=\dimen153
\Gm@layoutheight=\dimen154
\Gm@layouthoffset=\dimen155
\Gm@layoutvoffset=\dimen156
\Gm@dimlist=\toks20

(C:\Users\kunda\AppData\Local\Programs\MiKTeX\tex/latex/geometry\geometry.cfg))
(C:\Users\kunda\AppData\Local\Programs\MiKTeX\tex/latex/amsmath\amsmath.sty
Package: amsmath 2025/07/09 v2.17z AMS math features
\@mathmargin=\skip51

For additional information on amsmath, use the `?' option.
(C:\Users\kunda\AppData\Local\Programs\MiKTeX\tex/latex/amsmath\amstext.sty
Package: amstext 2024/11/17 v2.01 AMS text

(C:\Users\kunda\AppData\Local\Programs\MiKTeX\tex/latex/amsmath\amsgen.sty
File: amsgen.sty 1999/11/30 v2.0 generic functions
\@emptytoks=\toks21
\ex@=\dimen157
))
(C:\Users\kunda\AppData\Local\Programs\MiKTeX\tex/latex/amsmath\amsbsy.sty
Package: amsbsy 1999/11/29 v1.2d Bold Symbols
\pmbraise@=\dimen158
)
(C:\Users\kunda\AppData\Local\Programs\MiKTeX\tex/latex/amsmath\amsopn.sty
Package: amsopn 2022/04/08 v2.04 operator names
)
\inf@bad=\count286
LaTeX Info: Redefining \frac on input line 233.
\uproot@=\count287
\leftroot@=\count288
LaTeX Info: Redefining \overline on input line 398.
LaTeX Info: Redefining \colon on input line 409.
\classnum@=\count289
\DOTSCASE@=\count290
LaTeX Info: Redefining \ldots on input line 495.
LaTeX Info: Redefining \dots on input line 498.
LaTeX Info: Redefining \cdots on input line 619.
\Mathstrutbox@=\box53
\strutbox@=\box54
LaTeX Info: Redefining \big on input line 721.
LaTeX Info: Redefining \Big on input line 722.
LaTeX Info: Redefining \bigg on input line 723.
LaTeX Info: Redefining \Bigg on input line 724.
\big@size=\dimen159
LaTeX Font Info:    Redeclaring font encoding OML on input line 742.
LaTeX Font Info:    Redeclaring font encoding OMS on input line 743.
\macc@depth=\count291
LaTeX Info: Redefining \bmod on input line 904.
LaTeX Info: Redefining \pmod on input line 909.
LaTeX Info: Redefining \smash on input line 939.
LaTeX Info: Redefining \relbar on input line 969.
LaTeX Info: Redefining \Relbar on input line 970.
\c@MaxMatrixCols=\count292
\dotsspace@=\muskip17
\c@parentequation=\count293
\dspbrk@lvl=\count294
\tag@help=\toks22
\row@=\count295
\column@=\count296
\maxfields@=\count297
\andhelp@=\toks23
\eqnshift@=\dimen160
\alignsep@=\dimen161
\tagshift@=\dimen162
\tagwidth@=\dimen163
\totwidth@=\dimen164
\lineht@=\dimen165
\@envbody=\toks24
\multlinegap=\skip52
\multlinetaggap=\skip53
\mathdisplay@stack=\toks25
LaTeX Info: Redefining \[ on input line 2950.
LaTeX Info: Redefining \] on input line 2951.
)
(C:\Users\kunda\AppData\Local\Programs\MiKTeX\tex/latex/amsfonts\amssymb.sty
Package: amssymb 2013/01/14 v3.01 AMS font symbols

(C:\Users\kunda\AppData\Local\Programs\MiKTeX\tex/latex/amsfonts\amsfonts.sty
Package: amsfonts 2013/01/14 v3.01 Basic AMSFonts support
\symAMSa=\mathgroup4
\symAMSb=\mathgroup5
LaTeX Font Info:    Redeclaring math symbol \hbar on input line 98.
LaTeX Font Info:    Overwriting math alphabet `\mathfrak' in version `bold'
(Font)                  U/euf/m/n --> U/euf/b/n on input line 106.
)) (C:\Users\kunda\AppData\Local\Programs\MiKTeX\tex/latex/amscls\amsthm.sty
Package: amsthm 2020/05/29 v2.20.6
\thm@style=\toks26
\thm@bodyfont=\toks27
\thm@headfont=\toks28
\thm@notefont=\toks29
\thm@headpunct=\toks30
\thm@preskip=\skip54
\thm@postskip=\skip55
\thm@headsep=\skip56
\dth@everypar=\toks31
)
(C:\Users\kunda\AppData\Local\Programs\MiKTeX\tex/latex/mathtools\mathtools.sty
Package: mathtools 2024/10/04 v1.31 mathematical typesetting tools
(C:\Users\kunda\AppData\Local\Programs\MiKTeX\tex/latex/tools\calc.sty
Package: calc 2025/03/01 v4.3b Infix arithmetic (KKT,FJ)
\calc@Acount=\count298
\calc@Bcount=\count299
\calc@Adimen=\dimen166
\calc@Bdimen=\dimen167
\calc@Askip=\skip57
\calc@Bskip=\skip58
LaTeX Info: Redefining \setlength on input line 86.
LaTeX Info: Redefining \addtolength on input line 87.
\calc@Ccount=\count300
\calc@Cskip=\skip59
)
(C:\Users\kunda\AppData\Local\Programs\MiKTeX\tex/latex/mathtools\mhsetup.sty
Package: mhsetup 2021/03/18 v1.4 programming setup (MH)
)
\g_MT_multlinerow_int=\count301
\l_MT_multwidth_dim=\dimen168
\origjot=\skip60
\l_MT_shortvdotswithinadjustabove_dim=\dimen169
\l_MT_shortvdotswithinadjustbelow_dim=\dimen170
\l_MT_above_intertext_sep=\dimen171
\l_MT_below_intertext_sep=\dimen172
\l_MT_above_shortintertext_sep=\dimen173
\l_MT_below_shortintertext_sep=\dimen174
\xmathstrut@box=\box55
\xmathstrut@dim=\dimen175
) (C:\Users\kunda\AppData\Local\Programs\MiKTeX\tex/latex/physics\physics.sty
Package: physics 

(C:\Users\kunda\AppData\Local\Programs\MiKTeX\tex/latex/l3packages/xparse\xpars
e.sty
(C:\Users\kunda\AppData\Local\Programs\MiKTeX\tex/latex/l3kernel\expl3.sty
Package: expl3 2026-01-19 L3 programming layer (loader) 

(C:\Users\kunda\AppData\Local\Programs\MiKTeX\tex/latex/l3backend\l3backend-pdf
tex.def
File: l3backend-pdftex.def 2025-10-09 L3 backend support: PDF output (pdfTeX)
\l__color_backend_stack_int=\count302
))
Package: xparse 2025-10-09 L3 Experimental document command parser
))
(C:\Users\kunda\AppData\Local\Programs\MiKTeX\tex/latex/tools\bm.sty
Package: bm 2025/10/21 v1.2g Bold Symbol Support (DPC/FMi)
\symboldoperators=\mathgroup6
\symboldletters=\mathgroup7
\symboldsymbols=\mathgroup8
Package bm Info: No bold for \OMX/cmex/m/n, using \pmb.
Package bm Info: No bold for \U/msa/m/n, using \pmb.
Package bm Info: No bold for \U/msb/m/n, using \pmb.
LaTeX Font Info:    Redeclaring math alphabet \mathbf on input line 149.
)
(C:\Users\kunda\AppData\Local\Programs\MiKTeX\tex/latex/bbm\bbm.sty
Package: bbm 1999/03/15 V 1.2 provides fonts for set symbols - TH
LaTeX Font Info:    Overwriting math alphabet `\mathbbm' in version `bold'
(Font)                  U/bbm/m/n --> U/bbm/bx/n on input line 33.
LaTeX Font Info:    Overwriting math alphabet `\mathbbmss' in version `bold'
(Font)                  U/bbmss/m/n --> U/bbmss/bx/n on input line 35.
)
(C:\Users\kunda\AppData\Local\Programs\MiKTeX\tex/latex/graphics\graphicx.sty
Package: graphicx 2024/12/31 v1.2e Enhanced LaTeX Graphics (DPC,SPQR)

(C:\Users\kunda\AppData\Local\Programs\MiKTeX\tex/latex/graphics\graphics.sty
Package: graphics 2024/08/06 v1.4g Standard LaTeX Graphics (DPC,SPQR)

(C:\Users\kunda\AppData\Local\Programs\MiKTeX\tex/latex/graphics\trig.sty
Package: trig 2023/12/02 v1.11 sin cos tan (DPC)
)
(C:\Users\kunda\AppData\Local\Programs\MiKTeX\tex/latex/graphics-cfg\graphics.c
fg
File: graphics.cfg 2016/06/04 v1.11 sample graphics configuration
)
Package graphics Info: Driver file: pdftex.def on input line 106.

(C:\Users\kunda\AppData\Local\Programs\MiKTeX\tex/latex/graphics-def\pdftex.def
File: pdftex.def 2025/09/29 v1.2d Graphics/color driver for pdftex
))
\Gin@req@height=\dimen176
\Gin@req@width=\dimen177
)
(C:\Users\kunda\AppData\Local\Programs\MiKTeX\tex/latex/booktabs\booktabs.sty
Package: booktabs 2020/01/12 v1.61803398 Publication quality tables
\heavyrulewidth=\dimen178
\lightrulewidth=\dimen179
\cmidrulewidth=\dimen180
\belowrulesep=\dimen181
\belowbottomsep=\dimen182
\aboverulesep=\dimen183
\abovetopsep=\dimen184
\cmidrulesep=\dimen185
\cmidrulekern=\dimen186
\defaultaddspace=\dimen187
\@cmidla=\count303
\@cmidlb=\count304
\@aboverulesep=\dimen188
\@belowrulesep=\dimen189
\@thisruleclass=\count305
\@lastruleclass=\count306
\@thisrulewidth=\dimen190
)
(C:\Users\kunda\AppData\Local\Programs\MiKTeX\tex/latex/tools\longtable.sty
Package: longtable 2025-10-13 v4.24 Multi-page Table package (DPC)
\LTleft=\skip61
\LTright=\skip62
\LTpre=\skip63
\LTpost=\skip64
\LTchunksize=\count307
\LTcapwidth=\dimen191
\LT@head=\box56
\LT@firsthead=\box57
\LT@foot=\box58
\LT@lastfoot=\box59
\LT@gbox=\box60
\LT@cols=\count308
\LT@rows=\count309
\c@LT@tables=\count310
\c@LT@chunks=\count311
\LT@p@ftn=\toks32
)
(C:\Users\kunda\AppData\Local\Programs\MiKTeX\tex/latex/enumitem\enumitem.sty
Package: enumitem 2025/02/06 v3.11 Customized lists
\labelindent=\skip65
\enit@outerparindent=\dimen192
\enit@toks=\toks33
\enit@inbox=\box61
\enit@count@id=\count312
\enitdp@description=\count313
)
(C:\Users\kunda\AppData\Local\Programs\MiKTeX\tex/latex/hyperref\hyperref.sty
Package: hyperref 2026-01-29 v7.01p Hypertext links for LaTeX

(C:\Users\kunda\AppData\Local\Programs\MiKTeX\tex/latex/kvsetkeys\kvsetkeys.sty
Package: kvsetkeys 2022-10-05 v1.19 Key value parser (HO)
)
(C:\Users\kunda\AppData\Local\Programs\MiKTeX\tex/generic/kvdefinekeys\kvdefine
keys.sty
Package: kvdefinekeys 2019-12-19 v1.6 Define keys (HO)
)
(C:\Users\kunda\AppData\Local\Programs\MiKTeX\tex/generic/pdfescape\pdfescape.s
ty
Package: pdfescape 2019/12/09 v1.15 Implements pdfTeX's escape features (HO)

(C:\Users\kunda\AppData\Local\Programs\MiKTeX\tex/generic/ltxcmds\ltxcmds.sty
Package: ltxcmds 2023-12-04 v1.26 LaTeX kernel commands for general use (HO)
)
(C:\Users\kunda\AppData\Local\Programs\MiKTeX\tex/generic/pdftexcmds\pdftexcmds
.sty
Package: pdftexcmds 2020-06-27 v0.33 Utility functions of pdfTeX for LuaTeX (HO
)

(C:\Users\kunda\AppData\Local\Programs\MiKTeX\tex/generic/infwarerr\infwarerr.s
ty
Package: infwarerr 2019/12/03 v1.5 Providing info/warning/error messages (HO)
)
Package pdftexcmds Info: \pdf@primitive is available.
Package pdftexcmds Info: \pdf@ifprimitive is available.
Package pdftexcmds Info: \pdfdraftmode found.
))
(C:\Users\kunda\AppData\Local\Programs\MiKTeX\tex/latex/hycolor\hycolor.sty
Package: hycolor 2020-01-27 v1.10 Color options for hyperref/bookmark (HO)
)
(C:\Users\kunda\AppData\Local\Programs\MiKTeX\tex/latex/hyperref\nameref.sty
Package: nameref 2026-01-29 v2.58 Cross-referencing by name of section

(C:\Users\kunda\AppData\Local\Programs\MiKTeX\tex/latex/refcount\refcount.sty
Package: refcount 2019/12/15 v3.6 Data extraction from label references (HO)
)
(C:\Users\kunda\AppData\Local\Programs\MiKTeX\tex/generic/gettitlestring\gettit
lestring.sty
Package: gettitlestring 2019/12/15 v1.6 Cleanup title references (HO)

(C:\Users\kunda\AppData\Local\Programs\MiKTeX\tex/latex/kvoptions\kvoptions.sty
Package: kvoptions 2022-06-15 v3.15 Key value format for package options (HO)
))
\c@section@level=\count314
)
(C:\Users\kunda\AppData\Local\Programs\MiKTeX\tex/latex/etoolbox\etoolbox.sty
Package: etoolbox 2025/10/02 v2.5m e-TeX tools for LaTeX (JAW)
\etb@tempcnta=\count315
)
(C:\Users\kunda\AppData\Local\Programs\MiKTeX\tex/generic/stringenc\stringenc.s
ty
Package: stringenc 2019/11/29 v1.12 Convert strings between diff. encodings (HO
)
)
\@linkdim=\dimen193
\Hy@linkcounter=\count316
\Hy@pagecounter=\count317
 (C:\Users\kunda\AppData\Local\Programs\MiKTeX\tex/latex/hyperref\pd1enc.def
File: pd1enc.def 2026-01-29 v7.01p Hyperref: PDFDocEncoding definition (HO)
Now handling font encoding PD1 ...
... no UTF-8 mapping file for font encoding PD1
) (C:\Users\kunda\AppData\Local\Programs\MiKTeX\tex/generic/intcalc\intcalc.sty
Package: intcalc 2019/12/15 v1.3 Expandable calculations with integers (HO)
)
\Hy@SavedSpaceFactor=\count318
 (C:\Users\kunda\AppData\Local\Programs\MiKTeX\tex/latex/hyperref\puenc.def
File: puenc.def 2026-01-29 v7.01p Hyperref: PDF Unicode definition (HO)
Now handling font encoding PU ...
... no UTF-8 mapping file for font encoding PU
)
Package hyperref Info: Hyper figures OFF on input line 4201.
Package hyperref Info: Link nesting OFF on input line 4206.
Package hyperref Info: Hyper index ON on input line 4209.
Package hyperref Info: Plain pages OFF on input line 4216.
Package hyperref Info: Backreferencing OFF on input line 4221.
Package hyperref Info: Implicit mode ON; LaTeX internals redefined.
Package hyperref Info: Bookmarks ON on input line 4468.
\c@Hy@tempcnt=\count319

(C:\Users\kunda\AppData\Local\Programs\MiKTeX\tex/latex/url\url.sty
\Urlmuskip=\muskip18
Package: url 2013/09/16  ver 3.4  Verb mode for urls, etc.
)
LaTeX Info: Redefining \url on input line 4807.
\XeTeXLinkMargin=\dimen194

(C:\Users\kunda\AppData\Local\Programs\MiKTeX\tex/generic/bitset\bitset.sty
Package: bitset 2019/12/09 v1.3 Handle bit-vector datatype (HO)

(C:\Users\kunda\AppData\Local\Programs\MiKTeX\tex/generic/bigintcalc\bigintcalc
.sty
Package: bigintcalc 2019/12/15 v1.5 Expandable calculations on big integers (HO
)
))
\Fld@menulength=\count320
\Field@Width=\dimen195
\Fld@charsize=\dimen196
Package hyperref Info: Hyper figures OFF on input line 6084.
Package hyperref Info: Link nesting OFF on input line 6089.
Package hyperref Info: Hyper index ON on input line 6092.
Package hyperref Info: backreferencing OFF on input line 6099.
Package hyperref Info: Link coloring OFF on input line 6104.
Package hyperref Info: Link coloring with OCG OFF on input line 6109.
Package hyperref Info: PDF/A mode OFF on input line 6114.
\Hy@abspage=\count321
\c@Item=\count322
\c@Hfootnote=\count323
)
Package hyperref Info: Driver (autodetected): hpdftex.

(C:\Users\kunda\AppData\Local\Programs\MiKTeX\tex/latex/hyperref\hpdftex.def
File: hpdftex.def 2026-01-29 v7.01p Hyperref driver for pdfTeX
\Fld@listcount=\count324
\c@bookmark@seq@number=\count325

(C:\Users\kunda\AppData\Local\Programs\MiKTeX\tex/latex/rerunfilecheck\rerunfil
echeck.sty
Package: rerunfilecheck 2025-06-21 v1.11 Rerun checks for auxiliary files (HO)

(C:\Users\kunda\AppData\Local\Programs\MiKTeX\tex/generic/uniquecounter\uniquec
ounter.sty
Package: uniquecounter 2019/12/15 v1.4 Provide unlimited unique counter (HO)
)
Package uniquecounter Info: New unique counter `rerunfilecheck' on input line 2
84.
)
\Hy@SectionHShift=\skip66
)
(C:\Users\kunda\AppData\Local\Programs\MiKTeX\tex/latex/cleveref\cleveref.sty
Package: cleveref 2018/03/27 v0.21.4 Intelligent cross-referencing
Package cleveref Info: `hyperref' support loaded on input line 2370.
LaTeX Info: Redefining \cref on input line 2370.
LaTeX Info: Redefining \Cref on input line 2370.
LaTeX Info: Redefining \crefrange on input line 2370.
LaTeX Info: Redefining \Crefrange on input line 2370.
LaTeX Info: Redefining \cpageref on input line 2370.
LaTeX Info: Redefining \Cpageref on input line 2370.
LaTeX Info: Redefining \cpagerefrange on input line 2370.
LaTeX Info: Redefining \Cpagerefrange on input line 2370.
LaTeX Info: Redefining \labelcref on input line 2370.
LaTeX Info: Redefining \labelcpageref on input line 2370.
Package cleveref Info: `amsthm' support loaded on input line 3026.
)
==> First Aid for cleveref.sty applied!
(C:\Users\kunda\AppData\Local\Programs\MiKTeX\tex/latex/natbib\natbib.sty
Package: natbib 2010/09/13 8.31b (PWD, AO)
\bibhang=\skip67
\bibsep=\skip68
LaTeX Info: Redefining \cite on input line 694.
\c@NAT@ctr=\count326
)
(C:\Users\kunda\AppData\Local\Programs\MiKTeX\tex/latex/float\float.sty
Package: float 2001/11/08 v1.3d Float enhancements (AL)
\c@float@type=\count327
\float@exts=\toks34
\float@box=\box62
\@float@everytoks=\toks35
\@floatcapt=\box63
)
(C:\Users\kunda\AppData\Local\Programs\MiKTeX\tex/latex/xcolor\xcolor.sty
Package: xcolor 2024/09/29 v3.02 LaTeX color extensions (UK)

(C:\Users\kunda\AppData\Local\Programs\MiKTeX\tex/latex/graphics-cfg\color.cfg
File: color.cfg 2016/01/02 v1.6 sample color configuration
)
Package xcolor Info: Driver file: pdftex.def on input line 274.
(C:\Users\kunda\AppData\Local\Programs\MiKTeX\tex/latex/graphics\mathcolor.ltx)
Package xcolor Info: Model `cmy' substituted by `cmy0' on input line 1349.
Package xcolor Info: Model `hsb' substituted by `rgb' on input line 1353.
Package xcolor Info: Model `RGB' extended on input line 1365.
Package xcolor Info: Model `HTML' substituted by `rgb' on input line 1367.
Package xcolor Info: Model `Hsb' substituted by `hsb' on input line 1368.
Package xcolor Info: Model `tHsb' substituted by `hsb' on input line 1369.
Package xcolor Info: Model `HSB' substituted by `hsb' on input line 1370.
Package xcolor Info: Model `Gray' substituted by `gray' on input line 1371.
Package xcolor Info: Model `wave' substituted by `hsb' on input line 1372.
) (C:\Users\kunda\AppData\Local\Programs\MiKTeX\tex/latex/caption\caption.sty
Package: caption 2023/08/05 v3.6o Customizing captions (AR)

(C:\Users\kunda\AppData\Local\Programs\MiKTeX\tex/latex/caption\caption3.sty
Package: caption3 2023/07/31 v2.4d caption3 kernel (AR)
\caption@tempdima=\dimen197
\captionmargin=\dimen198
\caption@leftmargin=\dimen199
\caption@rightmargin=\dimen256
\caption@width=\dimen257
\caption@indent=\dimen258
\caption@parindent=\dimen259
\caption@hangindent=\dimen260
Package caption Info: Standard document class detected.
)
\c@caption@flags=\count328
\c@continuedfloat=\count329
Package caption Info: float package is loaded.
Package caption Info: hyperref package is loaded.
Package caption Info: longtable package is loaded.

(C:\Users\kunda\AppData\Local\Programs\MiKTeX\tex/latex/caption\ltcaption.sty
Package: ltcaption 2021/01/08 v1.4c longtable captions (AR)
))
Package hyperref Info: Option `colorlinks' set `true' on input line 35.
\c@theorem=\count330
(vehicle-circuit-graph.aux)
\openout1 = `vehicle-circuit-graph.aux'.

LaTeX Font Info:    Checking defaults for OML/cmm/m/it on input line 97.
LaTeX Font Info:    ... okay on input line 97.
LaTeX Font Info:    Checking defaults for OMS/cmsy/m/n on input line 97.
LaTeX Font Info:    ... okay on input line 97.
LaTeX Font Info:    Checking defaults for OT1/cmr/m/n on input line 97.
LaTeX Font Info:    ... okay on input line 97.
LaTeX Font Info:    Checking defaults for T1/cmr/m/n on input line 97.
LaTeX Font Info:    ... okay on input line 97.
LaTeX Font Info:    Checking defaults for TS1/cmr/m/n on input line 97.
LaTeX Font Info:    ... okay on input line 97.
LaTeX Font Info:    Checking defaults for OMX/cmex/m/n on input line 97.
LaTeX Font Info:    ... okay on input line 97.
LaTeX Font Info:    Checking defaults for U/cmr/m/n on input line 97.
LaTeX Font Info:    ... okay on input line 97.
LaTeX Font Info:    Checking defaults for PD1/pdf/m/n on input line 97.
LaTeX Font Info:    ... okay on input line 97.
LaTeX Font Info:    Checking defaults for PU/pdf/m/n on input line 97.
LaTeX Font Info:    ... okay on input line 97.

*geometry* driver: auto-detecting
*geometry* detected driver: pdftex
*geometry* verbose mode - [ preamble ] result:
* driver: pdftex
* paper: a4paper
* layout: <same size as paper>
* layoutoffset:(h,v)=(0.0pt,0.0pt)
* modes: 
* h-part:(L,W,R)=(56.9055pt, 483.69687pt, 56.9055pt)
* v-part:(T,H,B)=(56.9055pt, 731.23584pt, 56.9055pt)
* \paperwidth=597.50787pt
* \paperheight=845.04684pt
* \textwidth=483.69687pt
* \textheight=731.23584pt
* \oddsidemargin=-15.36449pt
* \evensidemargin=-15.36449pt
* \topmargin=-52.36449pt
* \headheight=12.0pt
* \headsep=25.0pt
* \topskip=10.0pt
* \footskip=30.0pt
* \marginparwidth=4.0pt
* \marginparsep=10.0pt
* \columnsep=17.07182pt
* \skip\footins=9.0pt plus 4.0pt minus 2.0pt
* \hoffset=0.0pt
* \voffset=0.0pt
* \mag=1000
* \@twocolumntrue
* \@twosidefalse
* \@mparswitchfalse
* \@reversemarginfalse
* (1in=72.27pt=25.4mm, 1cm=28.453pt)


(C:\Users\kunda\AppData\Local\Programs\MiKTeX\tex/context/base/mkii\supp-pdf.mk
ii
[Loading MPS to PDF converter (version 2006.09.02).]
\scratchcounter=\count331
\scratchdimen=\dimen261
\scratchbox=\box64
\nofMPsegments=\count332
\nofMParguments=\count333
\everyMPshowfont=\toks36
\MPscratchCnt=\count334
\MPscratchDim=\dimen262
\MPnumerator=\count335
\makeMPintoPDFobject=\count336
\everyMPtoPDFconversion=\toks37
)
(C:\Users\kunda\AppData\Local\Programs\MiKTeX\tex/latex/epstopdf-pkg\epstopdf-b
ase.sty
Package: epstopdf-base 2020-01-24 v2.11 Base part for package epstopdf
Package epstopdf-base Info: Redefining graphics rule for `.eps' on input line 4
85.

(C:\Users\kunda\AppData\Local\Programs\MiKTeX\tex/latex/00miktex\epstopdf-sys.c
fg
File: epstopdf-sys.cfg 2021/03/18 v2.0 Configuration of epstopdf for MiKTeX
))
Package hyperref Info: Link coloring ON on input line 97.
 (vehicle-circuit-graph.out) (vehicle-circuit-graph.out)
\@outlinefile=\write3
\openout3 = `vehicle-circuit-graph.out'.

Package caption Info: Begin \AtBeginDocument code.
Package caption Info: End \AtBeginDocument code.
LaTeX Font Info:    Trying to load font information for U+msa on input line 101
.

(C:\Users\kunda\AppData\Local\Programs\MiKTeX\tex/latex/amsfonts\umsa.fd
File: umsa.fd 2013/01/14 v3.01 AMS symbols A
)
LaTeX Font Info:    Trying to load font information for U+msb on input line 101
.

(C:\Users\kunda\AppData\Local\Programs\MiKTeX\tex/latex/amsfonts\umsb.fd
File: umsb.fd 2013/01/14 v3.01 AMS symbols B
)
Underfull \vbox (badness 10000) has occurred while \output is active []

 [1{C:/Users/kunda/AppData/Local/MiKTeX/fonts/map/pdftex/pdftex.map}


]
Underfull \hbox (badness 10000) in paragraph at lines 128--129
 []\T1/cmr/bx/n/10 Vibration-based di-ag-nos-tics.[] \T1/cmr/m/n/10 Ac-celerom-
e-ters
 []


Underfull \hbox (badness 2253) in paragraph at lines 128--129
\T1/cmr/m/n/10 char-ac-ter-is-tic fre-quen-cies as-so-ci-ated with spe-cific
 []


Underfull \hbox (badness 1540) in paragraph at lines 140--141
\T1/cmr/m/n/10 information-theoretic po-ten-tial (cat-e-gor-i-cal depth)
 []


Underfull \hbox (badness 10000) in paragraph at lines 146--146
[]\T1/cmr/bx/n/14.4 Oscillatory Sys-tems in
 []

[2]
Underfull \hbox (badness 2050) in paragraph at lines 192--193
\T1/cmr/m/n/10 subsystem---a ro-tat-ing en-gine, a rolling wheel---
 []


Underfull \hbox (badness 1226) in paragraph at lines 221--221
[]\T1/cmr/bx/n/12 Partition lag and un-de-ter-mined
 []


Overfull \hbox (102.81197pt too wide) detected at line 229
[][][][]\OML/cmm/m/it/10 ^^\[] \OT1/cmr/m/n/10 = []\OMS/cmsy/m/n/10 f\OML/cmm/m
/it/10 t[] \OMS/cmsy/m/n/10 ^^@ \OML/cmm/m/it/10 t[] \OT1/cmr/m/n/10 : \OML/cmm
/m/it/10 ^^[\OT1/cmr/m/n/10 (\OML/cmm/m/it/10 t\OT1/cmr/m/n/10 )[]\OML/cmm/m/it
/10 t \OMS/cmsy/m/n/10 2 \OT1/cmr/m/n/10 (\OML/cmm/m/it/10 t[]; t[]\OT1/cmr/m/n
/10 )\OML/cmm/m/it/10 ;  t[] < \OT1/cmr/m/n/10 (\OML/cmm/m/it/10 C \OT1/cmr/m/n
/10 + 1)\OML/cmm/m/it/10 T < t[]\OMS/cmsy/m/n/10 g\OML/cmm/m/it/10 :
 []

[3]
Underfull \hbox (badness 1997) in paragraph at lines 248--250
\T1/cmr/m/n/10 By the Jaynes cor-re-spon-dence be-tween in-for-ma-
 []


Underfull \hbox (badness 3240) in paragraph at lines 289--289
[]\T1/cmr/bx/n/12 Recovery of clas-si-cal trans-port
 []


Underfull \hbox (badness 1755) in paragraph at lines 302--303
[]\T1/cmr/m/n/10 In a metal, con-duc-tion elec-trons un-dergo
 []

[4]
Underfull \hbox (badness 1057) in paragraph at lines 338--339
\T1/cmr/m/n/10 ver-sal for-mula)\T1/cmr/bx/n/10 . []\T1/cmr/m/it/10 For en-ergy
 car-ri-ers (phonons or
 []


Underfull \hbox (badness 10000) in paragraph at lines 348--348
[]\T1/cmr/bx/n/12 Temperature de-pen-dence from
 []


Underfull \hbox (badness 2680) in paragraph at lines 353--354
[]\T1/cmr/bx/n/10 Proposition 3.7 \T1/cmr/m/n/10 (Tem-per-a-ture-de-pen-dent pa
r-ti-
 []


Underfull \hbox (badness 1297) in paragraph at lines 355--356
[]\T1/cmr/bx/it/10 Phonon-mediated \T1/cmr/m/it/10 (electron-phonon, phonon-
 []


Underfull \hbox (badness 2042) in paragraph at lines 362--363
\T1/cmr/m/n/10 is pro-por-tional to the phonon num-ber $\OMS/cmsy/m/n/10 h\OML/
cmm/m/it/10 n[]\OMS/cmsy/m/n/10 i \OT1/cmr/m/n/10 =
 []

[5]
Underfull \hbox (badness 7667) in paragraph at lines 382--382
[]\T1/cmr/bx/n/14.4 Information-Theoretic Foun-
 []


Underfull \hbox (badness 3343) in paragraph at lines 388--389
[]\T1/cmr/bx/n/10 Definition 4.1 \T1/cmr/m/n/10 (Shan-non en-tropy)\T1/cmr/bx/n
/10 . []\T1/cmr/m/n/10 Let $\OT1/cmr/m/n/10 ^^F =
 []


Underfull \hbox (badness 4353) in paragraph at lines 395--396
[]\T1/cmr/bx/n/10 Theorem 4.2 \T1/cmr/m/n/10 (Jaynes cor-re-spon-dence [[][]Jay
nes[][],
 []


Underfull \hbox (badness 3895) in paragraph at lines 403--404
[]\T1/cmr/m/n/10 The max-i-mum en-tropy prin-ci-ple [[][]Jaynes[][],
 []


Underfull \hbox (badness 2057) in paragraph at lines 403--404
\T1/cmr/m/n/10 one that max-imises $\OML/cmm/m/it/10 H$\T1/cmr/m/n/10 . Max-imi
s-ing $\OML/cmm/m/it/10 H\OT1/cmr/m/n/10 (\OML/cmm/m/it/10 P\OT1/cmr/m/n/10 ) =

 []


Package hyperref Warning: Token not allowed in a PDF string (Unicode):
(hyperref)                removing `math shift' on input line 435.


Package hyperref Warning: Token not allowed in a PDF string (Unicode):
(hyperref)                removing `math shift' on input line 435.

[6]
Underfull \hbox (badness 1983) in paragraph at lines 502--502
[]\T1/cmr/bx/n/12 Inventory of os-cil-la-tory sub-sys-
 []


! Package longtable Error: longtable not in 1-column mode.

See the longtable package documentation for explanation.
Type  H <return>  for immediate help.
 ...                                              
                                                  
l.506 \begin{longtable}
                       {p{3.5cm} p{3.5cm} p{5cm}}
Try typing  <return>  to proceed.
If that doesn't work, type  X <return>  to quit.


Overfull \hbox (144.12054pt too wide) in alignment at lines 506--510
 [] [] [] 
 []


Overfull \hbox (144.12054pt too wide) in alignment at lines 510--514
 [] [] [] 
 []


Overfull \hbox (144.12054pt too wide) in alignment at lines 514--516
 [] [] [] 
 []


Underfull \hbox (badness 1292) in paragraph at lines 517--518
[]|\T1/cmr/m/n/10 Cylinder pres-sure (4-stroke at
 []


Overfull \hbox (144.12054pt too wide) in alignment at lines 516--532
 [] [] [] 
 []

[7]
Underfull \hbox (badness 1019) in paragraph at lines 549--550
[]\T1/cmr/m/it/10 Thermal com-po-nents \T1/cmr/m/n/10 (brake discs, coolant, ex
-
 []


Underfull \hbox (badness 6944) in paragraph at lines 605--607
 []\T1/cmr/bx/n/10 Acoustic cou-pling.[] \T1/cmr/m/n/10 Sound wave trans-mis-si
on
 []

[8]
Underfull \hbox (badness 1406) in paragraph at lines 652--653
\T1/cmr/m/it/10 mal cou-pling with ther-mal con-duc-tiv-ity $\OML/cmm/m/it/10 ^
^T$\T1/cmr/m/it/10 , cross-
 []


Underfull \hbox (badness 2547) in paragraph at lines 674--675
[]\T1/cmr/bx/n/10 Corollary 6.6 \T1/cmr/m/n/10 (Acous-tic con-duc-tance)\T1/cmr
/bx/n/10 . []\T1/cmr/m/it/10 For an
 []

<figures/panel_1_graph_structure.png, id=594, 1157.7654pt x 334.1283pt>
File: figures/panel_1_graph_structure.png Graphic file (type png)
<use figures/panel_1_graph_structure.png>
Package pdftex.def Info: figures/panel_1_graph_structure.png  used on input lin
e 686.
(pdftex.def)             Requested size: 483.69687pt x 139.59366pt.
[9] [10 <./figures/panel_1_graph_structure.png>]
Overfull \hbox (191.29477pt too wide) detected at line 705
[][][][]\OML/cmm/m/it/10 G[] \OT1/cmr/m/n/10 = []
 []


Overfull \hbox (1.0732pt too wide) detected at line 755
[][][][][] \OT1/cmr/m/n/10 = [] \OML/cmm/m/it/10 P[] \OMS/cmsy/m/n/10 ^^@ [] \O
ML/cmm/m/it/10 P[] \OT1/cmr/m/n/10 = [] \OML/cmm/m/it/10 G[]\OT1/cmr/m/n/10 (\O
ML/cmm/m/it/10 V[] \OMS/cmsy/m/n/10 ^^@ \OML/cmm/m/it/10 V[]\OT1/cmr/m/n/10 ) \
OMS/cmsy/m/n/10 ^^A \OML/cmm/m/it/10 k[]T [] \OT1/cmr/m/n/10 2\OML/cmm/m/it/10 
;
 []


Underfull \hbox (badness 3354) in paragraph at lines 762--763
\T1/cmr/m/n/10 cle con-sis-tency)\T1/cmr/bx/n/10 . []\T1/cmr/m/it/10 Around any
 closed loop $\OML/cmm/m/it/10 ` \OT1/cmr/m/n/10 =
 []


Overfull \hbox (6.3061pt too wide) detected at line 773
[][][][][]\OT1/cmr/m/n/10 (\OML/cmm/m/it/10 V[] \OMS/cmsy/m/n/10 ^^@ \OML/cmm/m
/it/10 V[]\OT1/cmr/m/n/10 ) = \OML/cmm/m/it/10 V[] \OMS/cmsy/m/n/10 ^^@ \OML/cm
m/m/it/10 V[] \OT1/cmr/m/n/10 + \OML/cmm/m/it/10 V[] \OMS/cmsy/m/n/10 ^^@ \OML/
cmm/m/it/10 V[] \OT1/cmr/m/n/10 + [] + \OML/cmm/m/it/10 V[] \OMS/cmsy/m/n/10 ^^
@ \OML/cmm/m/it/10 V[] \OT1/cmr/m/n/10 = 0\OML/cmm/m/it/10 :
 []

[11]
Overfull \hbox (54.92978pt too wide) detected at line 828
[][][][]\OML/cmm/b/it/10 x[]\OT1/cmr/bx/n/10 L\OML/cmm/b/it/10 x \OT1/cmr/m/n/1
0 = [] [] \OML/cmm/m/it/10 x[] \OMS/cmsy/m/n/10 ^^@ [] \OML/cmm/m/it/10 G[]x[]x
[] \OT1/cmr/m/n/10 = [] [] \OML/cmm/m/it/10 G[]\OT1/cmr/m/n/10 (\OML/cmm/m/it/1
0 x[] \OMS/cmsy/m/n/10 ^^@ \OML/cmm/m/it/10 x[]\OT1/cmr/m/n/10 )[] \OMS/cmsy/m/
n/10 ^^U \OT1/cmr/m/n/10 0\OML/cmm/m/it/10 :
 []

<figures/panel_2_kirchhoff.png, id=672, 1181.3736pt x 347.8596pt>
File: figures/panel_2_kirchhoff.png Graphic file (type png)
<use figures/panel_2_kirchhoff.png>
Package pdftex.def Info: figures/panel_2_kirchhoff.png  used on input line 839.

(pdftex.def)             Requested size: 483.69687pt x 142.42696pt.
[12] [13 <./figures/panel_2_kirchhoff.png>]
Underfull \hbox (badness 1281) in paragraph at lines 925--925
[]\T1/cmr/bx/n/12 The Haus-dorff met-ric on fuzzy
 []

<figures/panel_3_fuzzy_completion.png, id=728, 1176.3147pt x 347.8596pt>
File: figures/panel_3_fuzzy_completion.png Graphic file (type png)
<use figures/panel_3_fuzzy_completion.png>
Package pdftex.def Info: figures/panel_3_fuzzy_completion.png  used on input li
ne 954.
(pdftex.def)             Requested size: 483.69687pt x 143.03737pt.

Underfull \hbox (badness 1509) in paragraph at lines 983--984
[]\T1/cmr/bx/n/10 Observations\T1/cmr/m/n/10 : mea-sure-ments $\OML/cmm/m/it/10
 y[]$ \T1/cmr/m/n/10 at sur-face
 []


Overfull \hbox (59.37585pt too wide) detected at line 987
[][][][]\OML/cmm/m/it/10 P\OT1/cmr/m/n/10 (\OML/cmm/m/it/10 ^^[[]\OT1/cmr/m/n/1
0 (\OML/cmm/m/it/10 t \OT1/cmr/m/n/10 + ^^A\OML/cmm/m/it/10 t\OT1/cmr/m/n/10 ) 
\OMS/cmsy/m/n/10 j \OML/cmm/m/it/10 ^^[[]\OT1/cmr/m/n/10 (\OML/cmm/m/it/10 t\OT
1/cmr/m/n/10 )) = [] [] [] \OML/cmm/m/it/10 ;
 []

[14] [15 <./figures/panel_3_fuzzy_completion.png>]
Overfull \hbox (35.63245pt too wide) detected at line 992
[][][][]\OML/cmm/m/it/10 P\OT1/cmr/m/n/10 (\OML/cmm/m/it/10 y[] \OMS/cmsy/m/n/1
0 j \OML/cmm/m/it/10 ^^[[]; [] ; ^^[[]\OT1/cmr/m/n/10 ) = [] [] [] \OML/cmm/m/i
t/10 ;
 []


Overfull \hbox (31.2006pt too wide) detected at line 1016
[][][][]\OML/cmm/m/it/10 ^^N[]\OT1/cmr/m/n/10 (\OML/cmm/m/it/10 t; ^^[\OT1/cmr/
m/n/10 ) = [] \OML/cmm/m/it/10 P\OT1/cmr/m/n/10 (\OML/cmm/m/it/10 ^^[[]\OT1/cmr
/m/n/10 (0)\OML/cmm/m/it/10 ; [] ; ^^[[]\OT1/cmr/m/n/10 (\OML/cmm/m/it/10 t \OM
S/cmsy/m/n/10 ^^@ \OT1/cmr/m/n/10 ^^A\OML/cmm/m/it/10 t\OT1/cmr/m/n/10 )\OML/cm
m/m/it/10 ; ^^[[]\OT1/cmr/m/n/10 (\OML/cmm/m/it/10 t\OT1/cmr/m/n/10 ) = \OML/cm
m/m/it/10 ^^[; \OML/cmm/b/it/10 y\OT1/cmr/m/n/10 )\OML/cmm/m/it/10 ;
 []


Overfull \hbox (2.35182pt too wide) detected at line 1020
[][][][]\OML/cmm/m/it/10 ^^N[]\OT1/cmr/m/n/10 (\OML/cmm/m/it/10 t \OT1/cmr/m/n/
10 + ^^A\OML/cmm/m/it/10 t; ^^[[]\OT1/cmr/m/n/10 ) = [] \OMS/cmsy/m/n/10 ^^A \O
ML/cmm/m/it/10 P\OT1/cmr/m/n/10 (\OML/cmm/b/it/10 y\OT1/cmr/m/n/10 (\OML/cmm/m/
it/10 t \OT1/cmr/m/n/10 + ^^A\OML/cmm/m/it/10 t\OT1/cmr/m/n/10 )\OMS/cmsy/m/n/1
0 j\OML/cmm/m/it/10 ^^[[]\OT1/cmr/m/n/10 )\OML/cmm/m/it/10 ;
 []


Underfull \hbox (badness 10000) in paragraph at lines 1020--1022
\T1/cmr/m/n/10 with back-track-ing point-ers $\OML/cmm/m/it/10  []\OT1/cmr/m/n/
10 (\OML/cmm/m/it/10 t \OT1/cmr/m/n/10 + ^^A\OML/cmm/m/it/10 t; ^^[[]\OT1/cmr/m
/n/10 ) =
 []


Underfull \hbox (badness 3000) in paragraph at lines 1020--1022
[]\OT1/cmr/m/n/10 (\OML/cmm/m/it/10 t\OT1/cmr/m/n/10 ) = [][] \OML/cmm/m/it/10 
^^N[]\OT1/cmr/m/n/10 (\OML/cmm/m/it/10 t; ^^[\OT1/cmr/m/n/10 )$\T1/cmr/m/n/10 .
 The com-plex-ity is
 []


Underfull \hbox (badness 1210) in paragraph at lines 1035--1037
\T1/cmr/m/n/10 emis-sion prob-a-bil-i-ties [], which are also time-
 []


Underfull \hbox (badness 3407) in paragraph at lines 1055--1057
\T1/cmr/bx/n/10 Find\T1/cmr/m/n/10 : The com-plete fuzzy state tu-ple $[] \OT1/
cmr/m/n/10 =
 []

[16]
Overfull \hbox (19.15343pt too wide) detected at line 1076
[][][][][] \OT1/cmr/m/n/10 = [] []\OML/cmm/m/it/10 i [] \OMS/cmsy/m/n/10 O\OML/
cmm/m/it/10 ;
 []

[17]
Overfull \hbox (10.30354pt too wide) detected at line 1167
[]
 []


Underfull \hbox (badness 10000) in paragraph at lines 1174--1175
[]\T1/cmr/m/n/10 The rate of con-ver-gence is ge-o-met-ric:
 []


Overfull \hbox (94.14319pt too wide) detected at line 1190
[][][][]\OML/cmm/m/it/10 d\OT1/cmr/m/n/10 ([]\OML/cmm/m/it/10 ; []\OT1/cmr/m/n/
10 ) \OMS/cmsy/m/n/10 ^^T [] \OML/cmm/m/it/10 d\OT1/cmr/m/n/10 ([]\OML/cmm/m/it
/10 ; []\OT1/cmr/m/n/10 ) \OMS/cmsy/m/n/10 ^^T [] \OML/cmm/m/it/10 ^^U[]d\OT1/c
mr/m/n/10 ([]\OML/cmm/m/it/10 ; []\OT1/cmr/m/n/10 ) = []\OML/cmm/m/it/10 d\OT1/
cmr/m/n/10 ([]\OML/cmm/m/it/10 ; []\OT1/cmr/m/n/10 )\OML/cmm/m/it/10 :
 []


Underfull \hbox (badness 1533) in paragraph at lines 1204--1204
[]\T1/cmr/bx/n/14.4 Categorical State Prop-a-ga-
 []

[18]
<figures/panel_5_transport_propagation.png, id=876, 1172.2194pt x 334.1283pt>
File: figures/panel_5_transport_propagation.png Graphic file (type png)
<use figures/panel_5_transport_propagation.png>
Package pdftex.def Info: figures/panel_5_transport_propagation.png  used on inp
ut line 1265.
(pdftex.def)             Requested size: 483.69687pt x 137.8755pt.
 [19] [20 <./figures/panel_5_transport_propagation.png>]
Overfull \hbox (105.39326pt too wide) detected at line 1337
[][][][]\OMS/cmsy/m/n/10 A[] \OT1/cmr/m/n/10 = [] \OML/cmm/m/it/10 :
 []

[21]
<figures/panel_4_trajectory_fault.png, id=932, 1169.5695pt x 378.9357pt>
File: figures/panel_4_trajectory_fault.png Graphic file (type png)
<use figures/panel_4_trajectory_fault.png>
Package pdftex.def Info: figures/panel_4_trajectory_fault.png  used on input li
ne 1395.
(pdftex.def)             Requested size: 483.69687pt x 156.71187pt.

Overfull \hbox (1.53471pt too wide) detected at line 1420
[][][][]\OT1/cmr/m/n/10 ^^A\OML/cmm/m/it/10 V[] \OT1/cmr/m/n/10 = ^^A\OMS/cmsy/
m/n/10 H[] \OT1/cmr/m/n/10 = \OMS/cmsy/m/n/10 ^^@ [][] \OML/cmm/m/it/10 P[]\OT1
/cmr/m/n/10 (\OML/cmm/m/it/10 ^^[[]\OT1/cmr/m/n/10 ) + [][] \OML/cmm/m/it/10 P\
OT1/cmr/m/n/10 (\OML/cmm/m/it/10 ^^[[]\OT1/cmr/m/n/10 )\OML/cmm/m/it/10 :
 []


Underfull \hbox (badness 1062) in paragraph at lines 1430--1431
 []\T1/cmr/bx/n/10 Trajectory com-ple-tion.[] \T1/cmr/m/n/10 The al-go-rithm de
-tects
 []

[22] [23 <./figures/panel_4_trajectory_fault.png>]
Underfull \hbox (badness 1062) in paragraph at lines 1476--1477
 []\T1/cmr/bx/n/10 Trajectory com-ple-tion.[] \T1/cmr/m/n/10 The al-go-rithm de
-tects
 []


Underfull \hbox (badness 1062) in paragraph at lines 1496--1497
 []\T1/cmr/bx/n/10 Trajectory com-ple-tion.[] \T1/cmr/m/n/10 The al-go-rithm de
-tects
 []

[24]
Underfull \hbox (badness 1158) in paragraph at lines 1524--1525
\T1/cmr/m/n/10 [[][]Rao[][], [][]1945[][], [][]Kay[][], [][]1993[][], [][]Van T
rees[][], [][]1968[][]]. The
 []


Underfull \hbox (badness 1019) in paragraph at lines 1565--1566
[]\T1/cmr/bx/n/10 Definition 15.6 \T1/cmr/m/n/10 (Op-ti-mal ob-ser-va-tion con-
fig-u-ra-
 []


Underfull \hbox (badness 5681) in paragraph at lines 1584--1584
[]\T1/cmr/bx/n/14.4 Relation to Ex-ist-ing Ap-
 []

[25]
Underfull \hbox (badness 7133) in paragraph at lines 1620--1620
[]\T1/cmr/bx/n/12 Conservative un-cer-tainty es-ti-
 []

[26]
Underfull \hbox (badness 1184) in paragraph at lines 1648--1649
\T1/cmr/m/n/10 Viterbi al-go-rithm com-putes the most prob-a-
 []


Underfull \hbox (badness 2126) in paragraph at lines 1650--1651
[]\T1/cmr/bx/n/10 Trajectory com-ple-tion with guar-an-teed
 []

(vehicle-circuit-graph.bbl [27]
Underfull \hbox (badness 1997) in paragraph at lines 56--59
[]\T1/cmr/m/n/10 Sybren R. de Groot and Pe-ter Mazur.  \T1/cmr/m/it/10 Non-
 []

[28]) [29

] (vehicle-circuit-graph.aux)
 ***********
LaTeX2e <2025-11-01>
L3 programming layer <2026-01-19>
 ***********
Package rerunfilecheck Info: File `vehicle-circuit-graph.out' has not changed.
(rerunfilecheck)             Checksum: 82DE720FEF774ADEA4CF0AAD9BB4BCEC;16771.
 ) 
Here is how much of TeX's memory you used:
 17292 strings out of 467867
 283562 string characters out of 5418334
 755053 words of memory out of 5000000
 45531 multiletter control sequences out of 15000+600000
 656861 words of font info for 114 fonts, out of 8000000 for 9000
 1141 hyphenation exceptions out of 8191
 75i,10n,79p,3262b,705s stack positions out of 10000i,1000n,20000p,200000b,200000s
 <C:\Users\kunda\AppData\Local\MiKTeX\fonts/pk/ljfour/jknappen/ec/dpi600\ecrm
0900.pk> <C:\Users\kunda\AppData\Local\MiKTeX\fonts/pk/ljfour/jknappen/ec/dpi60
0\ecti0600.pk> <C:\Users\kunda\AppData\Local\MiKTeX\fonts/pk/ljfour/jknappen/ec
/dpi600\ecti0900.pk> <C:\Users\kunda\AppData\Local\MiKTeX\fonts/pk/ljfour/jknap
pen/ec/dpi600\ecbi0900.pk> <C:\Users\kunda\AppData\Local\MiKTeX\fonts/pk/ljfour
/jknappen/ec/dpi600\ecrm0800.pk> <C:\Users\kunda\AppData\Local\MiKTeX\fonts/pk/
ljfour/jknappen/ec/dpi600\tcrm1000.pk> <C:\Users\kunda\AppData\Local\MiKTeX\fon
ts/pk/ljfour/jknappen/ec/dpi600\ecbi1000.pk> <C:\Users\kunda\AppData\Local\MiKT
eX\fonts/pk/ljfour/jknappen/ec/dpi600\ecbx1000.pk> <C:\Users\kunda\AppData\Loca
l\MiKTeX\fonts/pk/ljfour/jknappen/ec/dpi600\ecti1000.pk> <C:\Users\kunda\AppDat
a\Local\MiKTeX\fonts/pk/ljfour/jknappen/ec/dpi600\ecbx1200.pk> <C:\Users\kunda\
AppData\Local\MiKTeX\fonts/pk/ljfour/jknappen/ec/dpi600\ecbx2074.pk> <C:\Users\
kunda\AppData\Local\MiKTeX\fonts/pk/ljfour/jknappen/ec/dpi600\ecrm1000.pk> <C:\
Users\kunda\AppData\Local\MiKTeX\fonts/pk/ljfour/jknappen/ec/dpi600\ecbx1440.pk
> <C:\Users\kunda\AppData\Local\MiKTeX\fonts/pk/ljfour/jknappen/ec/dpi600\ectt1
200.pk> <C:\Users\kunda\AppData\Local\MiKTeX\fonts/pk/ljfour/jknappen/ec/dpi600
\ecrm1200.pk> <C:\Users\kunda\AppData\Local\MiKTeX\fonts/pk/ljfour/jknappen/ec/
dpi600\ecbx1728.pk><C:/Users/kunda/AppData/Local/Programs/MiKTeX/fonts/type1/pu
blic/amsfonts/cm/cmbx10.pfb><C:/Users/kunda/AppData/Local/Programs/MiKTeX/fonts
/type1/public/amsfonts/cm/cmbx9.pfb><C:/Users/kunda/AppData/Local/Programs/MiKT
eX/fonts/type1/public/amsfonts/cm/cmex10.pfb><C:/Users/kunda/AppData/Local/Prog
rams/MiKTeX/fonts/type1/public/amsfonts/cmextra/cmex7.pfb><C:/Users/kunda/AppDa
ta/Local/Programs/MiKTeX/fonts/type1/public/amsfonts/cmextra/cmex9.pfb><C:/User
s/kunda/AppData/Local/Programs/MiKTeX/fonts/type1/public/amsfonts/cm/cmmi10.pfb
><C:/Users/kunda/AppData/Local/Programs/MiKTeX/fonts/type1/public/amsfonts/cm/c
mmi12.pfb><C:/Users/kunda/AppData/Local/Programs/MiKTeX/fonts/type1/public/amsf
onts/cm/cmmi5.pfb><C:/Users/kunda/AppData/Local/Programs/MiKTeX/fonts/type1/pub
lic/amsfonts/cm/cmmi6.pfb><C:/Users/kunda/AppData/Local/Programs/MiKTeX/fonts/t
ype1/public/amsfonts/cm/cmmi7.pfb><C:/Users/kunda/AppData/Local/Programs/MiKTeX
/fonts/type1/public/amsfonts/cm/cmmi9.pfb><C:/Users/kunda/AppData/Local/Program
s/MiKTeX/fonts/type1/public/amsfonts/cm/cmmib10.pfb><C:/Users/kunda/AppData/Loc
al/Programs/MiKTeX/fonts/type1/public/amsfonts/cmextra/cmmib7.pfb><C:/Users/kun
da/AppData/Local/Programs/MiKTeX/fonts/type1/public/amsfonts/cm/cmr10.pfb><C:/U
sers/kunda/AppData/Local/Programs/MiKTeX/fonts/type1/public/amsfonts/cm/cmr5.pf
b><C:/Users/kunda/AppData/Local/Programs/MiKTeX/fonts/type1/public/amsfonts/cm/
cmr6.pfb><C:/Users/kunda/AppData/Local/Programs/MiKTeX/fonts/type1/public/amsfo
nts/cm/cmr7.pfb><C:/Users/kunda/AppData/Local/Programs/MiKTeX/fonts/type1/publi
c/amsfonts/cm/cmr9.pfb><C:/Users/kunda/AppData/Local/Programs/MiKTeX/fonts/type
1/public/amsfonts/cm/cmsy10.pfb><C:/Users/kunda/AppData/Local/Programs/MiKTeX/f
onts/type1/public/amsfonts/cm/cmsy5.pfb><C:/Users/kunda/AppData/Local/Programs/
MiKTeX/fonts/type1/public/amsfonts/cm/cmsy6.pfb><C:/Users/kunda/AppData/Local/P
rograms/MiKTeX/fonts/type1/public/amsfonts/cm/cmsy7.pfb><C:/Users/kunda/AppData
/Local/Programs/MiKTeX/fonts/type1/public/amsfonts/cm/cmsy9.pfb><C:/Users/kunda
/AppData/Local/Programs/MiKTeX/fonts/type1/public/amsfonts/symbols/msbm10.pfb>
Output written on vehicle-circuit-graph.pdf (29 pages, 3124137 bytes).
PDF statistics:
 1967 PDF objects out of 2073 (max. 8388607)
 415 named destinations out of 1000 (max. 500000)
 666 words of extra memory for PDF output out of 10000 (max. 10000000)

