\BOOKMARK [0][-]{part.1}{\376\377\000I\000\040\000F\000o\000u\000n\000d\000a\000t\000i\000o\000n\000s}{}% 1
\BOOKMARK [1][-]{section.1}{\376\377\000I\000n\000t\000r\000o\000d\000u\000c\000t\000i\000o\000n}{part.1}% 2
\BOOKMARK [2][-]{subsection.1.1}{\376\377\000T\000h\000e\000\040\000v\000e\000h\000i\000c\000l\000e\000\040\000d\000i\000a\000g\000n\000o\000s\000t\000i\000c\000\040\000p\000r\000o\000b\000l\000e\000m}{section.1}% 3
\BOOKMARK [2][-]{subsection.1.2}{\376\377\000C\000u\000r\000r\000e\000n\000t\000\040\000a\000p\000p\000r\000o\000a\000c\000h\000e\000s\000\040\000a\000n\000d\000\040\000t\000h\000e\000i\000r\000\040\000l\000i\000m\000i\000t\000a\000t\000i\000o\000n\000s}{section.1}% 4
\BOOKMARK [2][-]{subsection.1.3}{\376\377\000T\000h\000e\000\040\000i\000n\000v\000e\000r\000s\000e\000\040\000p\000r\000o\000b\000l\000e\000m\000\040\000p\000e\000r\000s\000p\000e\000c\000t\000i\000v\000e}{section.1}% 5
\BOOKMARK [2][-]{subsection.1.4}{\376\377\000O\000v\000e\000r\000v\000i\000e\000w\000\040\000o\000f\000\040\000r\000e\000s\000u\000l\000t\000s}{section.1}% 6
\BOOKMARK [1][-]{section.2}{\376\377\000O\000s\000c\000i\000l\000l\000a\000t\000o\000r\000y\000\040\000S\000y\000s\000t\000e\000m\000s\000\040\000i\000n\000\040\000B\000o\000u\000n\000d\000e\000d\000\040\000P\000h\000a\000s\000e\000\040\000S\000p\000a\000c\000e}{part.1}% 7
\BOOKMARK [2][-]{subsection.2.1}{\376\377\000B\000o\000u\000n\000d\000e\000d\000\040\000p\000h\000a\000s\000e\000\040\000s\000p\000a\000c\000e\000\040\000a\000n\000d\000\040\000r\000e\000c\000u\000r\000r\000e\000n\000c\000e}{section.2}% 8
\BOOKMARK [2][-]{subsection.2.2}{\376\377\000C\000h\000a\000r\000a\000c\000t\000e\000r\000i\000s\000t\000i\000c\000\040\000f\000r\000e\000q\000u\000e\000n\000c\000y\000\040\000a\000n\000d\000\040\000c\000a\000t\000e\000g\000o\000r\000i\000c\000a\000l\000\040\000s\000t\000a\000t\000e\000s}{section.2}% 9
\BOOKMARK [2][-]{subsection.2.3}{\376\377\000P\000a\000r\000t\000i\000t\000i\000o\000n\000\040\000l\000a\000g\000\040\000a\000n\000d\000\040\000u\000n\000d\000e\000t\000e\000r\000m\000i\000n\000e\000d\000\040\000r\000e\000s\000i\000d\000u\000e}{section.2}% 10
\BOOKMARK [1][-]{section.3}{\376\377\000T\000h\000e\000\040\000U\000n\000i\000v\000e\000r\000s\000a\000l\000\040\000T\000r\000a\000n\000s\000p\000o\000r\000t\000\040\000F\000o\000r\000m\000u\000l\000a}{part.1}% 11
\BOOKMARK [2][-]{subsection.3.1}{\376\377\000T\000h\000e\000\040\000m\000i\000c\000r\000o\000s\000c\000o\000p\000i\000c\000\040\000p\000i\000c\000t\000u\000r\000e\000\040\000o\000f\000\040\000t\000r\000a\000n\000s\000p\000o\000r\000t}{section.3}% 12
\BOOKMARK [2][-]{subsection.3.2}{\376\377\000R\000e\000c\000o\000v\000e\000r\000y\000\040\000o\000f\000\040\000c\000l\000a\000s\000s\000i\000c\000a\000l\000\040\000t\000r\000a\000n\000s\000p\000o\000r\000t\000\040\000l\000a\000w\000s}{section.3}% 13
\BOOKMARK [2][-]{subsection.3.3}{\376\377\000T\000e\000m\000p\000e\000r\000a\000t\000u\000r\000e\000\040\000d\000e\000p\000e\000n\000d\000e\000n\000c\000e\000\040\000f\000r\000o\000m\000\040\000p\000a\000r\000t\000i\000t\000i\000o\000n\000\040\000l\000a\000g}{section.3}% 14
\BOOKMARK [1][-]{section.4}{\376\377\000I\000n\000f\000o\000r\000m\000a\000t\000i\000o\000n\000-\000T\000h\000e\000o\000r\000e\000t\000i\000c\000\040\000F\000o\000u\000n\000d\000a\000t\000i\000o\000n\000s}{part.1}% 15
\BOOKMARK [2][-]{subsection.4.1}{\376\377\000S\000h\000a\000n\000n\000o\000n\000\040\000e\000n\000t\000r\000o\000p\000y\000\040\000a\000n\000d\000\040\000i\000t\000s\000\040\000t\000h\000e\000r\000m\000o\000d\000y\000n\000a\000m\000i\000c\000\040\000c\000o\000r\000r\000e\000s\000p\000o\000n\000d\000e\000n\000c\000e}{section.4}% 16
\BOOKMARK [2][-]{subsection.4.2}{\376\377\000C\000a\000t\000e\000g\000o\000r\000i\000c\000a\000l\000\040\000d\000e\000p\000t\000h}{section.4}% 17
\BOOKMARK [2][-]{subsection.4.3}{\376\377\000S\000-\000e\000n\000t\000r\000o\000p\000y\000\040\000c\000o\000o\000r\000d\000i\000n\000a\000t\000e\000s}{section.4}% 18
\BOOKMARK [2][-]{subsection.4.4}{\376\377\000T\000r\000i\000p\000l\000e\000\040\000e\000q\000u\000i\000v\000a\000l\000e\000n\000c\000e}{section.4}% 19
\BOOKMARK [0][-]{part.2}{\376\377\000I\000I\000\040\000T\000h\000e\000\040\000V\000e\000h\000i\000c\000l\000e\000\040\000C\000i\000r\000c\000u\000i\000t\000\040\000G\000r\000a\000p\000h}{}% 20
\BOOKMARK [1][-]{section.5}{\376\377\000V\000e\000h\000i\000c\000l\000e\000\040\000S\000u\000b\000s\000y\000s\000t\000e\000m\000s\000\040\000a\000s\000\040\000O\000s\000c\000i\000l\000l\000a\000t\000o\000r\000y\000\040\000N\000o\000d\000e\000s}{part.2}% 21
\BOOKMARK [2][-]{subsection.5.1}{\376\377\000I\000n\000v\000e\000n\000t\000o\000r\000y\000\040\000o\000f\000\040\000o\000s\000c\000i\000l\000l\000a\000t\000o\000r\000y\000\040\000s\000u\000b\000s\000y\000s\000t\000e\000m\000s}{section.5}% 22
\BOOKMARK [2][-]{subsection.5.2}{\376\377\000E\000a\000c\000h\000\040\000s\000u\000b\000s\000y\000s\000t\000e\000m\000\040\000o\000c\000c\000u\000p\000i\000e\000s\000\040\000b\000o\000u\000n\000d\000e\000d\000\040\000p\000h\000a\000s\000e\000\040\000s\000p\000a\000c\000e}{section.5}% 23
\BOOKMARK [2][-]{subsection.5.3}{\376\377\000C\000a\000t\000e\000g\000o\000r\000i\000c\000a\000l\000\040\000s\000t\000a\000t\000e\000s\000\040\000o\000f\000\040\000v\000e\000h\000i\000c\000l\000e\000\040\000s\000u\000b\000s\000y\000s\000t\000e\000m\000s}{section.5}% 24
\BOOKMARK [1][-]{section.6}{\376\377\000C\000o\000u\000p\000l\000i\000n\000g\000\040\000E\000d\000g\000e\000s\000\040\000a\000n\000d\000\040\000C\000o\000n\000d\000u\000c\000t\000a\000n\000c\000e}{part.2}% 25
\BOOKMARK [2][-]{subsection.6.1}{\376\377\000T\000y\000p\000e\000s\000\040\000o\000f\000\040\000c\000o\000u\000p\000l\000i\000n\000g}{section.6}% 26
\BOOKMARK [2][-]{subsection.6.2}{\376\377\000E\000d\000g\000e\000\040\000c\000o\000n\000d\000u\000c\000t\000a\000n\000c\000e\000\040\000f\000r\000o\000m\000\040\000t\000h\000e\000\040\000u\000n\000i\000v\000e\000r\000s\000a\000l\000\040\000t\000r\000a\000n\000s\000p\000o\000r\000t\000\040\000f\000o\000r\000m\000u\000l\000a}{section.6}% 27
\BOOKMARK [2][-]{subsection.6.3}{\376\377\000T\000h\000e\000\040\000c\000o\000u\000p\000l\000i\000n\000g\000\040\000m\000a\000t\000r\000i\000x}{section.6}% 28
\BOOKMARK [1][-]{section.7}{\376\377\000K\000i\000r\000c\000h\000h\000o\000f\000f\000\040\000A\000n\000a\000l\000o\000g\000s\000\040\000f\000o\000r\000\040\000V\000e\000h\000i\000c\000l\000e\000\040\000N\000e\000t\000w\000o\000r\000k\000s}{part.2}% 29
\BOOKMARK [2][-]{subsection.7.1}{\376\377\000N\000o\000d\000e\000\040\000p\000o\000t\000e\000n\000t\000i\000a\000l\000\040\000a\000n\000d\000\040\000e\000d\000g\000e\000\040\000c\000u\000r\000r\000e\000n\000t}{section.7}% 30
\BOOKMARK [2][-]{subsection.7.2}{\376\377\000K\000i\000r\000c\000h\000h\000o\000f\000f\000'\000s\000\040\000C\000u\000r\000r\000e\000n\000t\000\040\000L\000a\000w\000\040\000a\000n\000a\000l\000o\000g}{section.7}% 31
\BOOKMARK [2][-]{subsection.7.3}{\376\377\000K\000i\000r\000c\000h\000h\000o\000f\000f\000'\000s\000\040\000V\000o\000l\000t\000a\000g\000e\000\040\000L\000a\000w\000\040\000a\000n\000a\000l\000o\000g}{section.7}% 32
\BOOKMARK [2][-]{subsection.7.4}{\376\377\000T\000h\000e\000\040\000v\000e\000h\000i\000c\000l\000e\000\040\000c\000i\000r\000c\000u\000i\000t\000\040\000e\000q\000u\000a\000t\000i\000o\000n\000s}{section.7}% 33
\BOOKMARK [1][-]{section.8}{\376\377\000F\000u\000z\000z\000y\000\040\000S\000t\000a\000t\000e\000\040\000R\000e\000p\000r\000e\000s\000e\000n\000t\000a\000t\000i\000o\000n}{part.2}% 34
\BOOKMARK [2][-]{subsection.8.1}{\376\377\000F\000u\000z\000z\000y\000\040\000m\000e\000m\000b\000e\000r\000s\000h\000i\000p\000\040\000f\000u\000n\000c\000t\000i\000o\000n\000s}{section.8}% 35
\BOOKMARK [2][-]{subsection.8.2}{\376\377\000F\000u\000z\000z\000y\000\040\000a\000r\000i\000t\000h\000m\000e\000t\000i\000c\000\040\000o\000n\000\040\000c\000i\000r\000c\000u\000i\000t\000\040\000e\000q\000u\000a\000t\000i\000o\000n\000s}{section.8}% 36
\BOOKMARK [2][-]{subsection.8.3}{\376\377\000T\000h\000e\000\040\000H\000a\000u\000s\000d\000o\000r\000f\000f\000\040\000m\000e\000t\000r\000i\000c\000\040\000o\000n\000\040\000f\000u\000z\000z\000y\000\040\000s\000t\000a\000t\000e\000\040\000s\000p\000a\000c\000e}{section.8}% 37
\BOOKMARK [0][-]{part.3}{\376\377\000I\000I\000I\000\040\000B\000a\000c\000k\000w\000a\000r\000d\000\040\000T\000r\000a\000j\000e\000c\000t\000o\000r\000y\000\040\000a\000n\000d\000\040\000S\000t\000a\000t\000e\000\040\000R\000e\000c\000o\000n\000s\000t\000r\000u\000c\000t\000i\000o\000n}{}% 38
\BOOKMARK [1][-]{section.9}{\376\377\000B\000a\000c\000k\000w\000a\000r\000d\000\040\000T\000r\000a\000j\000e\000c\000t\000o\000r\000y\000\040\000o\000n\000\040\000t\000h\000e\000\040\000V\000e\000h\000i\000c\000l\000e\000\040\000G\000r\000a\000p\000h}{part.3}% 39
\BOOKMARK [2][-]{subsection.9.1}{\376\377\000T\000h\000e\000\040\000i\000n\000f\000e\000r\000e\000n\000c\000e\000\040\000p\000r\000o\000b\000l\000e\000m}{section.9}% 40
\BOOKMARK [2][-]{subsection.9.2}{\376\377\000H\000i\000d\000d\000e\000n\000\040\000M\000a\000r\000k\000o\000v\000\040\000M\000o\000d\000e\000l\000\040\000f\000o\000r\000m\000u\000l\000a\000t\000i\000o\000n}{section.9}% 41
\BOOKMARK [2][-]{subsection.9.3}{\376\377\000T\000h\000e\000\040\000V\000i\000t\000e\000r\000b\000i\000\040\000a\000l\000g\000o\000r\000i\000t\000h\000m}{section.9}% 42
\BOOKMARK [2][-]{subsection.9.4}{\376\377\000T\000i\000m\000e\000-\000i\000n\000v\000a\000r\000i\000a\000n\000c\000e\000\040\000o\000f\000\040\000t\000h\000e\000\040\000b\000a\000c\000k\000w\000a\000r\000d\000\040\000t\000r\000a\000j\000e\000c\000t\000o\000r\000y}{section.9}% 43
\BOOKMARK [1][-]{section.10}{\376\377\000T\000r\000a\000j\000e\000c\000t\000o\000r\000y\000\040\000C\000o\000m\000p\000l\000e\000t\000i\000o\000n\000\040\000A\000l\000g\000o\000r\000i\000t\000h\000m}{part.3}% 44
\BOOKMARK [2][-]{subsection.10.1}{\376\377\000P\000r\000o\000b\000l\000e\000m\000\040\000s\000t\000a\000t\000e\000m\000e\000n\000t}{section.10}% 45
\BOOKMARK [2][-]{subsection.10.2}{\376\377\000T\000h\000e\000\040\000t\000h\000r\000e\000e\000-\000s\000t\000e\000p\000\040\000i\000t\000e\000r\000a\000t\000i\000o\000n}{section.10}% 46
\BOOKMARK [2][-]{subsection.10.3}{\376\377\000C\000o\000n\000v\000e\000r\000g\000e\000n\000c\000e\000\040\000a\000n\000a\000l\000y\000s\000i\000s}{section.10}% 47
\BOOKMARK [1][-]{section.11}{\376\377\000C\000a\000t\000e\000g\000o\000r\000i\000c\000a\000l\000\040\000S\000t\000a\000t\000e\000\040\000P\000r\000o\000p\000a\000g\000a\000t\000i\000o\000n}{part.3}% 48
\BOOKMARK [2][-]{subsection.11.1}{\376\377\000I\000n\000f\000o\000r\000m\000a\000t\000i\000o\000n\000\040\000p\000r\000o\000p\000a\000g\000a\000t\000i\000o\000n\000\040\000v\000e\000l\000o\000c\000i\000t\000y}{section.11}% 49
\BOOKMARK [2][-]{subsection.11.2}{\376\377\000P\000r\000o\000p\000a\000g\000a\000t\000i\000o\000n\000\040\000v\000e\000l\000o\000c\000i\000t\000i\000e\000s\000\040\000f\000o\000r\000\040\000d\000i\000f\000f\000e\000r\000e\000n\000t\000\040\000c\000o\000u\000p\000l\000i\000n\000g\000\040\000t\000y\000p\000e\000s}{section.11}% 50
\BOOKMARK [0][-]{part.4}{\376\377\000I\000V\000\040\000A\000p\000p\000l\000i\000c\000a\000t\000i\000o\000n\000s\000\040\000t\000o\000\040\000V\000e\000h\000i\000c\000l\000e\000\040\000D\000i\000a\000g\000n\000o\000s\000t\000i\000c\000s}{}% 51
\BOOKMARK [1][-]{section.12}{\376\377\000O\000b\000s\000e\000r\000v\000a\000b\000l\000e\000\040\000S\000i\000g\000n\000a\000l\000s\000\040\000a\000t\000\040\000t\000h\000e\000\040\000V\000e\000h\000i\000c\000l\000e\000\040\000S\000u\000r\000f\000a\000c\000e}{part.4}% 52
\BOOKMARK [2][-]{subsection.12.1}{\376\377\000S\000u\000r\000f\000a\000c\000e\000\040\000o\000b\000s\000e\000r\000v\000a\000t\000i\000o\000n\000\040\000m\000o\000d\000a\000l\000i\000t\000i\000e\000s}{section.12}% 53
\BOOKMARK [2][-]{subsection.12.2}{\376\377\000T\000h\000e\000\040\000o\000b\000s\000e\000r\000v\000a\000t\000i\000o\000n\000\040\000m\000o\000d\000e\000l}{section.12}% 54
\BOOKMARK [1][-]{section.13}{\376\377\000F\000a\000u\000l\000t\000\040\000D\000e\000t\000e\000c\000t\000i\000o\000n\000\040\000a\000s\000\040\000T\000r\000a\000j\000e\000c\000t\000o\000r\000y\000\040\000E\000s\000c\000a\000p\000e}{part.4}% 55
\BOOKMARK [2][-]{subsection.13.1}{\376\377\000T\000h\000e\000\040\000h\000e\000a\000l\000t\000h\000y\000\040\000a\000t\000t\000r\000a\000c\000t\000o\000r}{section.13}% 56
\BOOKMARK [2][-]{subsection.13.2}{\376\377\000F\000a\000u\000l\000t\000\040\000d\000e\000t\000e\000c\000t\000i\000o\000n}{section.13}% 57
\BOOKMARK [2][-]{subsection.13.3}{\376\377\000F\000a\000u\000l\000t\000\040\000d\000i\000a\000g\000n\000o\000s\000i\000s}{section.13}% 58
\BOOKMARK [2][-]{subsection.13.4}{\376\377\000F\000a\000u\000l\000t\000\040\000p\000r\000o\000g\000n\000o\000s\000i\000s}{section.13}% 59
\BOOKMARK [1][-]{section.14}{\376\377\000D\000i\000a\000g\000n\000o\000s\000t\000i\000c\000\040\000E\000x\000a\000m\000p\000l\000e\000s}{part.4}% 60
\BOOKMARK [2][-]{subsection.14.1}{\376\377\000E\000n\000g\000i\000n\000e\000\040\000m\000i\000s\000f\000i\000r\000e\000\040\000d\000e\000t\000e\000c\000t\000i\000o\000n}{section.14}% 61
\BOOKMARK [2][-]{subsection.14.2}{\376\377\000B\000e\000a\000r\000i\000n\000g\000\040\000w\000e\000a\000r\000\040\000p\000r\000o\000g\000r\000e\000s\000s\000i\000o\000n}{section.14}% 62
\BOOKMARK [2][-]{subsection.14.3}{\376\377\000E\000l\000e\000c\000t\000r\000i\000c\000a\000l\000\040\000s\000y\000s\000t\000e\000m\000\040\000f\000a\000u\000l\000t}{section.14}% 63
\BOOKMARK [2][-]{subsection.14.4}{\376\377\000B\000r\000a\000k\000e\000\040\000f\000a\000d\000e}{section.14}% 64
\BOOKMARK [1][-]{section.15}{\376\377\000S\000e\000n\000s\000i\000t\000i\000v\000i\000t\000y\000\040\000a\000n\000d\000\040\000R\000e\000s\000o\000l\000u\000t\000i\000o\000n}{part.4}% 65
\BOOKMARK [2][-]{subsection.15.1}{\376\377\000F\000i\000s\000h\000e\000r\000\040\000i\000n\000f\000o\000r\000m\000a\000t\000i\000o\000n\000\040\000o\000f\000\040\000s\000u\000r\000f\000a\000c\000e\000\040\000o\000b\000s\000e\000r\000v\000a\000t\000i\000o\000n\000s}{section.15}% 66
\BOOKMARK [2][-]{subsection.15.2}{\376\377\000D\000e\000p\000e\000n\000d\000e\000n\000c\000e\000\040\000o\000n\000\040\000o\000b\000s\000e\000r\000v\000a\000t\000i\000o\000n\000\040\000c\000o\000n\000f\000i\000g\000u\000r\000a\000t\000i\000o\000n}{section.15}% 67
\BOOKMARK [2][-]{subsection.15.3}{\376\377\000O\000p\000t\000i\000m\000a\000l\000\040\000s\000e\000n\000s\000o\000r\000\040\000p\000l\000a\000c\000e\000m\000e\000n\000t}{section.15}% 68
\BOOKMARK [0][-]{part.5}{\376\377\000V\000\040\000D\000i\000s\000c\000u\000s\000s\000i\000o\000n\000\040\000a\000n\000d\000\040\000C\000o\000n\000c\000l\000u\000s\000i\000o\000n}{}% 69
\BOOKMARK [1][-]{section.16}{\376\377\000R\000e\000l\000a\000t\000i\000o\000n\000\040\000t\000o\000\040\000E\000x\000i\000s\000t\000i\000n\000g\000\040\000A\000p\000p\000r\000o\000a\000c\000h\000e\000s}{part.5}% 70
\BOOKMARK [2][-]{subsection.16.1}{\376\377\000O\000n\000-\000b\000o\000a\000r\000d\000\040\000d\000i\000a\000g\000n\000o\000s\000t\000i\000c\000s\000\040\000\050\000O\000B\000D\000\051}{section.16}% 71
\BOOKMARK [2][-]{subsection.16.2}{\376\377\000V\000i\000b\000r\000a\000t\000i\000o\000n\000-\000b\000a\000s\000e\000d\000\040\000d\000i\000a\000g\000n\000o\000s\000t\000i\000c\000s}{section.16}% 72
\BOOKMARK [2][-]{subsection.16.3}{\376\377\000M\000o\000d\000e\000l\000-\000b\000a\000s\000e\000d\000\040\000d\000i\000a\000g\000n\000o\000s\000t\000i\000c\000s}{section.16}% 73
\BOOKMARK [1][-]{section.17}{\376\377\000L\000i\000m\000i\000t\000a\000t\000i\000o\000n\000s}{part.5}% 74
\BOOKMARK [2][-]{subsection.17.1}{\376\377\000G\000r\000a\000p\000h\000\040\000t\000o\000p\000o\000l\000o\000g\000y\000\040\000m\000u\000s\000t\000\040\000b\000e\000\040\000k\000n\000o\000w\000n}{section.17}% 75
\BOOKMARK [2][-]{subsection.17.2}{\376\377\000C\000o\000n\000d\000u\000c\000t\000a\000n\000c\000e\000\040\000c\000a\000l\000i\000b\000r\000a\000t\000i\000o\000n}{section.17}% 76
\BOOKMARK [2][-]{subsection.17.3}{\376\377\000C\000o\000n\000s\000e\000r\000v\000a\000t\000i\000v\000e\000\040\000u\000n\000c\000e\000r\000t\000a\000i\000n\000t\000y\000\040\000e\000s\000t\000i\000m\000a\000t\000e\000s}{section.17}% 77
\BOOKMARK [2][-]{subsection.17.4}{\376\377\000N\000o\000n\000-\000a\000u\000t\000o\000n\000o\000m\000o\000u\000s\000\040\000e\000f\000f\000e\000c\000t\000s}{section.17}% 78
\BOOKMARK [2][-]{subsection.17.5}{\376\377\000N\000o\000n\000l\000i\000n\000e\000a\000r\000\040\000e\000f\000f\000e\000c\000t\000s}{section.17}% 79
\BOOKMARK [1][-]{section.18}{\376\377\000C\000o\000n\000c\000l\000u\000s\000i\000o\000n}{part.5}% 80
