\BOOKMARK [0][-]{part.1}{\376\377\000I\000\040\000F\000o\000u\000n\000d\000a\000t\000i\000o\000n\000s}{}% 1
\BOOKMARK [1][-]{section.1}{\376\377\000I\000n\000t\000r\000o\000d\000u\000c\000t\000i\000o\000n}{part.1}% 2
\BOOKMARK [1][-]{section.2}{\376\377\000T\000h\000e\000\040\000B\000a\000h\000r\000a\000i\000n\000\040\000I\000n\000t\000e\000r\000n\000a\000t\000i\000o\000n\000a\000l\000\040\000C\000i\000r\000c\000u\000i\000t}{part.1}% 3
\BOOKMARK [2][-]{subsection.2.1}{\376\377\000O\000v\000e\000r\000a\000l\000l\000\040\000l\000a\000y\000o\000u\000t\000\040\000a\000n\000d\000\040\000h\000i\000s\000t\000o\000r\000y}{section.2}% 4
\BOOKMARK [2][-]{subsection.2.2}{\376\377\000T\000u\000r\000n\000-\000b\000y\000-\000t\000u\000r\000n\000\040\000g\000e\000o\000m\000e\000t\000r\000y}{section.2}% 5
\BOOKMARK [2][-]{subsection.2.3}{\376\377\000S\000t\000r\000a\000i\000g\000h\000t\000s\000\040\000a\000n\000d\000\040\000D\000R\000S\000\040\000z\000o\000n\000e\000s}{section.2}% 6
\BOOKMARK [2][-]{subsection.2.4}{\376\377\000T\000r\000a\000c\000k\000\040\000a\000n\000d\000\040\000a\000t\000m\000o\000s\000p\000h\000e\000r\000i\000c\000\040\000c\000o\000n\000d\000i\000t\000i\000o\000n\000s\000\040\000f\000o\000r\000\040\000r\000e\000f\000e\000r\000e\000n\000c\000e}{section.2}% 7
\BOOKMARK [1][-]{section.3}{\376\377\000V\000e\000h\000i\000c\000l\000e\000\040\000D\000y\000n\000a\000m\000i\000c\000s\000\040\000F\000o\000u\000n\000d\000a\000t\000i\000o\000n}{part.1}% 8
\BOOKMARK [2][-]{subsection.3.1}{\376\377\000T\000h\000e\000\040\000F\000o\000r\000m\000u\000l\000a\000\040\000O\000n\000e\000\040\000c\000a\000r\000\040\000a\000s\000\040\000a\000\040\000c\000o\000n\000s\000t\000r\000a\000i\000n\000e\000d\000\040\000d\000y\000n\000a\000m\000i\000c\000a\000l\000\040\000s\000y\000s\000t\000e\000m}{section.3}% 9
\BOOKMARK [2][-]{subsection.3.2}{\376\377\000H\000i\000l\000l\040\023\000K\000e\000l\000l\000e\000r\000-\000s\000t\000y\000l\000e\000\040\000e\000n\000e\000r\000g\000e\000t\000i\000c\000s}{section.3}% 10
\BOOKMARK [2][-]{subsection.3.3}{\376\377\000E\000x\000p\000o\000n\000e\000n\000t\000i\000a\000l\000\040\000a\000p\000p\000r\000o\000a\000c\000h\000\040\000t\000o\000\040\000t\000e\000r\000m\000i\000n\000a\000l\000\040\000v\000e\000l\000o\000c\000i\000t\000y}{section.3}% 11
\BOOKMARK [2][-]{subsection.3.4}{\376\377\000T\000i\000m\000e\000\040\000t\000o\000\040\000f\000r\000a\000c\000t\000i\000o\000n\000a\000l\000\040\000v\000e\000l\000o\000c\000i\000t\000y}{section.3}% 12
\BOOKMARK [2][-]{subsection.3.5}{\376\377\000D\000i\000s\000t\000a\000n\000c\000e\000\040\000t\000o\000\040\000f\000r\000a\000c\000t\000i\000o\000n\000a\000l\000\040\000v\000e\000l\000o\000c\000i\000t\000y}{section.3}% 13
\BOOKMARK [1][-]{section.4}{\376\377\000C\000o\000r\000n\000e\000r\000\040\000P\000e\000n\000a\000l\000t\000y\000\040\000F\000r\000a\000m\000e\000w\000o\000r\000k}{part.1}% 14
\BOOKMARK [2][-]{subsection.4.1}{\376\377\000M\000a\000x\000i\000m\000u\000m\000\040\000c\000o\000r\000n\000e\000r\000i\000n\000g\000\040\000s\000p\000e\000e\000d\000\040\000f\000r\000o\000m\000\040\000t\000h\000e\000\040\000f\000r\000i\000c\000t\000i\000o\000n\000\040\000b\000u\000d\000g\000e\000t}{section.4}% 15
\BOOKMARK [2][-]{subsection.4.2}{\376\377\000S\000t\000e\000a\000d\000y\000-\000s\000t\000a\000t\000e\000\040\000c\000o\000r\000n\000e\000r\000i\000n\000g\000\040\000s\000p\000e\000e\000d}{section.4}% 16
\BOOKMARK [2][-]{subsection.4.3}{\376\377\000M\000u\000r\000e\000i\000k\000a\000-\000s\000t\000y\000l\000e\000\040\000r\000a\000d\000i\000u\000s\000-\000d\000e\000p\000e\000n\000d\000e\000n\000t\000\040\000p\000e\000n\000a\000l\000t\000y}{section.4}% 17
\BOOKMARK [2][-]{subsection.4.4}{\376\377\000T\000i\000m\000e\000\040\000p\000e\000n\000a\000l\000t\000y\000\040\000o\000f\000\040\000a\000\040\000c\000o\000r\000n\000e\000r}{section.4}% 18
\BOOKMARK [1][-]{section.5}{\376\377\000M\000u\000l\000t\000i\000-\000S\000c\000a\000l\000e\000\040\000O\000s\000c\000i\000l\000l\000a\000t\000o\000r\000y\000\040\000C\000o\000u\000p\000l\000i\000n\000g\000\040\000i\000n\000\040\000F\000o\000r\000m\000u\000l\000a\000\040\000O\000n\000e}{part.1}% 19
\BOOKMARK [2][-]{subsection.5.1}{\376\377\000W\000h\000y\000\040\000c\000o\000u\000p\000l\000i\000n\000g\000\040\000m\000a\000t\000t\000e\000r\000s\000\040\000f\000o\000r\000\040\000l\000a\000p\000\040\000t\000i\000m\000e}{section.5}% 20
\BOOKMARK [2][-]{subsection.5.2}{\376\377\000T\000h\000e\000\040\0001\0005\000-\000s\000c\000a\000l\000e\000\040\000h\000i\000e\000r\000a\000r\000c\000h\000y}{section.5}% 21
\BOOKMARK [2][-]{subsection.5.3}{\376\377\000I\000n\000t\000e\000r\000-\000s\000c\000a\000l\000e\000\040\000c\000o\000u\000p\000l\000i\000n\000g}{section.5}% 22
\BOOKMARK [2][-]{subsection.5.4}{\376\377\000C\000r\000i\000t\000i\000c\000a\000l\000\040\000c\000o\000u\000p\000l\000i\000n\000g\000\040\000t\000h\000r\000e\000s\000h\000o\000l\000d\000s\000\040\000f\000o\000r\000\040\000l\000a\000p\000\040\000p\000e\000r\000f\000o\000r\000m\000a\000n\000c\000e}{section.5}% 23
\BOOKMARK [2][-]{subsection.5.5}{\376\377\000I\000m\000p\000l\000i\000c\000a\000t\000i\000o\000n\000s\000\040\000f\000o\000r\000\040\000l\000a\000p\000\040\000t\000i\000m\000e}{section.5}% 24
\BOOKMARK [1][-]{section.6}{\376\377\000E\000n\000e\000r\000g\000y\000\040\000S\000y\000s\000t\000e\000m\000s\000\040\000A\000n\000a\000l\000y\000s\000i\000s}{part.1}% 25
\BOOKMARK [2][-]{subsection.6.1}{\376\377\000E\000n\000e\000r\000g\000y\000\040\000s\000u\000p\000p\000l\000y\000\040\000p\000e\000r\000\040\000l\000a\000p}{section.6}% 26
\BOOKMARK [2][-]{subsection.6.2}{\376\377\000E\000n\000e\000r\000g\000y\000\040\000d\000e\000m\000a\000n\000d\000\040\000p\000e\000r\000\040\000l\000a\000p}{section.6}% 27
\BOOKMARK [2][-]{subsection.6.3}{\376\377\000O\000p\000t\000i\000m\000a\000l\000\040\000E\000R\000S\000\040\000d\000e\000p\000l\000o\000y\000m\000e\000n\000t}{section.6}% 28
\BOOKMARK [2][-]{subsection.6.4}{\376\377\000F\000u\000e\000l\000-\000l\000o\000a\000d\000\040\000e\000f\000f\000e\000c\000t\000\040\000o\000n\000\040\000q\000u\000a\000l\000i\000f\000y\000i\000n\000g}{section.6}% 29
\BOOKMARK [1][-]{section.7}{\376\377\000T\000i\000r\000e\000\040\000G\000r\000i\000p\000\040\000C\000o\000n\000s\000t\000r\000a\000i\000n\000t\000s}{part.1}% 30
\BOOKMARK [2][-]{subsection.7.1}{\376\377\000F\000r\000i\000c\000t\000i\000o\000n\000-\000c\000o\000e\000f\000f\000i\000c\000i\000e\000n\000t\000\040\000m\000o\000d\000e\000l\000l\000i\000n\000g}{section.7}% 31
\BOOKMARK [2][-]{subsection.7.2}{\376\377\000D\000o\000w\000n\000f\000o\000r\000c\000e\000-\000d\000e\000p\000e\000n\000d\000e\000n\000t\000\040\000e\000f\000f\000e\000c\000t\000i\000v\000e\000\040\000g\000r\000i\000p}{section.7}% 32
\BOOKMARK [2][-]{subsection.7.3}{\376\377\000T\000i\000r\000e\000\040\000d\000e\000g\000r\000a\000d\000a\000t\000i\000o\000n\000\040\000o\000v\000e\000r\000\040\000a\000\040\000s\000t\000i\000n\000t}{section.7}% 33
\BOOKMARK [2][-]{subsection.7.4}{\376\377\000S\000l\000i\000p\000\040\000a\000n\000d\000\040\000t\000h\000e\000r\000m\000a\000l\000\040\000c\000o\000u\000p\000l\000i\000n\000g}{section.7}% 34
\BOOKMARK [1][-]{section.8}{\376\377\000T\000h\000e\000\040\000F\000i\000v\000e\000\040\000F\000u\000n\000d\000a\000m\000e\000n\000t\000a\000l\000\040\000C\000o\000n\000s\000t\000r\000a\000i\000n\000t\000s}{part.1}% 35
\BOOKMARK [1][-]{section.9}{\376\377\000C\000o\000n\000s\000t\000r\000a\000i\000n\000t\000\040\000I\000n\000t\000e\000r\000s\000e\000c\000t\000i\000o\000n\000\040\000a\000n\000d\000\040\000t\000h\000e\000\040\000T\000h\000e\000o\000r\000e\000t\000i\000c\000a\000l\000\040\000M\000i\000n\000i\000m\000u\000m}{part.1}% 36
\BOOKMARK [2][-]{subsection.9.1}{\376\377\000M\000i\000n\000i\000m\000u\000m\000-\000t\000i\000m\000e\000\040\000o\000p\000t\000i\000m\000a\000l\000\040\000c\000o\000n\000t\000r\000o\000l\000\040\000p\000r\000o\000b\000l\000e\000m}{section.9}% 37
\BOOKMARK [2][-]{subsection.9.2}{\376\377\000E\000u\000l\000e\000r\040\023\000L\000a\000g\000r\000a\000n\000g\000e\000\040\000a\000n\000a\000l\000y\000s\000i\000s}{section.9}% 38
\BOOKMARK [2][-]{subsection.9.3}{\376\377\000B\000a\000h\000r\000a\000i\000n\000\040\000l\000a\000p\000\040\000d\000e\000c\000o\000m\000p\000o\000s\000i\000t\000i\000o\000n}{section.9}% 39
\BOOKMARK [2][-]{subsection.9.4}{\376\377\000N\000u\000m\000e\000r\000i\000c\000a\000l\000\040\000i\000n\000t\000e\000g\000r\000a\000t\000i\000o\000n}{section.9}% 40
\BOOKMARK [2][-]{subsection.9.5}{\376\377\000M\000a\000i\000n\000\040\000r\000e\000s\000u\000l\000t}{section.9}% 41
\BOOKMARK [2][-]{subsection.9.6}{\376\377\000C\000o\000m\000p\000u\000t\000a\000t\000i\000o\000n\000a\000l\000\040\000v\000a\000l\000i\000d\000a\000t\000i\000o\000n\000\040\000o\000f\000\040\000t\000h\000e\000\040\000m\000a\000i\000n\000\040\000r\000e\000s\000u\000l\000t}{section.9}% 42
\BOOKMARK [2][-]{subsection.9.7}{\376\377\000V\000a\000l\000i\000d\000a\000t\000i\000o\000n\000\040\000a\000g\000a\000i\000n\000s\000t\000\040\000t\000h\000e\000\040\0002\0000\0002\0003\000\040\000q\000u\000a\000l\000i\000f\000y\000i\000n\000g\000\040\000r\000e\000c\000o\000r\000d}{section.9}% 43
\BOOKMARK [0][-]{part.2}{\376\377\000I\000I\000\040\000V\000a\000l\000i\000d\000a\000t\000i\000o\000n}{}% 44
\BOOKMARK [1][-]{section.10}{\376\377\000H\000i\000s\000t\000o\000r\000i\000c\000a\000l\000\040\000L\000a\000p\000-\000T\000i\000m\000e\000\040\000P\000r\000o\000g\000r\000e\000s\000s\000i\000o\000n}{part.2}% 45
\BOOKMARK [2][-]{subsection.10.1}{\376\377\000B\000a\000h\000r\000a\000i\000n\000\040\000p\000o\000l\000e\000-\000p\000o\000s\000i\000t\000i\000o\000n\000\040\000r\000e\000c\000o\000r\000d\000\040\0002\0000\0000\0004\040\023\0002\0000\0002\0003}{section.10}% 46
\BOOKMARK [2][-]{subsection.10.2}{\376\377\000I\000n\000t\000e\000r\000p\000r\000e\000t\000a\000t\000i\000o\000n}{section.10}% 47
\BOOKMARK [1][-]{section.11}{\376\377\000E\000x\000t\000r\000e\000m\000e\000-\000V\000a\000l\000u\000e\000\040\000A\000n\000a\000l\000y\000s\000i\000s}{part.2}% 48
\BOOKMARK [2][-]{subsection.11.1}{\376\377\000G\000u\000m\000b\000e\000l\000\040\000d\000i\000s\000t\000r\000i\000b\000u\000t\000i\000o\000n\000\040\000o\000f\000\040\000l\000a\000p\000-\000t\000i\000m\000e\000\040\000m\000i\000n\000i\000m\000a}{section.11}% 49
\BOOKMARK [2][-]{subsection.11.2}{\376\377\000M\000L\000E\000\040\000f\000i\000t\000\040\000t\000o\000\040\0002\0000\0000\0004\040\023\0002\0000\0002\0003\000\040\000p\000o\000l\000e\000\040\000t\000i\000m\000e\000s}{section.11}% 50
\BOOKMARK [2][-]{subsection.11.3}{\376\377\000R\000e\000g\000u\000l\000a\000t\000i\000o\000n\000-\000s\000p\000e\000c\000i\000f\000i\000c\000\040\000s\000u\000b\000-\000s\000a\000m\000p\000l\000e\000s}{section.11}% 51
\BOOKMARK [2][-]{subsection.11.4}{\376\377\000E\000x\000p\000e\000c\000t\000e\000d\000\040\000w\000a\000i\000t\000i\000n\000g\000\040\000t\000i\000m\000e\000\040\000f\000o\000r\000\040\000a\000\040\000s\000u\000b\000-\0001\000:\0002\0009\000.\0000\000\040\000r\000e\000c\000o\000r\000d}{section.11}% 52
\BOOKMARK [1][-]{section.12}{\376\377\000P\000a\000r\000a\000m\000e\000t\000e\000r\000\040\000S\000e\000n\000s\000i\000t\000i\000v\000i\000t\000y}{part.2}% 53
\BOOKMARK [2][-]{subsection.12.1}{\376\377\000S\000e\000t\000u\000p}{section.12}% 54
\BOOKMARK [2][-]{subsection.12.2}{\376\377\000M\000o\000n\000t\000e\000\040\000C\000a\000r\000l\000o\000\040\000r\000e\000s\000u\000l\000t\000s}{section.12}% 55
\BOOKMARK [2][-]{subsection.12.3}{\376\377\000S\000e\000n\000s\000i\000t\000i\000v\000i\000t\000i\000e\000s}{section.12}% 56
\BOOKMARK [2][-]{subsection.12.4}{\376\377\000V\000a\000r\000i\000a\000n\000c\000e\000\040\000d\000e\000c\000o\000m\000p\000o\000s\000i\000t\000i\000o\000n}{section.12}% 57
\BOOKMARK [0][-]{part.3}{\376\377\000I\000I\000I\000\040\000D\000i\000s\000c\000u\000s\000s\000i\000o\000n}{}% 58
\BOOKMARK [1][-]{section.13}{\376\377\000W\000h\000y\000\040\0002\0000\0002\0003\000\040\000I\000s\000\040\000N\000e\000a\000r\000\040\000t\000h\000e\000\040\000L\000i\000m\000i\000t}{part.3}% 59
\BOOKMARK [1][-]{section.14}{\376\377\000E\000n\000g\000i\000n\000e\000e\000r\000i\000n\000g\000\040\000I\000m\000p\000l\000i\000c\000a\000t\000i\000o\000n\000s}{part.3}% 60
\BOOKMARK [1][-]{section.15}{\376\377\000G\000e\000n\000e\000r\000a\000l\000i\000s\000a\000t\000i\000o\000n\000\040\000t\000o\000\040\000O\000t\000h\000e\000r\000\040\000C\000i\000r\000c\000u\000i\000t\000s}{part.3}% 61
\BOOKMARK [1][-]{section.16}{\376\377\000C\000o\000n\000c\000l\000u\000s\000i\000o\000n}{part.3}% 62
\BOOKMARK [1][-]{appendix.A}{\376\377\000N\000u\000m\000e\000r\000i\000c\000a\000l\000\040\000p\000a\000r\000a\000m\000e\000t\000e\000r\000\040\000r\000e\000f\000e\000r\000e\000n\000c\000e}{part.3}% 63
\BOOKMARK [1][-]{appendix.B}{\376\377\000C\000l\000o\000s\000e\000d\000-\000f\000o\000r\000m\000\040\000r\000e\000s\000u\000l\000t\000s}{part.3}% 64
\BOOKMARK [1][-]{appendix.C}{\376\377\000M\000o\000n\000t\000e\000\040\000C\000a\000r\000l\000o\000\040\000a\000l\000g\000o\000r\000i\000t\000h\000m}{part.3}% 65
