This is pdfTeX, Version 3.141592653-2.6-1.40.29 (MiKTeX 26.2) (preloaded format=pdflatex 2026.3.20)  19 APR 2026 14:27
entering extended mode
 restricted \write18 enabled.
 %&-line parsing enabled.
**./high-velocity-vehicle-intent-decomposition.tex
(high-velocity-vehicle-intent-decomposition.tex
LaTeX2e <2025-11-01>
L3 programming layer <2026-01-19>
(C:\Users\kunda\AppData\Local\Programs\MiKTeX\tex/latex/base\article.cls
Document Class: article 2025/01/22 v1.4n Standard LaTeX document class
(C:\Users\kunda\AppData\Local\Programs\MiKTeX\tex/latex/base\size11.clo
File: size11.clo 2025/01/22 v1.4n Standard LaTeX file (size option)
)
\c@part=\count275
\c@section=\count276
\c@subsection=\count277
\c@subsubsection=\count278
\c@paragraph=\count279
\c@subparagraph=\count280
\c@figure=\count281
\c@table=\count282
\abovecaptionskip=\skip49
\belowcaptionskip=\skip50
\bibindent=\dimen148
)
(C:\Users\kunda\AppData\Local\Programs\MiKTeX\tex/latex/geometry\geometry.sty
Package: geometry 2026/03/07 v6.0 Page Geometry

(C:\Users\kunda\AppData\Local\Programs\MiKTeX\tex/latex/graphics\keyval.sty
Package: keyval 2022/05/29 v1.15 key=value parser (DPC)
\KV@toks@=\toks17
)
(C:\Users\kunda\AppData\Local\Programs\MiKTeX\tex/generic/iftex\ifvtex.sty
Package: ifvtex 2019/10/25 v1.7 ifvtex legacy package. Use iftex instead.

(C:\Users\kunda\AppData\Local\Programs\MiKTeX\tex/generic/iftex\iftex.sty
Package: iftex 2024/12/12 v1.0g TeX engine tests
))
\Gm@cnth=\count283
\Gm@cntv=\count284
\c@Gm@tempcnt=\count285
\Gm@bindingoffset=\dimen149
\Gm@wd@mp=\dimen150
\Gm@odd@mp=\dimen151
\Gm@even@mp=\dimen152
\Gm@layoutwidth=\dimen153
\Gm@layoutheight=\dimen154
\Gm@layouthoffset=\dimen155
\Gm@layoutvoffset=\dimen156
\Gm@dimlist=\toks18

(C:\Users\kunda\AppData\Local\Programs\MiKTeX\tex/latex/geometry\geometry.cfg))
(C:\Users\kunda\AppData\Local\Programs\MiKTeX\tex/latex/base\fontenc.sty
Package: fontenc 2025/07/18 v2.1d Standard LaTeX package
)
(C:\Users\kunda\AppData\Local\Programs\MiKTeX\tex/latex/lm\lmodern.sty
Package: lmodern 2015/05/01 v1.6.1 Latin Modern Fonts
LaTeX Font Info:    Overwriting symbol font `operators' in version `normal'
(Font)                  OT1/cmr/m/n --> OT1/lmr/m/n on input line 22.
LaTeX Font Info:    Overwriting symbol font `letters' in version `normal'
(Font)                  OML/cmm/m/it --> OML/lmm/m/it on input line 23.
LaTeX Font Info:    Overwriting symbol font `symbols' in version `normal'
(Font)                  OMS/cmsy/m/n --> OMS/lmsy/m/n on input line 24.
LaTeX Font Info:    Overwriting symbol font `largesymbols' in version `normal'
(Font)                  OMX/cmex/m/n --> OMX/lmex/m/n on input line 25.
LaTeX Font Info:    Overwriting symbol font `operators' in version `bold'
(Font)                  OT1/cmr/bx/n --> OT1/lmr/bx/n on input line 26.
LaTeX Font Info:    Overwriting symbol font `letters' in version `bold'
(Font)                  OML/cmm/b/it --> OML/lmm/b/it on input line 27.
LaTeX Font Info:    Overwriting symbol font `symbols' in version `bold'
(Font)                  OMS/cmsy/b/n --> OMS/lmsy/b/n on input line 28.
LaTeX Font Info:    Overwriting symbol font `largesymbols' in version `bold'
(Font)                  OMX/cmex/m/n --> OMX/lmex/m/n on input line 29.
LaTeX Font Info:    Overwriting math alphabet `\mathbf' in version `normal'
(Font)                  OT1/cmr/bx/n --> OT1/lmr/bx/n on input line 31.
LaTeX Font Info:    Overwriting math alphabet `\mathsf' in version `normal'
(Font)                  OT1/cmss/m/n --> OT1/lmss/m/n on input line 32.
LaTeX Font Info:    Overwriting math alphabet `\mathit' in version `normal'
(Font)                  OT1/cmr/m/it --> OT1/lmr/m/it on input line 33.
LaTeX Font Info:    Overwriting math alphabet `\mathtt' in version `normal'
(Font)                  OT1/cmtt/m/n --> OT1/lmtt/m/n on input line 34.
LaTeX Font Info:    Overwriting math alphabet `\mathbf' in version `bold'
(Font)                  OT1/cmr/bx/n --> OT1/lmr/bx/n on input line 35.
LaTeX Font Info:    Overwriting math alphabet `\mathsf' in version `bold'
(Font)                  OT1/cmss/bx/n --> OT1/lmss/bx/n on input line 36.
LaTeX Font Info:    Overwriting math alphabet `\mathit' in version `bold'
(Font)                  OT1/cmr/bx/it --> OT1/lmr/bx/it on input line 37.
LaTeX Font Info:    Overwriting math alphabet `\mathtt' in version `bold'
(Font)                  OT1/cmtt/m/n --> OT1/lmtt/m/n on input line 38.
)
(C:\Users\kunda\AppData\Local\Programs\MiKTeX\tex/latex/amsmath\amsmath.sty
Package: amsmath 2025/07/09 v2.17z AMS math features
\@mathmargin=\skip51

For additional information on amsmath, use the `?' option.
(C:\Users\kunda\AppData\Local\Programs\MiKTeX\tex/latex/amsmath\amstext.sty
Package: amstext 2024/11/17 v2.01 AMS text

(C:\Users\kunda\AppData\Local\Programs\MiKTeX\tex/latex/amsmath\amsgen.sty
File: amsgen.sty 1999/11/30 v2.0 generic functions
\@emptytoks=\toks19
\ex@=\dimen157
))
(C:\Users\kunda\AppData\Local\Programs\MiKTeX\tex/latex/amsmath\amsbsy.sty
Package: amsbsy 1999/11/29 v1.2d Bold Symbols
\pmbraise@=\dimen158
)
(C:\Users\kunda\AppData\Local\Programs\MiKTeX\tex/latex/amsmath\amsopn.sty
Package: amsopn 2022/04/08 v2.04 operator names
)
\inf@bad=\count286
LaTeX Info: Redefining \frac on input line 233.
\uproot@=\count287
\leftroot@=\count288
LaTeX Info: Redefining \overline on input line 398.
LaTeX Info: Redefining \colon on input line 409.
\classnum@=\count289
\DOTSCASE@=\count290
LaTeX Info: Redefining \ldots on input line 495.
LaTeX Info: Redefining \dots on input line 498.
LaTeX Info: Redefining \cdots on input line 619.
\Mathstrutbox@=\box53
\strutbox@=\box54
LaTeX Info: Redefining \big on input line 721.
LaTeX Info: Redefining \Big on input line 722.
LaTeX Info: Redefining \bigg on input line 723.
LaTeX Info: Redefining \Bigg on input line 724.
\big@size=\dimen159
LaTeX Font Info:    Redeclaring font encoding OML on input line 742.
LaTeX Font Info:    Redeclaring font encoding OMS on input line 743.
\macc@depth=\count291
LaTeX Info: Redefining \bmod on input line 904.
LaTeX Info: Redefining \pmod on input line 909.
LaTeX Info: Redefining \smash on input line 939.
LaTeX Info: Redefining \relbar on input line 969.
LaTeX Info: Redefining \Relbar on input line 970.
\c@MaxMatrixCols=\count292
\dotsspace@=\muskip17
\c@parentequation=\count293
\dspbrk@lvl=\count294
\tag@help=\toks20
\row@=\count295
\column@=\count296
\maxfields@=\count297
\andhelp@=\toks21
\eqnshift@=\dimen160
\alignsep@=\dimen161
\tagshift@=\dimen162
\tagwidth@=\dimen163
\totwidth@=\dimen164
\lineht@=\dimen165
\@envbody=\toks22
\multlinegap=\skip52
\multlinetaggap=\skip53
\mathdisplay@stack=\toks23
LaTeX Info: Redefining \[ on input line 2950.
LaTeX Info: Redefining \] on input line 2951.
)
(C:\Users\kunda\AppData\Local\Programs\MiKTeX\tex/latex/amsfonts\amssymb.sty
Package: amssymb 2013/01/14 v3.01 AMS font symbols

(C:\Users\kunda\AppData\Local\Programs\MiKTeX\tex/latex/amsfonts\amsfonts.sty
Package: amsfonts 2013/01/14 v3.01 Basic AMSFonts support
\symAMSa=\mathgroup4
\symAMSb=\mathgroup5
LaTeX Font Info:    Redeclaring math symbol \hbar on input line 98.
LaTeX Font Info:    Overwriting math alphabet `\mathfrak' in version `bold'
(Font)                  U/euf/m/n --> U/euf/b/n on input line 106.
)) (C:\Users\kunda\AppData\Local\Programs\MiKTeX\tex/latex/amscls\amsthm.sty
Package: amsthm 2020/05/29 v2.20.6
\thm@style=\toks24
\thm@bodyfont=\toks25
\thm@headfont=\toks26
\thm@notefont=\toks27
\thm@headpunct=\toks28
\thm@preskip=\skip54
\thm@postskip=\skip55
\thm@headsep=\skip56
\dth@everypar=\toks29
)
(C:\Users\kunda\AppData\Local\Programs\MiKTeX\tex/latex/mathtools\mathtools.sty
Package: mathtools 2024/10/04 v1.31 mathematical typesetting tools
(C:\Users\kunda\AppData\Local\Programs\MiKTeX\tex/latex/tools\calc.sty
Package: calc 2025/03/01 v4.3b Infix arithmetic (KKT,FJ)
\calc@Acount=\count298
\calc@Bcount=\count299
\calc@Adimen=\dimen166
\calc@Bdimen=\dimen167
\calc@Askip=\skip57
\calc@Bskip=\skip58
LaTeX Info: Redefining \setlength on input line 86.
LaTeX Info: Redefining \addtolength on input line 87.
\calc@Ccount=\count300
\calc@Cskip=\skip59
)
(C:\Users\kunda\AppData\Local\Programs\MiKTeX\tex/latex/mathtools\mhsetup.sty
Package: mhsetup 2021/03/18 v1.4 programming setup (MH)
)
\g_MT_multlinerow_int=\count301
\l_MT_multwidth_dim=\dimen168
\origjot=\skip60
\l_MT_shortvdotswithinadjustabove_dim=\dimen169
\l_MT_shortvdotswithinadjustbelow_dim=\dimen170
\l_MT_above_intertext_sep=\dimen171
\l_MT_below_intertext_sep=\dimen172
\l_MT_above_shortintertext_sep=\dimen173
\l_MT_below_shortintertext_sep=\dimen174
\xmathstrut@box=\box55
\xmathstrut@dim=\dimen175
) (C:\Users\kunda\AppData\Local\Programs\MiKTeX\tex/latex/tools\bm.sty
Package: bm 2025/10/21 v1.2g Bold Symbol Support (DPC/FMi)
\symboldoperators=\mathgroup6
\symboldletters=\mathgroup7
\symboldsymbols=\mathgroup8
Package bm Info: No bold for \OMX/lmex/m/n, using \pmb.
Package bm Info: No bold for \U/msa/m/n, using \pmb.
Package bm Info: No bold for \U/msb/m/n, using \pmb.
LaTeX Font Info:    Redeclaring math alphabet \mathbf on input line 149.
)
(C:\Users\kunda\AppData\Local\Programs\MiKTeX\tex/latex/graphics\graphicx.sty
Package: graphicx 2024/12/31 v1.2e Enhanced LaTeX Graphics (DPC,SPQR)

(C:\Users\kunda\AppData\Local\Programs\MiKTeX\tex/latex/graphics\graphics.sty
Package: graphics 2024/08/06 v1.4g Standard LaTeX Graphics (DPC,SPQR)

(C:\Users\kunda\AppData\Local\Programs\MiKTeX\tex/latex/graphics\trig.sty
Package: trig 2023/12/02 v1.11 sin cos tan (DPC)
)
(C:\Users\kunda\AppData\Local\Programs\MiKTeX\tex/latex/graphics-cfg\graphics.c
fg
File: graphics.cfg 2016/06/04 v1.11 sample graphics configuration
)
Package graphics Info: Driver file: pdftex.def on input line 106.

(C:\Users\kunda\AppData\Local\Programs\MiKTeX\tex/latex/graphics-def\pdftex.def
File: pdftex.def 2025/09/29 v1.2d Graphics/color driver for pdftex
))
\Gin@req@height=\dimen176
\Gin@req@width=\dimen177
)
(C:\Users\kunda\AppData\Local\Programs\MiKTeX\tex/latex/booktabs\booktabs.sty
Package: booktabs 2020/01/12 v1.61803398 Publication quality tables
\heavyrulewidth=\dimen178
\lightrulewidth=\dimen179
\cmidrulewidth=\dimen180
\belowrulesep=\dimen181
\belowbottomsep=\dimen182
\aboverulesep=\dimen183
\abovetopsep=\dimen184
\cmidrulesep=\dimen185
\cmidrulekern=\dimen186
\defaultaddspace=\dimen187
\@cmidla=\count302
\@cmidlb=\count303
\@aboverulesep=\dimen188
\@belowrulesep=\dimen189
\@thisruleclass=\count304
\@lastruleclass=\count305
\@thisrulewidth=\dimen190
)
(C:\Users\kunda\AppData\Local\Programs\MiKTeX\tex/latex/tools\array.sty
Package: array 2025/09/25 v2.6n Tabular extension package (FMi)
\col@sep=\dimen191
\ar@mcellbox=\box56
\extrarowheight=\dimen192
\NC@list=\toks30
\extratabsurround=\skip61
\backup@length=\skip62
\ar@cellbox=\box57
)
(C:\Users\kunda\AppData\Local\Programs\MiKTeX\tex/latex/multirow\multirow.sty
Package: multirow 2024/11/12 v2.9 Span multiple rows of a table
\multirow@colwidth=\skip63
\multirow@cntb=\count306
\multirow@dima=\skip64
\bigstrutjot=\dimen193
)
(C:\Users\kunda\AppData\Local\Programs\MiKTeX\tex/latex/xcolor\xcolor.sty
Package: xcolor 2024/09/29 v3.02 LaTeX color extensions (UK)

(C:\Users\kunda\AppData\Local\Programs\MiKTeX\tex/latex/graphics-cfg\color.cfg
File: color.cfg 2016/01/02 v1.6 sample color configuration
)
Package xcolor Info: Driver file: pdftex.def on input line 274.
(C:\Users\kunda\AppData\Local\Programs\MiKTeX\tex/latex/graphics\mathcolor.ltx)
Package xcolor Info: Model `cmy' substituted by `cmy0' on input line 1349.
Package xcolor Info: Model `hsb' substituted by `rgb' on input line 1353.
Package xcolor Info: Model `RGB' extended on input line 1365.
Package xcolor Info: Model `HTML' substituted by `rgb' on input line 1367.
Package xcolor Info: Model `Hsb' substituted by `hsb' on input line 1368.
Package xcolor Info: Model `tHsb' substituted by `hsb' on input line 1369.
Package xcolor Info: Model `HSB' substituted by `hsb' on input line 1370.
Package xcolor Info: Model `Gray' substituted by `gray' on input line 1371.
Package xcolor Info: Model `wave' substituted by `hsb' on input line 1372.
) (C:\Users\kunda\AppData\Local\Programs\MiKTeX\tex/latex/hyperref\hyperref.sty
Package: hyperref 2026-01-29 v7.01p Hypertext links for LaTeX

(C:\Users\kunda\AppData\Local\Programs\MiKTeX\tex/latex/kvsetkeys\kvsetkeys.sty
Package: kvsetkeys 2022-10-05 v1.19 Key value parser (HO)
)
(C:\Users\kunda\AppData\Local\Programs\MiKTeX\tex/generic/kvdefinekeys\kvdefine
keys.sty
Package: kvdefinekeys 2019-12-19 v1.6 Define keys (HO)
)
(C:\Users\kunda\AppData\Local\Programs\MiKTeX\tex/generic/pdfescape\pdfescape.s
ty
Package: pdfescape 2019/12/09 v1.15 Implements pdfTeX's escape features (HO)

(C:\Users\kunda\AppData\Local\Programs\MiKTeX\tex/generic/ltxcmds\ltxcmds.sty
Package: ltxcmds 2023-12-04 v1.26 LaTeX kernel commands for general use (HO)
)
(C:\Users\kunda\AppData\Local\Programs\MiKTeX\tex/generic/pdftexcmds\pdftexcmds
.sty
Package: pdftexcmds 2020-06-27 v0.33 Utility functions of pdfTeX for LuaTeX (HO
)

(C:\Users\kunda\AppData\Local\Programs\MiKTeX\tex/generic/infwarerr\infwarerr.s
ty
Package: infwarerr 2019/12/03 v1.5 Providing info/warning/error messages (HO)
)
Package pdftexcmds Info: \pdf@primitive is available.
Package pdftexcmds Info: \pdf@ifprimitive is available.
Package pdftexcmds Info: \pdfdraftmode found.
))
(C:\Users\kunda\AppData\Local\Programs\MiKTeX\tex/latex/hycolor\hycolor.sty
Package: hycolor 2020-01-27 v1.10 Color options for hyperref/bookmark (HO)
)
(C:\Users\kunda\AppData\Local\Programs\MiKTeX\tex/latex/hyperref\nameref.sty
Package: nameref 2026-01-29 v2.58 Cross-referencing by name of section

(C:\Users\kunda\AppData\Local\Programs\MiKTeX\tex/latex/refcount\refcount.sty
Package: refcount 2019/12/15 v3.6 Data extraction from label references (HO)
)
(C:\Users\kunda\AppData\Local\Programs\MiKTeX\tex/generic/gettitlestring\gettit
lestring.sty
Package: gettitlestring 2019/12/15 v1.6 Cleanup title references (HO)

(C:\Users\kunda\AppData\Local\Programs\MiKTeX\tex/latex/kvoptions\kvoptions.sty
Package: kvoptions 2022-06-15 v3.15 Key value format for package options (HO)
))
\c@section@level=\count307
)
(C:\Users\kunda\AppData\Local\Programs\MiKTeX\tex/latex/etoolbox\etoolbox.sty
Package: etoolbox 2025/10/02 v2.5m e-TeX tools for LaTeX (JAW)
\etb@tempcnta=\count308
)
(C:\Users\kunda\AppData\Local\Programs\MiKTeX\tex/generic/stringenc\stringenc.s
ty
Package: stringenc 2019/11/29 v1.12 Convert strings between diff. encodings (HO
)
)
\@linkdim=\dimen194
\Hy@linkcounter=\count309
\Hy@pagecounter=\count310
 (C:\Users\kunda\AppData\Local\Programs\MiKTeX\tex/latex/hyperref\pd1enc.def
File: pd1enc.def 2026-01-29 v7.01p Hyperref: PDFDocEncoding definition (HO)
Now handling font encoding PD1 ...
... no UTF-8 mapping file for font encoding PD1
) (C:\Users\kunda\AppData\Local\Programs\MiKTeX\tex/generic/intcalc\intcalc.sty
Package: intcalc 2019/12/15 v1.3 Expandable calculations with integers (HO)
)
\Hy@SavedSpaceFactor=\count311
 (C:\Users\kunda\AppData\Local\Programs\MiKTeX\tex/latex/hyperref\puenc.def
File: puenc.def 2026-01-29 v7.01p Hyperref: PDF Unicode definition (HO)
Now handling font encoding PU ...
... no UTF-8 mapping file for font encoding PU
)
Package hyperref Info: Hyper figures OFF on input line 4201.
Package hyperref Info: Link nesting OFF on input line 4206.
Package hyperref Info: Hyper index ON on input line 4209.
Package hyperref Info: Plain pages OFF on input line 4216.
Package hyperref Info: Backreferencing OFF on input line 4221.
Package hyperref Info: Implicit mode ON; LaTeX internals redefined.
Package hyperref Info: Bookmarks ON on input line 4468.
\c@Hy@tempcnt=\count312

(C:\Users\kunda\AppData\Local\Programs\MiKTeX\tex/latex/url\url.sty
\Urlmuskip=\muskip18
Package: url 2013/09/16  ver 3.4  Verb mode for urls, etc.
)
LaTeX Info: Redefining \url on input line 4807.
\XeTeXLinkMargin=\dimen195

(C:\Users\kunda\AppData\Local\Programs\MiKTeX\tex/generic/bitset\bitset.sty
Package: bitset 2019/12/09 v1.3 Handle bit-vector datatype (HO)

(C:\Users\kunda\AppData\Local\Programs\MiKTeX\tex/generic/bigintcalc\bigintcalc
.sty
Package: bigintcalc 2019/12/15 v1.5 Expandable calculations on big integers (HO
)
))
\Fld@menulength=\count313
\Field@Width=\dimen196
\Fld@charsize=\dimen197
Package hyperref Info: Hyper figures OFF on input line 6084.
Package hyperref Info: Link nesting OFF on input line 6089.
Package hyperref Info: Hyper index ON on input line 6092.
Package hyperref Info: backreferencing OFF on input line 6099.
Package hyperref Info: Link coloring OFF on input line 6104.
Package hyperref Info: Link coloring with OCG OFF on input line 6109.
Package hyperref Info: PDF/A mode OFF on input line 6114.
\Hy@abspage=\count314
\c@Item=\count315
\c@Hfootnote=\count316
)
Package hyperref Info: Driver (autodetected): hpdftex.

(C:\Users\kunda\AppData\Local\Programs\MiKTeX\tex/latex/hyperref\hpdftex.def
File: hpdftex.def 2026-01-29 v7.01p Hyperref driver for pdfTeX
\Fld@listcount=\count317
\c@bookmark@seq@number=\count318

(C:\Users\kunda\AppData\Local\Programs\MiKTeX\tex/latex/rerunfilecheck\rerunfil
echeck.sty
Package: rerunfilecheck 2025-06-21 v1.11 Rerun checks for auxiliary files (HO)

(C:\Users\kunda\AppData\Local\Programs\MiKTeX\tex/generic/uniquecounter\uniquec
ounter.sty
Package: uniquecounter 2019/12/15 v1.4 Provide unlimited unique counter (HO)
)
Package uniquecounter Info: New unique counter `rerunfilecheck' on input line 2
84.
)
\Hy@SectionHShift=\skip65
)
(C:\Users\kunda\AppData\Local\Programs\MiKTeX\tex/latex/cite\cite.sty
LaTeX Info: Redefining \cite on input line 302.
LaTeX Info: Redefining \nocite on input line 332.
Package: cite 2015/02/27  v 5.5
)
(C:\Users\kunda\AppData\Local\Programs\MiKTeX\tex/latex/enumitem\enumitem.sty
Package: enumitem 2025/02/06 v3.11 Customized lists
\labelindent=\skip66
\enit@outerparindent=\dimen198
\enit@toks=\toks31
\enit@inbox=\box58
\enit@count@id=\count319
\enitdp@description=\count320
)
(C:\Users\kunda\AppData\Local\Programs\MiKTeX\tex/latex/microtype\microtype.sty
Package: microtype 2026/03/01 v3.2d Micro-typographical refinements (RS)
\MT@toks=\toks32
\MT@tempbox=\box59
\MT@count=\count321
LaTeX Info: Redefining \noprotrusionifhmode on input line 1084.
LaTeX Info: Redefining \leftprotrusion on input line 1085.
\MT@prot@toks=\toks33
LaTeX Info: Redefining \rightprotrusion on input line 1104.
LaTeX Info: Redefining \textls on input line 1449.
\MT@outer@kern=\dimen199
LaTeX Info: Redefining \microtypecontext on input line 2053.
LaTeX Info: Redefining \textmicrotypecontext on input line 2070.
\MT@listname@count=\count322

(C:\Users\kunda\AppData\Local\Programs\MiKTeX\tex/latex/microtype\microtype-pdf
tex.def
File: microtype-pdftex.def 2026/03/01 v3.2d Definitions specific to pdftex (RS)

LaTeX Info: Redefining \lsstyle on input line 944.
LaTeX Info: Redefining \lslig on input line 944.
\MT@outer@space=\skip67
)
Package microtype Info: Loading configuration file microtype.cfg.

(C:\Users\kunda\AppData\Local\Programs\MiKTeX\tex/latex/microtype\microtype.cfg
File: microtype.cfg 2026/03/01 v3.2d microtype main configuration file (RS)
)
LaTeX Info: Redefining \microtypesetup on input line 3065.
) (C:\Users\kunda\AppData\Local\Programs\MiKTeX\tex/latex/siunitx\siunitx.sty
Package: siunitx 2025-07-09 v3.4.14 A comprehensive (SI) units package
\l__siunitx_number_uncert_offset_int=\count323
\l__siunitx_number_exponent_fixed_int=\count324
\l__siunitx_number_min_decimal_int=\count325
\l__siunitx_number_min_integer_int=\count326
\l__siunitx_number_round_precision_int=\count327
\l__siunitx_number_lower_threshold_int=\count328
\l__siunitx_number_upper_threshold_int=\count329
\l__siunitx_number_group_first_int=\count330
\l__siunitx_number_group_size_int=\count331
\l__siunitx_number_group_minimum_int=\count332
\l__siunitx_angle_tmp_dim=\dimen256
\l__siunitx_angle_marker_box=\box60
\l__siunitx_angle_unit_box=\box61
\l__siunitx_compound_count_int=\count333

(C:\Users\kunda\AppData\Local\Programs\MiKTeX\tex/latex/translations\translatio
ns.sty
Package: translations 2022/02/05 v1.12 internationalization of LaTeX2e packages
 (CN)
)
\l__siunitx_table_tmp_box=\box62
\l__siunitx_table_tmp_dim=\dimen257
\l__siunitx_table_column_width_dim=\dimen258
\l__siunitx_table_integer_box=\box63
\l__siunitx_table_decimal_box=\box64
\l__siunitx_table_uncert_box=\box65
\l__siunitx_table_before_box=\box66
\l__siunitx_table_after_box=\box67
\l__siunitx_table_before_dim=\dimen259
\l__siunitx_table_carry_dim=\dimen260
\l__siunitx_unit_tmp_int=\count334
\l__siunitx_unit_position_int=\count335
\l__siunitx_unit_total_int=\count336
)
(C:\Users\kunda\AppData\Local\Programs\MiKTeX\tex/latex/algorithms\algorithm.st
y
Package: algorithm 2009/08/24 v0.1 Document Style `algorithm' - floating enviro
nment
 (C:\Users\kunda\AppData\Local\Programs\MiKTeX\tex/latex/float\float.sty
Package: float 2001/11/08 v1.3d Float enhancements (AL)
\c@float@type=\count337
\float@exts=\toks34
\float@box=\box68
\@float@everytoks=\toks35
\@floatcapt=\box69
)
(C:\Users\kunda\AppData\Local\Programs\MiKTeX\tex/latex/base\ifthen.sty
Package: ifthen 2024/03/16 v1.1e Standard LaTeX ifthen package (DPC)
)
\@float@every@algorithm=\toks36
\c@algorithm=\count338
)
(C:\Users\kunda\AppData\Local\Programs\MiKTeX\tex/latex/algorithmicx\algpseudoc
ode.sty
Package: algpseudocode 

(C:\Users\kunda\AppData\Local\Programs\MiKTeX\tex/latex/algorithmicx\algorithmi
cx.sty
Package: algorithmicx 2005/04/27 v1.2 Algorithmicx

Document Style algorithmicx 1.2 - a greatly improved `algorithmic' style
\c@ALG@line=\count339
\c@ALG@rem=\count340
\c@ALG@nested=\count341
\ALG@tlm=\skip68
\ALG@thistlm=\skip69
\c@ALG@Lnr=\count342
\c@ALG@blocknr=\count343
\c@ALG@storecount=\count344
\c@ALG@tmpcounter=\count345
\ALG@tmplength=\skip70
)
Document Style - pseudocode environments for use with the `algorithmicx' style
) (C:\Users\kunda\AppData\Local\Programs\MiKTeX\tex/latex/caption\caption.sty
Package: caption 2023/08/05 v3.6o Customizing captions (AR)

(C:\Users\kunda\AppData\Local\Programs\MiKTeX\tex/latex/caption\caption3.sty
Package: caption3 2023/07/31 v2.4d caption3 kernel (AR)
\caption@tempdima=\dimen261
\captionmargin=\dimen262
\caption@leftmargin=\dimen263
\caption@rightmargin=\dimen264
\caption@width=\dimen265
\caption@indent=\dimen266
\caption@parindent=\dimen267
\caption@hangindent=\dimen268
Package caption Info: Standard document class detected.
)
\c@caption@flags=\count346
\c@continuedfloat=\count347
Package caption Info: float package is loaded.
Package caption Info: hyperref package is loaded.
)
\c@theorem=\count348
Package translations Info: No language package found. I am going to use `englis
h' as default language. on input line 95.
LaTeX Font Info:    Trying to load font information for T1+lmr on input line 95
.

(C:\Users\kunda\AppData\Local\Programs\MiKTeX\tex/latex/lm\t1lmr.fd
File: t1lmr.fd 2015/05/01 v1.6.1 Font defs for Latin Modern
)
(C:\Users\kunda\AppData\Local\Programs\MiKTeX\tex/latex/l3backend\l3backend-pdf
tex.def
File: l3backend-pdftex.def 2025-10-09 L3 backend support: PDF output (pdfTeX)
\l__color_backend_stack_int=\count349
) (high-velocity-vehicle-intent-decomposition.aux)
\openout1 = `high-velocity-vehicle-intent-decomposition.aux'.

LaTeX Font Info:    Checking defaults for OML/cmm/m/it on input line 95.
LaTeX Font Info:    ... okay on input line 95.
LaTeX Font Info:    Checking defaults for OMS/cmsy/m/n on input line 95.
LaTeX Font Info:    ... okay on input line 95.
LaTeX Font Info:    Checking defaults for OT1/cmr/m/n on input line 95.
LaTeX Font Info:    ... okay on input line 95.
LaTeX Font Info:    Checking defaults for T1/cmr/m/n on input line 95.
LaTeX Font Info:    ... okay on input line 95.
LaTeX Font Info:    Checking defaults for TS1/cmr/m/n on input line 95.
LaTeX Font Info:    ... okay on input line 95.
LaTeX Font Info:    Checking defaults for OMX/cmex/m/n on input line 95.
LaTeX Font Info:    ... okay on input line 95.
LaTeX Font Info:    Checking defaults for U/cmr/m/n on input line 95.
LaTeX Font Info:    ... okay on input line 95.
LaTeX Font Info:    Checking defaults for PD1/pdf/m/n on input line 95.
LaTeX Font Info:    ... okay on input line 95.
LaTeX Font Info:    Checking defaults for PU/pdf/m/n on input line 95.
LaTeX Font Info:    ... okay on input line 95.

*geometry* driver: auto-detecting
*geometry* detected driver: pdftex
*geometry* verbose mode - [ preamble ] result:
* driver: pdftex
* paper: <default>
* layout: <same size as paper>
* layoutoffset:(h,v)=(0.0pt,0.0pt)
* modes: 
* h-part:(L,W,R)=(65.04256pt, 484.20988pt, 65.04256pt)
* v-part:(T,H,B)=(65.04256pt, 664.88487pt, 65.04256pt)
* \paperwidth=614.295pt
* \paperheight=794.96999pt
* \textwidth=484.20988pt
* \textheight=664.88487pt
* \oddsidemargin=-7.22743pt
* \evensidemargin=-7.22743pt
* \topmargin=-44.22743pt
* \headheight=12.0pt
* \headsep=25.0pt
* \topskip=11.0pt
* \footskip=30.0pt
* \marginparwidth=4.0pt
* \marginparsep=10.0pt
* \columnsep=25.29494pt
* \skip\footins=10.0pt plus 4.0pt minus 2.0pt
* \hoffset=0.0pt
* \voffset=0.0pt
* \mag=1000
* \@twocolumntrue
* \@twosidefalse
* \@mparswitchfalse
* \@reversemarginfalse
* (1in=72.27pt=25.4mm, 1cm=28.453pt)


(C:\Users\kunda\AppData\Local\Programs\MiKTeX\tex/context/base/mkii\supp-pdf.mk
ii
[Loading MPS to PDF converter (version 2006.09.02).]
\scratchcounter=\count350
\scratchdimen=\dimen269
\scratchbox=\box70
\nofMPsegments=\count351
\nofMParguments=\count352
\everyMPshowfont=\toks37
\MPscratchCnt=\count353
\MPscratchDim=\dimen270
\MPnumerator=\count354
\makeMPintoPDFobject=\count355
\everyMPtoPDFconversion=\toks38
)
(C:\Users\kunda\AppData\Local\Programs\MiKTeX\tex/latex/epstopdf-pkg\epstopdf-b
ase.sty
Package: epstopdf-base 2020-01-24 v2.11 Base part for package epstopdf
Package epstopdf-base Info: Redefining graphics rule for `.eps' on input line 4
85.

(C:\Users\kunda\AppData\Local\Programs\MiKTeX\tex/latex/00miktex\epstopdf-sys.c
fg
File: epstopdf-sys.cfg 2021/03/18 v2.0 Configuration of epstopdf for MiKTeX
))
Package hyperref Info: Link coloring OFF on input line 95.
 (high-velocity-vehicle-intent-decomposition.out)
(high-velocity-vehicle-intent-decomposition.out)
\@outlinefile=\write3
\openout3 = `high-velocity-vehicle-intent-decomposition.out'.

LaTeX Info: Redefining \microtypecontext on input line 95.
Package microtype Info: Applying patch `item' on input line 95.
Package microtype Info: Applying patch `toc' on input line 95.
Package microtype Info: Applying patch `eqnum' on input line 95.
Package microtype Info: Applying patch `footnote' on input line 95.
Package microtype Info: Applying patch `verbatim' on input line 95.
LaTeX Info: Redefining \microtypesetup on input line 95.
Package microtype Info: Generating PDF output.
Package microtype Info: Character protrusion enabled (level 2).
Package microtype Info: Using default protrusion set `alltext'.
Package microtype Info: Automatic font expansion enabled (level 2),
(microtype)             stretch: 20, shrink: 20, step: 1, non-selected.
Package microtype Info: Using default expansion set `alltext-nott'.
Package microtype Info: Patching command `\showhyphens'.
Package microtype Info: No adjustment of tracking.
Package microtype Info: No adjustment of interword spacing.
Package microtype Info: No adjustment of character kerning.

(C:\Users\kunda\AppData\Local\Programs\MiKTeX\tex/latex/microtype\mt-cmr.cfg
File: mt-cmr.cfg 2013/05/19 v2.2 microtype config. file: Computer Modern Roman 
(RS)
)
(C:\Users\kunda\AppData\Local\Programs\MiKTeX\tex/latex/translations/dicts\tran
slations-basic-dictionary-english.trsl
File: translations-basic-dictionary-english.trsl (english translation file `tra
nslations-basic-dictionary')
)
Package translations Info: loading dictionary `translations-basic-dictionary' f
or `english'. on input line 95.
Package caption Info: Begin \AtBeginDocument code.
Package caption Info: End \AtBeginDocument code.
LaTeX Font Info:    Trying to load font information for OT1+lmr on input line 1
04.

(C:\Users\kunda\AppData\Local\Programs\MiKTeX\tex/latex/lm\ot1lmr.fd
File: ot1lmr.fd 2015/05/01 v1.6.1 Font defs for Latin Modern
)
LaTeX Font Info:    Trying to load font information for OML+lmm on input line 1
04.

(C:\Users\kunda\AppData\Local\Programs\MiKTeX\tex/latex/lm\omllmm.fd
File: omllmm.fd 2015/05/01 v1.6.1 Font defs for Latin Modern
)
LaTeX Font Info:    Trying to load font information for OMS+lmsy on input line 
104.

(C:\Users\kunda\AppData\Local\Programs\MiKTeX\tex/latex/lm\omslmsy.fd
File: omslmsy.fd 2015/05/01 v1.6.1 Font defs for Latin Modern
)
LaTeX Font Info:    Trying to load font information for OMX+lmex on input line 
104.

(C:\Users\kunda\AppData\Local\Programs\MiKTeX\tex/latex/lm\omxlmex.fd
File: omxlmex.fd 2015/05/01 v1.6.1 Font defs for Latin Modern
)
LaTeX Font Info:    External font `lmex10' loaded for size
(Font)              <12> on input line 104.
LaTeX Font Info:    External font `lmex10' loaded for size
(Font)              <8> on input line 104.
LaTeX Font Info:    External font `lmex10' loaded for size
(Font)              <6> on input line 104.
LaTeX Font Info:    Trying to load font information for U+msa on input line 104
.

(C:\Users\kunda\AppData\Local\Programs\MiKTeX\tex/latex/amsfonts\umsa.fd
File: umsa.fd 2013/01/14 v3.01 AMS symbols A
)
(C:\Users\kunda\AppData\Local\Programs\MiKTeX\tex/latex/microtype\mt-msa.cfg
File: mt-msa.cfg 2006/02/04 v1.1 microtype config. file: AMS symbols (a) (RS)
)
LaTeX Font Info:    Trying to load font information for U+msb on input line 104
.

(C:\Users\kunda\AppData\Local\Programs\MiKTeX\tex/latex/amsfonts\umsb.fd
File: umsb.fd 2013/01/14 v3.01 AMS symbols B
)
(C:\Users\kunda\AppData\Local\Programs\MiKTeX\tex/latex/microtype\mt-msb.cfg
File: mt-msb.cfg 2005/06/01 v1.0 microtype config. file: AMS symbols (b) (RS)
)
LaTeX Font Info:    Trying to load font information for T1+lmtt on input line 1
04.

(C:\Users\kunda\AppData\Local\Programs\MiKTeX\tex/latex/lm\t1lmtt.fd
File: t1lmtt.fd 2015/05/01 v1.6.1 Font defs for Latin Modern
)
Package microtype Info: Loading generic protrusion settings for font family
(microtype)             `lmtt' (encoding: T1).
(microtype)             For optimal results, create family-specific settings.
(microtype)             See the microtype manual for details.
LaTeX Font Info:    External font `lmex10' loaded for size
(Font)              <10.95> on input line 104.


LaTeX Warning: Optional argument of \twocolumn too tall on page 1.


Overfull \vbox (3.68008pt too high) has occurred while \output is active []



LaTeX Warning: Text page 1 contains only floats.


Overfull \vbox (3.68008pt too high) has occurred while \output is active []


[1{C:/Users/kunda/AppData/Local/MiKTeX/fonts/map/pdftex/pdftex.map}{C:/Users/ku
nda/AppData/Local/Programs/MiKTeX/fonts/enc/dvips/lm/lm-ec.enc}{C:/Users/kunda/
AppData/Local/Programs/MiKTeX/fonts/enc/dvips/lm/lm-mathsy.enc}{C:/Users/kunda/
AppData/Local/Programs/MiKTeX/fonts/enc/dvips/lm/lm-rm.enc}


]
(high-velocity-vehicle-intent-decomposition.toc
Underfull \hbox (badness 4582) in paragraph at lines 28--28
 [] [][]\T1/lmr/bx/n/10.95 (+20) The The-o-ret-i-cal Min-i-mum Lap 
 []


Underfull \hbox (badness 1418) in paragraph at lines 38--38
 [][] [][]\T1/lmr/m/n/10.95 (+20) Human Ac-cess to Un-mod-elled 
 []


Underfull \hbox (badness 10000) in paragraph at lines 39--39
 [][] [][]\T1/lmr/m/n/10.95 (+20) Knightian Un-cer-tainty ver-sus 
 []


Underfull \hbox (badness 1112) in paragraph at lines 40--40
 [][] [][]\T1/lmr/m/n/10.95 (+20) Spectral De-com-po-si-tion of the 
 []

[2]
Underfull \hbox (badness 7221) in paragraph at lines 78--78
 [] [][]\T1/lmr/bx/n/10.95 (+20) Comparison with Ex-ist-ing Ap- 
 []

[3]
Underfull \hbox (badness 10000) in paragraph at lines 148--148
 [] [][]\T1/lmr/bx/n/10.95 (+20) Final The-o-rem: Ar-chi-tec-tural 
 []

)
\tf@toc=\write4
\openout4 = `high-velocity-vehicle-intent-decomposition.toc'.

LaTeX Font Info:    Trying to load font information for TS1+lmr on input line 1
37.
 (C:\Users\kunda\AppData\Local\Programs\MiKTeX\tex/latex/lm\ts1lmr.fd
File: ts1lmr.fd 2015/05/01 v1.6.1 Font defs for Latin Modern
)
[4]
Underfull \hbox (badness 1082) in paragraph at lines 139--140
\T1/lmr/m/n/10.95 (+20) only when the in-tent space is singleton-
 []


Underfull \vbox (badness 2913) has occurred while \output is active []

 [5{C:/Users/kunda/AppData/Local/Programs/MiKTeX/fonts/enc/dvips/lm/lm-ts1.enc}
{C:/Users/kunda/AppData/Local/Programs/MiKTeX/fonts/enc/dvips/lm/lm-mathit.enc}
]
Underfull \hbox (badness 10000) in paragraph at lines 202--203
[]\T1/lmr/m/it/10.95 (+20) Vestibular--ocular\T1/lmr/m/n/10.95 (+20) : 10--30ms
. Head-
 []


Underfull \hbox (badness 10000) in paragraph at lines 202--203
\T1/lmr/m/n/10.95 (+20) stabilisation re-flex; used to main-tain
 []

[6]
Underfull \hbox (badness 10000) in paragraph at lines 237--238
\T1/lmr/m/n/10.95 (+20) The stan-dard mod-u-lar pipeline
 []


Underfull \hbox (badness 10000) in paragraph at lines 237--238
\T1/lmr/m/n/10.95 (+20) perception$\OMS/lmsy/m/n/10.95 !$\T1/lmr/m/n/10.95 (+20
) prediction$\OMS/lmsy/m/n/10.95 !$\T1/lmr/m/n/10.95 (+20) planning$\OMS/lmsy/m
/n/10.95 !$\T1/lmr/m/n/10.95 (+20) control
 []


Underfull \hbox (badness 2790) in paragraph at lines 237--238
\T1/lmr/m/n/10.95 (+20) la-tency be-cause in-fer-ence through a large
 []

<figures/panel_1_timescales.png, id=897, 788.7066pt x 618.8721pt>
File: figures/panel_1_timescales.png Graphic file (type png)
<use figures/panel_1_timescales.png>
Package pdftex.def Info: figures/panel_1_timescales.png  used on input line 243
.
(pdftex.def)             Requested size: 484.20988pt x 379.94778pt.
LaTeX Font Info:    External font `lmex10' loaded for size
(Font)              <9> on input line 248.
LaTeX Font Info:    External font `lmex10' loaded for size
(Font)              <5> on input line 248.
[7{C:/Users/kunda/AppData/Local/Programs/MiKTeX/fonts/enc/dvips/lm/lm-mathex.en
c}] [8 <./figures/panel_1_timescales.png>]
Underfull \hbox (badness 10000) in paragraph at lines 300--301
[]\T1/lmr/m/n/10.95 (+20) This propo-si-tion is what the inverse-
 []


Underfull \hbox (badness 10000) in paragraph at lines 300--301
\T1/lmr/m/n/10.95 (+20) reinforcement-learning lit-er-a-ture has been
 []

<figures/panel_2_intent.png, id=945, 787.0203pt x 618.8721pt>
File: figures/panel_2_intent.png Graphic file (type png)
<use figures/panel_2_intent.png>
Package pdftex.def Info: figures/panel_2_intent.png  used on input line 340.
(pdftex.def)             Requested size: 484.20988pt x 380.7599pt.

Underfull \hbox (badness 4403) in paragraph at lines 354--354
[]\T1/lmr/bx/n/14.4 (+20) Vehicle Dy-nam-ics at the
 []

[9] [10 <./figures/panel_2_intent.png>]
Overfull \hbox (17.55498pt too wide) detected at line 373
[][][]\OML/lmm/m/it/10.95 F \OT1/lmr/m/n/10.95 = \OML/lmm/m/it/10.95 D [] [] ;
 []


Underfull \hbox (badness 10000) in paragraph at lines 388--389
[]\T1/lmr/m/n/10.95 (+20) The lap-time func-tional is $\OML/lmm/m/it/10.95 T \O
T1/lmr/m/n/10.95 (+20) =
 []


Underfull \hbox (badness 5802) in paragraph at lines 388--389
\T1/lmr/m/n/10.95 (+20) en-ergy con-straint; the maximum-principle
 []

[11]
Underfull \hbox (badness 1776) in paragraph at lines 448--448
[]\T1/lmr/bx/n/14.4 (+20) The The-o-ret-i-cal Min-i-mum
 []


Underfull \hbox (badness 3590) in paragraph at lines 468--469
[][]\T1/lmr/bx/n/10.95 (+20) Theorem 14 \T1/lmr/m/n/10.95 (+20) (The-o-ret-i-ca
l-min-i-mum lower
 []


Underfull \hbox (badness 1424) in paragraph at lines 468--469
\T1/lmr/m/it/10.95 (+20) transcription prob-lem with pa-ram-e-ter vec-tor
 []

[12]
<figures/panel_3_tmin.png, id=1095, 788.7066pt x 618.8721pt>
File: figures/panel_3_tmin.png Graphic file (type png)
<use figures/panel_3_tmin.png>
Package pdftex.def Info: figures/panel_3_tmin.png  used on input line 514.
(pdftex.def)             Requested size: 484.20988pt x 379.94778pt.

Underfull \hbox (badness 10000) in paragraph at lines 523--523
[]\T1/lmr/bx/n/14.4 (+20) The Unmodelled-Variable
 []


Underfull \hbox (badness 1383) in paragraph at lines 539--540
[][]\T1/lmr/bx/n/10.95 (+20) Theorem 16 \T1/lmr/m/n/10.95 (+20) (Un-mod-elled V
ari-able Lower
 []


Underfull \hbox (badness 1546) in paragraph at lines 550--550
[]\T1/lmr/bx/n/12 (+20) Human Ac-cess to Un-mod-elled
 []

[13] [14 <./figures/panel_3_tmin.png>]
Underfull \hbox (badness 5064) in paragraph at lines 557--558
[]\T1/lmr/m/it/10.95 (+20) Cutaneous af-fer-ents\T1/lmr/m/n/10.95 (+20) : Merke
l, Meiss-ner,
 []


Underfull \hbox (badness 4328) in paragraph at lines 557--558
\T1/lmr/m/n/10.95 (+20) Pacinian, and Ruffini re-cep-tors sam-ple
 []


Underfull \hbox (badness 10000) in paragraph at lines 570--570
[]\T1/lmr/bx/n/12 (+20) Knightian Un-cer-tainty ver-sus
 []


Underfull \hbox (badness 1342) in paragraph at lines 586--586
[]\T1/lmr/bx/n/12 (+20) Spectral De-com-po-si-tion of the
 []

<figures/panel_4_unmodelled.png, id=1145, 671.8701pt x 588.7596pt>
File: figures/panel_4_unmodelled.png Graphic file (type png)
<use figures/panel_4_unmodelled.png>
Package pdftex.def Info: figures/panel_4_unmodelled.png  used on input line 599
.
(pdftex.def)             Requested size: 484.20988pt x 424.31982pt.

LaTeX Warning: Float too large for page by 46.43495pt on input line 606.

[15] [16 <./figures/panel_4_unmodelled.png>] [17]
Underfull \hbox (badness 1755) in paragraph at lines 738--739
[]\T1/lmr/m/n/10.95 (+20) For the in-clu-sion, note that ev-ery road
 []

[18] [19] [20]
Overfull \hbox (14.83421pt too wide) detected at line 909
[][][]\OML/lmm/m/it/10.95 u\OT1/lmr/m/n/10.95 (\OML/lmm/m/it/10.95 t\OT1/lmr/m/
n/10.95 ) = \OML/lmm/m/it/10.95 u[]\OT1/lmr/m/n/10.95 (\OML/lmm/m/it/10.95 s\OT
1/lmr/m/n/10.95 (\OML/lmm/m/it/10.95 t\OT1/lmr/m/n/10.95 )) + \OML/lmm/m/it/10.
95 K[]\OT1/lmr/m/n/10.95 (\OML/lmm/m/it/10.95 x\OT1/lmr/m/n/10.95 (\OML/lmm/m/i
t/10.95 t\OT1/lmr/m/n/10.95 )\OML/lmm/m/it/10.95 ; x[]\OT1/lmr/m/n/10.95 (\OML/
lmm/m/it/10.95 s\OT1/lmr/m/n/10.95 (\OML/lmm/m/it/10.95 t\OT1/lmr/m/n/10.95 )))
 + \OML/lmm/m/it/10.95 r[]\OT1/lmr/m/n/10.95 (\OML/lmm/m/it/10.95 x\OT1/lmr/m/n
/10.95 (\OML/lmm/m/it/10.95 t\OT1/lmr/m/n/10.95 ))\OML/lmm/m/it/10.95 :
 []

[21]
Underfull \hbox (badness 10000) in paragraph at lines 944--945
[]\T1/lmr/m/n/10.95 (+20) Layer 3: general-purpose com-pute
 []

<figures/panel_5_architecture.png, id=1265, 786.5385pt x 623.931pt>
File: figures/panel_5_architecture.png Graphic file (type png)
<use figures/panel_5_architecture.png>
Package pdftex.def Info: figures/panel_5_architecture.png  used on input line 9
51.
(pdftex.def)             Requested size: 484.20988pt x 384.10086pt.

LaTeX Warning: Float too large for page by 8.36847pt on input line 958.


Underfull \hbox (badness 1199) in paragraph at lines 979--980
\T1/lmr/m/n/10.95 (+20) curriculum-trained con-troller achieves lap
 []


Underfull \vbox (badness 4765) has occurred while \output is active []

 [22]
[23 <./figures/panel_5_architecture.png>]
Overfull \hbox (144.41464pt too wide) in paragraph at lines 1015--1027
 [][] 
 []

[24]
Underfull \vbox (badness 1308) has occurred while \output is active []

 [25]
Underfull \hbox (badness 10000) in paragraph at lines 1135--1136
[][]\T1/lmr/bx/n/10.95 (+20) Lemma 31 \T1/lmr/m/n/10.95 (+20) (Uni-form De-tect
abil-ity)\T1/lmr/bx/n/10.95 (+20) . []\T1/lmr/m/it/10.95 (+20) If
 []

[26]
Underfull \hbox (badness 4726) in paragraph at lines 1180--1181
[][]\T1/lmr/bx/n/10.95 (+20) Proposition 34 \T1/lmr/m/n/10.95 (+20) (Iden-ti-fi
-a-bil-ity LRT)\T1/lmr/bx/n/10.95 (+20) . []\T1/lmr/m/it/10.95 (+20) If
 []


Underfull \hbox (badness 2042) in paragraph at lines 1195--1195
[]\T1/lmr/bx/n/14.4 (+20) Numerical Al-go-rithms for
 []

Package hyperref Info: bookmark level for unknown algorithm defaults to 0 on in
put line 1199.

Underfull \vbox (badness 10000) has occurred while \output is active []

 [27]
Underfull \hbox (badness 2057) in paragraph at lines 1246--1246
[]\T1/lmr/bx/n/10.95 (+20) Algorithm 4 \T1/lmr/m/n/10.95 (+20) Direct-transcrip
tion lap-time
 []


Underfull \hbox (badness 10000) in paragraph at lines 1252--1253
[]\T1/lmr/m/n/10.95 (+20) In-tro-duce de-ci-sion vari-ables for
 []


Underfull \vbox (badness 2818) has occurred while \output is active []


Underfull \hbox (badness 3291) in paragraph at lines 1280--1282
\T1/lmr/m/it/10.95 (+20) where $\OML/lmm/m/it/10.95 L$ \T1/lmr/m/it/10.95 (+20)
 is the Lip-s-chitz con-stant of the
 []


Underfull \hbox (badness 2261) in paragraph at lines 1295--1296
\T1/lmr/m/n/10.95 (+20) sam-ple com-plex-ity to es-ti-mate a lap-time-
 []


Underfull \hbox (badness 6893) in paragraph at lines 1301--1302
[][]\T1/lmr/bx/n/10.95 (+20) Proposition 38 \T1/lmr/m/n/10.95 (+20) (Layer Syn-
chro-ni-sa-tion)\T1/lmr/bx/n/10.95 (+20) .
 []


Underfull \hbox (badness 3557) in paragraph at lines 1301--1302
\T1/lmr/m/it/10.95 (+20) cou-pled os-cil-la-tors with nat-u-ral fre-quen-cies
 []


Underfull \hbox (badness 7030) in paragraph at lines 1301--1302
\OT1/lmr/m/n/10.95 (+20) (1 []\OML/lmm/m/it/10.95 ; \OT1/lmr/m/n/10.95 (+20) 10
0 []\OML/lmm/m/it/10.95 ; \OT1/lmr/m/n/10.95 (+20) 1000 [])$\T1/lmr/m/it/10.95 
(+20) , syn-chro-nises in the
 []

[28]
Underfull \hbox (badness 3815) in paragraph at lines 1319--1320
[][]\T1/lmr/m/it/10.95 (+20) Remark \T1/lmr/m/n/10.95 (+20) 41 (Cur-ricu-lum st
age de-sign)\T1/lmr/m/it/10.95 (+20) . []\T1/lmr/m/n/10.95 (+20) In
 []


Underfull \hbox (badness 4726) in paragraph at lines 1319--1320
\T1/lmr/m/n/10.95 (+20) prac-tice, cur-ricu-lum stages cor-re-spond to
 []

[29]
Underfull \hbox (badness 1122) in paragraph at lines 1409--1410
\T1/lmr/m/n/10.95 (+20) The cross-covariance be-tween resid-ual chan-
 []


Underfull \hbox (badness 1377) in paragraph at lines 1409--1410
\T1/lmr/m/n/10.95 (+20) nels (brake, steer-ing, throt-tle) re-veals cou-
 []


Underfull \hbox (badness 1484) in paragraph at lines 1409--1410
\T1/lmr/m/n/10.95 (+20) throttle re-sponses; pro-pri-o-cep-tive cues pro-
 []


Underfull \hbox (badness 10000) in paragraph at lines 1415--1415
[]\T1/lmr/bx/n/14.4 (+20) Practical Im-ple-men-ta-tion
 []


Underfull \hbox (badness 2229) in paragraph at lines 1423--1424
[]\T1/lmr/m/n/10.95 (+20) FPGA im-ple-men-ta-tion of the tra-jec-tory
 []

[30]
Underfull \hbox (badness 10000) in paragraph at lines 1454--1454
[]\T1/lmr/bx/n/14.4 (+20) Comparisons with Sprint
 []


Underfull \hbox (badness 1184) in paragraph at lines 1489--1490
\T1/lmr/m/n/10.95 (+20) The one-active-constraint prin-ci-ple (Propo-si-
 []

[31]
Underfull \hbox (badness 7907) in paragraph at lines 1529--1529
[]\T1/lmr/bx/n/12 (+20) Category-Theoretic In-ter-pre-ta-
 []


Underfull \hbox (badness 1205) in paragraph at lines 1545--1545
[]\T1/lmr/bx/n/14.4 (+20) Final The-o-rem: Ar-chi-tec-
 []

[32]
Underfull \hbox (badness 10000) in paragraph at lines 1553--1554
[]\T1/lmr/m/it/10.95 (+20) achieves reflex-bandwidth con-trol with
 []

(high-velocity-vehicle-intent-decomposition.bbl
Underfull \hbox (badness 1810) in paragraph at lines 37--41
[]\T1/lmr/m/n/10.95 (+20) Peter L. Bartlett and Sha-har Mendel-
 []

[33]
Underfull \hbox (badness 1430) in paragraph at lines 140--143
\T1/lmr/m/n/10.95 (+20) Thomas Mikosch.  \T1/lmr/m/it/10.95 (+20) Mod-elling Ex
-tremal
 []


Underfull \hbox (badness 3942) in paragraph at lines 225--229
[]\T1/lmr/m/n/10.95 (+20) Eric R. Kan-del, James H. Schwartz,
 []

[34]
Underfull \hbox (badness 3460) in paragraph at lines 311--316
[]\T1/lmr/m/n/10.95 (+20) Volodymyr Mnih, Ko-ray Kavukcuoglu,
 []

[35]
Underfull \hbox (badness 1454) in paragraph at lines 398--402
[]\T1/lmr/m/n/10.95 (+20) Richard A. Schmidt, Tim-o-thy D. Lee,
 []


Underfull \hbox (badness 1902) in paragraph at lines 410--414
\T1/lmr/m/it/10.95 (+20) Bi-o-log-i-cal Learn-ing and Con-trol: How
 []

[36]) [37

] (high-velocity-vehicle-intent-decomposition.aux)
 ***********
LaTeX2e <2025-11-01>
L3 programming layer <2026-01-19>
 ***********
Package rerunfilecheck Info: File `high-velocity-vehicle-intent-decomposition.o
ut' has not changed.
(rerunfilecheck)             Checksum: 6E042AED6962AAD81C0139A51A006DCF;28805.
 ) 
Here is how much of TeX's memory you used:
 21660 strings out of 467867
 407436 string characters out of 5418334
 868741 words of memory out of 5000000
 49390 multiletter control sequences out of 15000+600000
 752253 words of font info for 340 fonts, out of 8000000 for 9000
 1141 hyphenation exceptions out of 8191
 75i,12n,79p,3521b,1347s stack positions out of 10000i,1000n,20000p,200000b,200000s
<C:/Users/kunda/AppData/Local/Programs/MiKTeX/fonts/type1/public/lm/lmbx10.pf
b><C:/Users/kunda/AppData/Local/Programs/MiKTeX/fonts/type1/public/lm/lmbx12.pf
b><C:/Users/kunda/AppData/Local/Programs/MiKTeX/fonts/type1/public/lm/lmbx9.pfb
><C:/Users/kunda/AppData/Local/Programs/MiKTeX/fonts/type1/public/lm/lmex10.pfb
><C:/Users/kunda/AppData/Local/Programs/MiKTeX/fonts/type1/public/lm/lmmi10.pfb
><C:/Users/kunda/AppData/Local/Programs/MiKTeX/fonts/type1/public/lm/lmmi6.pfb>
<C:/Users/kunda/AppData/Local/Programs/MiKTeX/fonts/type1/public/lm/lmmi8.pfb><
C:/Users/kunda/AppData/Local/Programs/MiKTeX/fonts/type1/public/lm/lmmi9.pfb><C
:/Users/kunda/AppData/Local/Programs/MiKTeX/fonts/type1/public/lm/lmr10.pfb><C:
/Users/kunda/AppData/Local/Programs/MiKTeX/fonts/type1/public/lm/lmr12.pfb><C:/
Users/kunda/AppData/Local/Programs/MiKTeX/fonts/type1/public/lm/lmr6.pfb><C:/Us
ers/kunda/AppData/Local/Programs/MiKTeX/fonts/type1/public/lm/lmr8.pfb><C:/User
s/kunda/AppData/Local/Programs/MiKTeX/fonts/type1/public/lm/lmr9.pfb><C:/Users/
kunda/AppData/Local/Programs/MiKTeX/fonts/type1/public/lm/lmri10.pfb><C:/Users/
kunda/AppData/Local/Programs/MiKTeX/fonts/type1/public/lm/lmsy10.pfb><C:/Users/
kunda/AppData/Local/Programs/MiKTeX/fonts/type1/public/lm/lmsy6.pfb><C:/Users/k
unda/AppData/Local/Programs/MiKTeX/fonts/type1/public/lm/lmsy8.pfb><C:/Users/ku
nda/AppData/Local/Programs/MiKTeX/fonts/type1/public/lm/lmsy9.pfb><C:/Users/kun
da/AppData/Local/Programs/MiKTeX/fonts/type1/public/lm/lmtt10.pfb><C:/Users/kun
da/AppData/Local/Programs/MiKTeX/fonts/type1/public/lm/lmtt12.pfb><C:/Users/kun
da/AppData/Local/Programs/MiKTeX/fonts/type1/public/amsfonts/symbols/msam10.pfb
><C:/Users/kunda/AppData/Local/Programs/MiKTeX/fonts/type1/public/amsfonts/symb
ols/msbm10.pfb>
Output written on high-velocity-vehicle-intent-decomposition.pdf (37 pages, 386
2496 bytes).
PDF statistics:
 1697 PDF objects out of 1728 (max. 8388607)
 416 named destinations out of 1000 (max. 500000)
 63674 words of extra memory for PDF output out of 74296 (max. 10000000)

