\BOOKMARK [0][-]{part*.3}{\376\377\000P\000a\000r\000t\000\040\000I\000:\000\040\000T\000h\000e\000\040\000A\000r\000c\000h\000i\000t\000e\000c\000t\000u\000r\000a\000l\000\040\000P\000r\000o\000b\000l\000e\000m}{}% 1
\BOOKMARK [1][-]{section.1}{\376\377\000I\000n\000t\000r\000o\000d\000u\000c\000t\000i\000o\000n}{part*.3}% 2
\BOOKMARK [2][-]{subsection.1.1}{\376\377\000T\000h\000e\000\040\000A\000u\000t\000o\000n\000o\000m\000o\000u\000s\000\040\000D\000r\000i\000v\000i\000n\000g\000\040\000G\000a\000p}{section.1}% 3
\BOOKMARK [2][-]{subsection.1.2}{\376\377\000T\000h\000e\000\040\000C\000o\000r\000e\000\040\000C\000o\000n\000f\000u\000s\000i\000o\000n}{section.1}% 4
\BOOKMARK [2][-]{subsection.1.3}{\376\377\000W\000h\000a\000t\000\040\000T\000h\000i\000s\000\040\000P\000a\000p\000e\000r\000\040\000P\000r\000o\000v\000e\000s}{section.1}% 5
\BOOKMARK [2][-]{subsection.1.4}{\376\377\000S\000t\000r\000u\000c\000t\000u\000r\000e\000\040\000o\000f\000\040\000t\000h\000e\000\040\000P\000a\000p\000e\000r}{section.1}% 6
\BOOKMARK [1][-]{section.2}{\376\377\000T\000i\000m\000e\000s\000c\000a\000l\000e\000s\000\040\000o\000f\000\040\000D\000r\000i\000v\000i\000n\000g}{part*.3}% 7
\BOOKMARK [2][-]{subsection.2.1}{\376\377\000L\000a\000t\000e\000n\000c\000y\000\040\000a\000s\000\040\000a\000\040\000P\000h\000y\000s\000i\000c\000a\000l\000\040\000C\000o\000n\000s\000t\000r\000a\000i\000n\000t}{section.2}% 8
\BOOKMARK [2][-]{subsection.2.2}{\376\377\000R\000e\000f\000l\000e\000x\000\040\000L\000a\000t\000e\000n\000c\000y\000\040\000f\000r\000o\000m\000\040\000B\000r\000a\000k\000i\000n\000g\000\040\000G\000e\000o\000m\000e\000t\000r\000y}{section.2}% 9
\BOOKMARK [2][-]{subsection.2.3}{\376\377\000C\000o\000g\000n\000i\000t\000i\000v\000e\000\040\000L\000a\000t\000e\000n\000c\000y\000\040\000f\000r\000o\000m\000\040\000H\000u\000m\000a\000n\000\040\000P\000e\000r\000f\000o\000r\000m\000a\000n\000c\000e\000\040\000D\000a\000t\000a}{section.2}% 10
\BOOKMARK [2][-]{subsection.2.4}{\376\377\000R\000e\000f\000l\000e\000x\000\040\000P\000h\000y\000s\000i\000o\000l\000o\000g\000y}{section.2}% 11
\BOOKMARK [2][-]{subsection.2.5}{\376\377\000F\000o\000r\000m\000a\000l\000\040\000S\000e\000p\000a\000r\000a\000t\000i\000o\000n}{section.2}% 12
\BOOKMARK [2][-]{subsection.2.6}{\376\377\000C\000o\000n\000s\000e\000q\000u\000e\000n\000c\000e\000s\000\040\000f\000o\000r\000\040\000E\000x\000i\000s\000t\000i\000n\000g\000\040\000A\000r\000c\000h\000i\000t\000e\000c\000t\000u\000r\000e\000s}{section.2}% 13
\BOOKMARK [1][-]{section.3}{\376\377\000I\000n\000t\000e\000n\000t\000\040\000A\000t\000t\000r\000i\000b\000u\000t\000i\000o\000n}{part*.3}% 14
\BOOKMARK [2][-]{subsection.3.1}{\376\377\000T\000h\000e\000\040\000I\000n\000t\000e\000n\000t\000-\000I\000d\000e\000n\000t\000i\000f\000i\000a\000b\000i\000l\000i\000t\000y\000\040\000P\000r\000o\000b\000l\000e\000m}{section.3}% 15
\BOOKMARK [2][-]{subsection.3.2}{\376\377\000M\000u\000l\000t\000i\000p\000l\000e\000\040\000O\000b\000j\000e\000c\000t\000i\000v\000e\000s\000\040\000o\000n\000\040\000R\000o\000a\000d\000s}{section.3}% 16
\BOOKMARK [2][-]{subsection.3.3}{\376\377\000S\000i\000n\000g\000l\000e\000\040\000O\000b\000j\000e\000c\000t\000i\000v\000e\000\040\000o\000n\000\040\000C\000i\000r\000c\000u\000i\000t\000s}{section.3}% 17
\BOOKMARK [2][-]{subsection.3.4}{\376\377\000M\000e\000a\000s\000u\000r\000i\000n\000g\000\040\000I\000d\000e\000n\000t\000i\000f\000i\000a\000b\000i\000l\000i\000t\000y}{section.3}% 18
\BOOKMARK [0][-]{part*.6}{\376\377\000P\000a\000r\000t\000\040\000I\000I\000:\000\040\000T\000h\000e\000\040\000P\000h\000y\000s\000i\000c\000a\000l\000\040\000F\000o\000u\000n\000d\000a\000t\000i\000o\000n}{}% 19
\BOOKMARK [1][-]{section.4}{\376\377\000V\000e\000h\000i\000c\000l\000e\000\040\000D\000y\000n\000a\000m\000i\000c\000s\000\040\000a\000t\000\040\000t\000h\000e\000\040\000L\000i\000m\000i\000t}{part*.6}% 20
\BOOKMARK [2][-]{subsection.4.1}{\376\377\000S\000i\000n\000g\000l\000e\000-\000T\000r\000a\000c\000k\000\040\000M\000o\000d\000e\000l}{section.4}% 21
\BOOKMARK [2][-]{subsection.4.2}{\376\377\000P\000a\000c\000e\000j\000k\000a\000\040\000T\000i\000r\000e\000\040\000M\000o\000d\000e\000l}{section.4}% 22
\BOOKMARK [2][-]{subsection.4.3}{\376\377\000F\000r\000i\000c\000t\000i\000o\000n\000\040\000E\000l\000l\000i\000p\000s\000e\000\040\000C\000o\000n\000s\000t\000r\000a\000i\000n\000t}{section.4}% 23
\BOOKMARK [2][-]{subsection.4.4}{\376\377\000A\000e\000r\000o\000d\000y\000n\000a\000m\000i\000c\000\040\000F\000o\000r\000c\000e\000s}{section.4}% 24
\BOOKMARK [2][-]{subsection.4.5}{\376\377\000P\000o\000w\000e\000r\000\040\000a\000n\000d\000\040\000t\000h\000e\000\040\000S\000t\000r\000a\000i\000g\000h\000t\000-\000L\000i\000n\000e\000\040\000P\000r\000o\000b\000l\000e\000m}{section.4}% 25
\BOOKMARK [2][-]{subsection.4.6}{\376\377\000E\000n\000e\000r\000g\000y\000\040\000B\000u\000d\000g\000e\000t}{section.4}% 26
\BOOKMARK [2][-]{subsection.4.7}{\376\377\000L\000o\000a\000d\000\040\000T\000r\000a\000n\000s\000f\000e\000r\000\040\000D\000y\000n\000a\000m\000i\000c\000s}{section.4}% 27
\BOOKMARK [1][-]{section.5}{\376\377\000T\000h\000e\000\040\000T\000h\000e\000o\000r\000e\000t\000i\000c\000a\000l\000\040\000M\000i\000n\000i\000m\000u\000m\000\040\000L\000a\000p\000\040\000T\000i\000m\000e}{part*.6}% 28
\BOOKMARK [2][-]{subsection.5.1}{\376\377\000O\000p\000t\000i\000m\000a\000l\000\040\000C\000o\000n\000t\000r\000o\000l\000\040\000F\000o\000r\000m\000u\000l\000a\000t\000i\000o\000n}{section.5}% 29
\BOOKMARK [2][-]{subsection.5.2}{\376\377\000N\000u\000m\000e\000r\000i\000c\000a\000l\000\040\000I\000n\000t\000e\000g\000r\000a\000t\000i\000o\000n}{section.5}% 30
\BOOKMARK [2][-]{subsection.5.3}{\376\377\000W\000o\000r\000k\000e\000d\000\040\000E\000x\000a\000m\000p\000l\000e\000:\000\040\000A\000\040\000B\000a\000h\000r\000a\000i\000n\000-\000l\000i\000k\000e\000\040\000C\000i\000r\000c\000u\000i\000t}{section.5}% 31
\BOOKMARK [2][-]{subsection.5.4}{\376\377\000U\000n\000c\000e\000r\000t\000a\000i\000n\000t\000y\000\040\000P\000r\000o\000p\000a\000g\000a\000t\000i\000o\000n}{section.5}% 32
\BOOKMARK [2][-]{subsection.5.5}{\376\377\000G\000u\000m\000b\000e\000l\000\040\000T\000a\000i\000l\000\040\000o\000f\000\040\000H\000i\000s\000t\000o\000r\000i\000c\000a\000l\000\040\000R\000e\000c\000o\000r\000d\000s}{section.5}% 33
\BOOKMARK [2][-]{subsection.5.6}{\376\377\000E\000m\000p\000i\000r\000i\000c\000a\000l\000\040\000C\000o\000n\000s\000i\000s\000t\000e\000n\000c\000y}{section.5}% 34
\BOOKMARK [1][-]{section.6}{\376\377\000T\000h\000e\000\040\000U\000n\000m\000o\000d\000e\000l\000l\000e\000d\000-\000V\000a\000r\000i\000a\000b\000l\000e\000\040\000T\000h\000e\000o\000r\000e\000m}{part*.6}% 35
\BOOKMARK [2][-]{subsection.6.1}{\376\377\000M\000o\000d\000e\000l\000-\000R\000e\000a\000l\000i\000t\000y\000\040\000R\000e\000s\000i\000d\000u\000a\000l}{section.6}% 36
\BOOKMARK [2][-]{subsection.6.2}{\376\377\000L\000o\000w\000e\000r\000\040\000B\000o\000u\000n\000d\000\040\000f\000r\000o\000m\000\040\000I\000n\000f\000o\000r\000m\000a\000t\000i\000o\000n\000\040\000T\000h\000e\000o\000r\000y}{section.6}% 37
\BOOKMARK [2][-]{subsection.6.3}{\376\377\000H\000u\000m\000a\000n\000\040\000A\000c\000c\000e\000s\000s\000\040\000t\000o\000\040\000U\000n\000m\000o\000d\000e\000l\000l\000e\000d\000\040\000V\000a\000r\000i\000a\000b\000l\000e\000s}{section.6}% 38
\BOOKMARK [2][-]{subsection.6.4}{\376\377\000K\000n\000i\000g\000h\000t\000i\000a\000n\000\040\000U\000n\000c\000e\000r\000t\000a\000i\000n\000t\000y\000\040\000v\000e\000r\000s\000u\000s\000\040\000B\000a\000y\000e\000s\000i\000a\000n\000\040\000R\000i\000s\000k}{section.6}% 39
\BOOKMARK [2][-]{subsection.6.5}{\376\377\000S\000p\000e\000c\000t\000r\000a\000l\000\040\000D\000e\000c\000o\000m\000p\000o\000s\000i\000t\000i\000o\000n\000\040\000o\000f\000\040\000t\000h\000e\000\040\000R\000e\000s\000i\000d\000u\000a\000l}{section.6}% 40
\BOOKMARK [0][-]{part*.9}{\376\377\000P\000a\000r\000t\000\040\000I\000I\000I\000:\000\040\000T\000h\000e\000\040\000R\000e\000f\000l\000e\000x\000-\000C\000o\000g\000n\000i\000t\000i\000v\000e\000\040\000D\000e\000c\000o\000m\000p\000o\000s\000i\000t\000i\000o\000n}{}% 41
\BOOKMARK [1][-]{section.7}{\376\377\000T\000h\000e\000\040\000R\000e\000f\000l\000e\000x\000\040\000L\000a\000y\000e\000r}{part*.9}% 42
\BOOKMARK [2][-]{subsection.7.1}{\376\377\000D\000e\000f\000i\000n\000i\000t\000i\000o\000n\000\040\000a\000n\000d\000\040\000R\000o\000l\000e}{section.7}% 43
\BOOKMARK [2][-]{subsection.7.2}{\376\377\000I\000n\000f\000e\000r\000e\000n\000c\000e\000-\000T\000i\000m\000e\000\040\000C\000o\000m\000p\000l\000e\000x\000i\000t\000y}{section.7}% 44
\BOOKMARK [2][-]{subsection.7.3}{\376\377\000S\000t\000a\000b\000i\000l\000i\000t\000y\000\040\000o\000f\000\040\000t\000h\000e\000\040\000F\000e\000e\000d\000b\000a\000c\000k\000\040\000C\000o\000r\000r\000e\000c\000t\000i\000o\000n}{section.7}% 45
\BOOKMARK [2][-]{subsection.7.4}{\376\377\000B\000i\000o\000l\000o\000g\000i\000c\000a\000l\000\040\000A\000n\000a\000l\000o\000g\000u\000e}{section.7}% 46
\BOOKMARK [2][-]{subsection.7.5}{\376\377\000C\000o\000m\000p\000a\000r\000i\000s\000o\000n\000\040\000w\000i\000t\000h\000\040\000S\000e\000a\000r\000c\000h\000-\000B\000a\000s\000e\000d\000\040\000A\000l\000t\000e\000r\000n\000a\000t\000i\000v\000e\000s}{section.7}% 47
\BOOKMARK [2][-]{subsection.7.6}{\376\377\000R\000e\000c\000e\000d\000i\000n\000g\000-\000H\000o\000r\000i\000z\000o\000n\000\040\000v\000e\000r\000s\000u\000s\000\040\000L\000o\000o\000k\000u\000p}{section.7}% 48
\BOOKMARK [1][-]{section.8}{\376\377\000T\000h\000e\000\040\000C\000o\000g\000n\000i\000t\000i\000v\000e\000\040\000L\000a\000y\000e\000r}{part*.9}% 49
\BOOKMARK [2][-]{subsection.8.1}{\376\377\000S\000c\000o\000p\000e}{section.8}% 50
\BOOKMARK [2][-]{subsection.8.2}{\376\377\000L\000a\000t\000e\000n\000c\000y\000\040\000B\000u\000d\000g\000e\000t}{section.8}% 51
\BOOKMARK [2][-]{subsection.8.3}{\376\377\000A\000r\000c\000h\000i\000t\000e\000c\000t\000u\000r\000a\000l\000\040\000I\000n\000d\000e\000p\000e\000n\000d\000e\000n\000c\000e}{section.8}% 52
\BOOKMARK [2][-]{subsection.8.4}{\376\377\000S\000u\000i\000t\000a\000b\000l\000e\000\040\000C\000o\000m\000p\000u\000t\000a\000t\000i\000o\000n\000a\000l\000\040\000M\000o\000d\000e\000l\000s}{section.8}% 53
\BOOKMARK [1][-]{section.9}{\376\377\000C\000o\000n\000s\000t\000r\000a\000i\000n\000t\000\040\000C\000a\000s\000c\000a\000d\000e}{part*.9}% 54
\BOOKMARK [2][-]{subsection.9.1}{\376\377\000F\000o\000r\000m\000a\000l\000\040\000F\000r\000a\000m\000e\000w\000o\000r\000k}{section.9}% 55
\BOOKMARK [2][-]{subsection.9.2}{\376\377\000R\000u\000l\000e\000\040\000E\000x\000a\000m\000p\000l\000e\000s}{section.9}% 56
\BOOKMARK [2][-]{subsection.9.3}{\376\377\000I\000n\000c\000r\000e\000m\000e\000n\000t\000a\000l\000\040\000C\000o\000m\000p\000o\000s\000i\000t\000i\000o\000n}{section.9}% 57
\BOOKMARK [2][-]{subsection.9.4}{\376\377\000C\000o\000n\000s\000t\000r\000a\000i\000n\000t\000-\000M\000a\000n\000a\000g\000e\000r\000\040\000I\000m\000p\000l\000e\000m\000e\000n\000t\000a\000t\000i\000o\000n}{section.9}% 58
\BOOKMARK [0][-]{part*.10}{\376\377\000P\000a\000r\000t\000\040\000I\000V\000:\000\040\000T\000r\000a\000i\000n\000i\000n\000g\000\040\000a\000n\000d\000\040\000V\000a\000l\000i\000d\000a\000t\000i\000o\000n}{}% 59
\BOOKMARK [1][-]{section.10}{\376\377\000T\000h\000e\000\040\000T\000r\000a\000i\000n\000i\000n\000g\000\040\000C\000u\000r\000r\000i\000c\000u\000l\000u\000m}{part*.10}% 60
\BOOKMARK [2][-]{subsection.10.1}{\376\377\000S\000t\000a\000g\000e\000\040\000S\000t\000r\000u\000c\000t\000u\000r\000e}{section.10}% 61
\BOOKMARK [2][-]{subsection.10.2}{\376\377\000D\000a\000t\000a\000\040\000R\000e\000q\000u\000i\000r\000e\000m\000e\000n\000t\000s}{section.10}% 62
\BOOKMARK [2][-]{subsection.10.3}{\376\377\000V\000a\000l\000i\000d\000a\000t\000i\000o\000n\000\040\000M\000e\000t\000r\000i\000c}{section.10}% 63
\BOOKMARK [2][-]{subsection.10.4}{\376\377\000C\000a\000n\000o\000n\000i\000c\000a\000l\000\040\000S\000t\000a\000g\000e\000\040\000L\000i\000s\000t}{section.10}% 64
\BOOKMARK [1][-]{section.11}{\376\377\000R\000e\000s\000i\000d\000u\000a\000l\000\040\000L\000e\000a\000r\000n\000i\000n\000g\000\040\000f\000r\000o\000m\000\040\000T\000o\000p\000-\000H\000u\000m\000a\000n\000\040\000T\000e\000l\000e\000m\000e\000t\000r\000y}{part*.10}% 65
\BOOKMARK [2][-]{subsection.11.1}{\376\377\000R\000e\000s\000i\000d\000u\000a\000l\000\040\000a\000s\000\040\000a\000\040\000L\000e\000a\000r\000n\000i\000n\000g\000\040\000T\000a\000r\000g\000e\000t}{section.11}% 66
\BOOKMARK [2][-]{subsection.11.2}{\376\377\000R\000e\000s\000i\000d\000u\000a\000l\000\040\000C\000o\000r\000r\000e\000c\000t\000i\000o\000n\000\040\000N\000e\000t\000w\000o\000r\000k}{section.11}% 67
\BOOKMARK [2][-]{subsection.11.3}{\376\377\000F\000e\000a\000t\000u\000r\000e\000\040\000E\000n\000g\000i\000n\000e\000e\000r\000i\000n\000g\000\040\000f\000o\000r\000\040\000N\000e\000g\000a\000t\000i\000v\000e\000-\000T\000a\000i\000l\000\040\000R\000e\000s\000i\000d\000u\000a\000l\000s}{section.11}% 68
\BOOKMARK [2][-]{subsection.11.4}{\376\377\000V\000a\000l\000i\000d\000a\000t\000i\000o\000n\000\040\000o\000f\000\040\000t\000h\000e\000\040\000R\000e\000s\000i\000d\000u\000a\000l}{section.11}% 69
\BOOKMARK [1][-]{section.12}{\376\377\000A\000r\000c\000h\000i\000t\000e\000c\000t\000u\000r\000e\000\040\000S\000p\000e\000c\000i\000f\000i\000c\000a\000t\000i\000o\000n}{part*.10}% 70
\BOOKMARK [2][-]{subsection.12.1}{\376\377\000T\000h\000r\000e\000e\000-\000L\000a\000y\000e\000r\000\040\000S\000t\000a\000c\000k}{section.12}% 71
\BOOKMARK [2][-]{subsection.12.2}{\376\377\000I\000n\000t\000e\000r\000f\000a\000c\000e\000s}{section.12}% 72
\BOOKMARK [2][-]{subsection.12.3}{\376\377\000T\000e\000s\000t\000a\000b\000i\000l\000i\000t\000y}{section.12}% 73
\BOOKMARK [2][-]{subsection.12.4}{\376\377\000S\000a\000f\000e\000t\000y}{section.12}% 74
\BOOKMARK [2][-]{subsection.12.5}{\376\377\000H\000a\000r\000d\000w\000a\000r\000e\000\040\000M\000a\000p\000p\000i\000n\000g}{section.12}% 75
\BOOKMARK [0][-]{part*.12}{\376\377\000P\000a\000r\000t\000\040\000V\000:\000\040\000I\000m\000p\000l\000i\000c\000a\000t\000i\000o\000n\000s}{}% 76
\BOOKMARK [1][-]{section.13}{\376\377\000F\000a\000l\000s\000i\000f\000i\000a\000b\000l\000e\000\040\000P\000r\000e\000d\000i\000c\000t\000i\000o\000n\000s}{part*.12}% 77
\BOOKMARK [1][-]{section.14}{\376\377\000C\000o\000m\000p\000a\000r\000i\000s\000o\000n\000\040\000w\000i\000t\000h\000\040\000E\000x\000i\000s\000t\000i\000n\000g\000\040\000A\000p\000p\000r\000o\000a\000c\000h\000e\000s}{part*.12}% 78
\BOOKMARK [2][-]{subsection.14.1}{\376\377\000E\000n\000d\000-\000t\000o\000-\000E\000n\000d\000\040\000L\000e\000a\000r\000n\000i\000n\000g}{section.14}% 79
\BOOKMARK [2][-]{subsection.14.2}{\376\377\000M\000o\000d\000u\000l\000a\000r\000\040\000P\000i\000p\000e\000l\000i\000n\000e\000s}{section.14}% 80
\BOOKMARK [2][-]{subsection.14.3}{\376\377\000B\000e\000h\000a\000v\000i\000o\000u\000r\000\040\000C\000l\000o\000n\000i\000n\000g}{section.14}% 81
\BOOKMARK [2][-]{subsection.14.4}{\376\377\000R\000e\000i\000n\000f\000o\000r\000c\000e\000m\000e\000n\000t\000\040\000L\000e\000a\000r\000n\000i\000n\000g\000\040\000i\000n\000\040\000D\000r\000i\000v\000i\000n\000g\000\040\000S\000i\000m\000u\000l\000a\000t\000o\000r\000s}{section.14}% 82
\BOOKMARK [2][-]{subsection.14.5}{\376\377\000M\000P\000C\000\040\000a\000n\000d\000\040\000R\000a\000c\000i\000n\000g\000-\000L\000i\000n\000e\000\040\000O\000p\000t\000i\000m\000i\000s\000a\000t\000i\000o\000n}{section.14}% 83
\BOOKMARK [2][-]{subsection.14.6}{\376\377\000S\000u\000m\000m\000a\000r\000y\000\040\000T\000a\000b\000l\000e}{section.14}% 84
\BOOKMARK [1][-]{section.15}{\376\377\000D\000i\000s\000c\000u\000s\000s\000i\000o\000n\000\040\000a\000n\000d\000\040\000O\000p\000e\000n\000\040\000P\000r\000o\000b\000l\000e\000m\000s}{part*.12}% 85
\BOOKMARK [2][-]{subsection.15.1}{\376\377\000S\000e\000n\000s\000o\000r\000\040\000S\000u\000b\000s\000t\000r\000a\000t\000e\000\040\000f\000o\000r\000\040\000R\000e\000f\000l\000e\000x\000\040\000I\000n\000f\000o\000r\000m\000a\000t\000i\000o\000n\000\040\000A\000c\000c\000e\000s\000s}{section.15}% 86
\BOOKMARK [2][-]{subsection.15.2}{\376\377\000B\000i\000o\000l\000o\000g\000i\000c\000a\000l\000\040\000M\000o\000t\000o\000r\000\040\000C\000o\000n\000t\000r\000o\000l\000\040\000a\000s\000\040\000E\000x\000i\000s\000t\000e\000n\000c\000e\000\040\000P\000r\000o\000o\000f}{section.15}% 87
\BOOKMARK [2][-]{subsection.15.3}{\376\377\000S\000i\000m\000u\000l\000a\000t\000i\000o\000n\000-\000t\000o\000-\000R\000e\000a\000l\000\040\000T\000r\000a\000n\000s\000f\000e\000r}{section.15}% 88
\BOOKMARK [2][-]{subsection.15.4}{\376\377\000C\000i\000r\000c\000u\000i\000t\000s\000\040\000a\000s\000\040\000U\000n\000i\000v\000e\000r\000s\000a\000l\000\040\000B\000e\000n\000c\000h\000m\000a\000r\000k\000s}{section.15}% 89
\BOOKMARK [2][-]{subsection.15.5}{\376\377\000C\000o\000m\000p\000u\000t\000a\000t\000i\000o\000n\000a\000l\000\040\000S\000u\000b\000s\000t\000r\000a\000t\000e\000\040\000C\000h\000o\000i\000c\000e}{section.15}% 90
\BOOKMARK [2][-]{subsection.15.6}{\376\377\000O\000p\000e\000n\000\040\000P\000r\000o\000b\000l\000e\000m\000s}{section.15}% 91
\BOOKMARK [1][-]{section.16}{\376\377\000C\000o\000n\000c\000l\000u\000s\000i\000o\000n}{part*.12}% 92
\BOOKMARK [1][-]{appendix.A}{\376\377\000C\000l\000o\000s\000e\000d\000-\000F\000o\000r\000m\000\040\000L\000a\000p\000-\000T\000i\000m\000e\000\040\000R\000e\000s\000u\000l\000t\000s}{part*.12}% 93
\BOOKMARK [2][-]{subsection.A.1}{\376\377\000S\000i\000n\000g\000l\000e\000-\000R\000a\000d\000i\000u\000s\000\040\000C\000o\000r\000n\000e\000r}{appendix.A}% 94
\BOOKMARK [2][-]{subsection.A.2}{\376\377\000S\000y\000m\000m\000e\000t\000r\000i\000c\000\040\000S\000t\000r\000a\000i\000g\000h\000t}{appendix.A}% 95
\BOOKMARK [2][-]{subsection.A.3}{\376\377\000E\000n\000t\000r\000y\000\040\000a\000n\000d\000\040\000E\000x\000i\000t\000\040\000G\000e\000o\000m\000e\000t\000r\000i\000e\000s}{appendix.A}% 96
\BOOKMARK [2][-]{subsection.A.4}{\376\377\000B\000r\000a\000k\000i\000n\000g\000\040\000D\000i\000s\000t\000a\000n\000c\000e\000\040\000a\000t\000\040\000A\000e\000r\000o\000d\000y\000n\000a\000m\000i\000c\000\040\000L\000i\000m\000i\000t}{appendix.A}% 97
\BOOKMARK [1][-]{appendix.B}{\376\377\000F\000e\000e\000d\000b\000a\000c\000k\000\040\000C\000o\000n\000t\000r\000o\000l\000\040\000S\000t\000a\000b\000i\000l\000i\000t\000y\000\040\000A\000n\000a\000l\000y\000s\000i\000s}{part*.12}% 98
\BOOKMARK [2][-]{subsection.B.1}{\376\377\000S\000a\000t\000u\000r\000a\000t\000i\000o\000n\000\040\000a\000n\000d\000\040\000A\000n\000t\000i\000-\000W\000i\000n\000d\000u\000p}{appendix.B}% 99
\BOOKMARK [1][-]{appendix.C}{\376\377\000S\000t\000a\000t\000i\000s\000t\000i\000c\000a\000l\000\040\000T\000e\000s\000t\000s\000\040\000f\000o\000r\000\040\000I\000n\000t\000e\000n\000t\000\040\000I\000d\000e\000n\000t\000i\000f\000i\000a\000b\000i\000l\000i\000t\000y}{part*.12}% 100
\BOOKMARK [2][-]{subsection.C.1}{\376\377\000L\000i\000k\000e\000l\000i\000h\000o\000o\000d\000\040\000R\000a\000t\000i\000o\000\040\000T\000e\000s\000t}{appendix.C}% 101
\BOOKMARK [2][-]{subsection.C.2}{\376\377\000C\000o\000n\000s\000i\000s\000t\000e\000n\000c\000y\000\040\000R\000a\000d\000i\000u\000s}{appendix.C}% 102
\BOOKMARK [2][-]{subsection.C.3}{\376\377\000B\000o\000o\000t\000s\000t\000r\000a\000p\000\040\000C\000o\000n\000f\000i\000d\000e\000n\000c\000e}{appendix.C}% 103
\BOOKMARK [2][-]{subsection.C.4}{\376\377\000F\000i\000s\000h\000e\000r\000-\000I\000n\000f\000o\000r\000m\000a\000t\000i\000o\000n\000\040\000T\000e\000s\000t}{appendix.C}% 104
\BOOKMARK [1][-]{appendix.D}{\376\377\000N\000u\000m\000e\000r\000i\000c\000a\000l\000\040\000A\000l\000g\000o\000r\000i\000t\000h\000m\000s\000\040\000f\000o\000r\000\040\000t\000h\000e\000\040\000T\000r\000a\000i\000n\000i\000n\000g\000\040\000C\000u\000r\000r\000i\000c\000u\000l\000u\000m}{part*.12}% 105
\BOOKMARK [1][-]{appendix.E}{\376\377\000A\000d\000d\000i\000t\000i\000o\000n\000a\000l\000\040\000P\000r\000o\000o\000f\000s\000\040\000a\000n\000d\000\040\000A\000u\000x\000i\000l\000i\000a\000r\000y\000\040\000R\000e\000s\000u\000l\000t\000s}{part*.12}% 106
\BOOKMARK [2][-]{subsection.E.1}{\376\377\000P\000r\000o\000o\000f\000\040\000o\000f\000\040\000M\000o\000n\000o\000t\000o\000n\000e\000\040\000A\000p\000p\000r\000o\000x\000i\000m\000a\000t\000i\000o\000n}{appendix.E}% 107
\BOOKMARK [2][-]{subsection.E.2}{\376\377\000P\000r\000o\000o\000f\000\040\000o\000f\000\040\000R\000e\000s\000i\000d\000u\000a\000l\000\040\000T\000r\000a\000n\000s\000f\000e\000r\000\040\000B\000o\000u\000n\000d}{appendix.E}% 108
\BOOKMARK [2][-]{subsection.E.3}{\376\377\000P\000r\000o\000o\000f\000\040\000o\000f\000\040\000D\000a\000t\000a\000\040\000C\000o\000m\000p\000l\000e\000x\000i\000t\000y\000\040\000B\000o\000u\000n\000d}{appendix.E}% 109
\BOOKMARK [2][-]{subsection.E.4}{\376\377\000P\000r\000o\000o\000f\000\040\000o\000f\000\040\000C\000o\000u\000p\000l\000e\000d\000-\000O\000s\000c\000i\000l\000l\000a\000t\000o\000r\000\040\000I\000n\000t\000e\000r\000p\000r\000e\000t\000a\000t\000i\000o\000n}{appendix.E}% 110
\BOOKMARK [2][-]{subsection.E.5}{\376\377\000F\000u\000r\000t\000h\000e\000r\000\040\000R\000e\000m\000a\000r\000k\000s\000\040\000o\000n\000\040\000U\000n\000c\000e\000r\000t\000a\000i\000n\000t\000y}{appendix.E}% 111
\BOOKMARK [1][-]{appendix.F}{\376\377\000E\000x\000t\000e\000n\000d\000e\000d\000\040\000T\000i\000m\000e\000s\000c\000a\000l\000e\000\040\000A\000n\000a\000l\000y\000s\000i\000s}{part*.12}% 112
\BOOKMARK [2][-]{subsection.F.1}{\376\377\000B\000r\000a\000k\000i\000n\000g\000\040\000S\000u\000b\000d\000i\000v\000i\000s\000i\000o\000n}{appendix.F}% 113
\BOOKMARK [2][-]{subsection.F.2}{\376\377\000C\000o\000r\000n\000e\000r\000i\000n\000g\000\040\000S\000u\000b\000d\000i\000v\000i\000s\000i\000o\000n}{appendix.F}% 114
\BOOKMARK [2][-]{subsection.F.3}{\376\377\000L\000a\000t\000e\000n\000c\000y\000\040\000B\000u\000d\000g\000e\000t\000\040\000A\000l\000l\000o\000c\000a\000t\000i\000o\000n}{appendix.F}% 115
\BOOKMARK [2][-]{subsection.F.4}{\376\377\000C\000o\000g\000n\000i\000t\000i\000v\000e\000\040\000L\000a\000y\000e\000r\000\040\000A\000l\000l\000o\000c\000a\000t\000i\000o\000n}{appendix.F}% 116
\BOOKMARK [1][-]{appendix.G}{\376\377\000D\000e\000t\000a\000i\000l\000e\000d\000\040\000C\000o\000n\000s\000t\000r\000a\000i\000n\000t\000\040\000C\000a\000s\000c\000a\000d\000e\000\040\000E\000x\000a\000m\000p\000l\000e\000s}{part*.12}% 117
\BOOKMARK [2][-]{subsection.G.1}{\376\377\000S\000p\000e\000e\000d\000\040\000L\000i\000m\000i\000t}{appendix.G}% 118
\BOOKMARK [2][-]{subsection.G.2}{\376\377\000L\000a\000n\000e\000\040\000B\000o\000u\000n\000d\000a\000r\000y}{appendix.G}% 119
\BOOKMARK [2][-]{subsection.G.3}{\376\377\000I\000n\000t\000e\000r\000s\000e\000c\000t\000i\000o\000n\000\040\000P\000r\000i\000o\000r\000i\000t\000y}{appendix.G}% 120
\BOOKMARK [2][-]{subsection.G.4}{\376\377\000P\000e\000d\000e\000s\000t\000r\000i\000a\000n\000\040\000C\000r\000o\000s\000s\000i\000n\000g}{appendix.G}% 121
\BOOKMARK [2][-]{subsection.G.5}{\376\377\000S\000i\000g\000n\000a\000l\000l\000i\000n\000g}{appendix.G}% 122
\BOOKMARK [1][-]{appendix.H}{\376\377\000T\000o\000p\000-\000H\000u\000m\000a\000n\000\040\000R\000e\000s\000i\000d\000u\000a\000l\000\040\000S\000p\000e\000c\000t\000r\000a\000l\000\040\000A\000n\000a\000l\000y\000s\000i\000s}{part*.12}% 123
\BOOKMARK [2][-]{subsection.H.1}{\376\377\000P\000o\000w\000e\000r\000\040\000S\000p\000e\000c\000t\000r\000a\000l\000\040\000D\000e\000n\000s\000i\000t\000y}{appendix.H}% 124
\BOOKMARK [2][-]{subsection.H.2}{\376\377\000R\000e\000s\000i\000d\000u\000a\000l\000\040\000C\000o\000v\000a\000r\000i\000a\000n\000c\000e}{appendix.H}% 125
\BOOKMARK [2][-]{subsection.H.3}{\376\377\000I\000n\000t\000e\000g\000r\000a\000t\000i\000o\000n\000\040\000i\000n\000t\000o\000\040\000t\000h\000e\000\040\000R\000e\000f\000l\000e\000x\000\040\000S\000t\000a\000c\000k}{appendix.H}% 126
\BOOKMARK [1][-]{appendix.I}{\376\377\000P\000r\000a\000c\000t\000i\000c\000a\000l\000\040\000I\000m\000p\000l\000e\000m\000e\000n\000t\000a\000t\000i\000o\000n\000\040\000N\000o\000t\000e\000s}{part*.12}% 127
\BOOKMARK [2][-]{subsection.I.1}{\376\377\000H\000a\000r\000d\000w\000a\000r\000e\000\040\000C\000o\000n\000s\000i\000d\000e\000r\000a\000t\000i\000o\000n\000s}{appendix.I}% 128
\BOOKMARK [2][-]{subsection.I.2}{\376\377\000S\000o\000f\000t\000w\000a\000r\000e\000\040\000A\000r\000c\000h\000i\000t\000e\000c\000t\000u\000r\000e}{appendix.I}% 129
\BOOKMARK [2][-]{subsection.I.3}{\376\377\000C\000e\000r\000t\000i\000f\000i\000c\000a\000t\000i\000o\000n\000\040\000a\000n\000d\000\040\000V\000a\000l\000i\000d\000a\000t\000i\000o\000n}{appendix.I}% 130
\BOOKMARK [2][-]{subsection.I.4}{\376\377\000D\000e\000p\000l\000o\000y\000m\000e\000n\000t\000\040\000C\000u\000r\000r\000i\000c\000u\000l\000u\000m}{appendix.I}% 131
\BOOKMARK [1][-]{appendix.J}{\376\377\000C\000o\000m\000p\000a\000r\000i\000s\000o\000n\000s\000\040\000w\000i\000t\000h\000\040\000S\000p\000r\000i\000n\000t\000\040\000B\000i\000o\000m\000e\000c\000h\000a\000n\000i\000c\000s}{part*.12}% 132
\BOOKMARK [1][-]{appendix.K}{\376\377\000O\000n\000\040\000t\000h\000e\000\040\000R\000o\000l\000e\000\040\000o\000f\000\040\000S\000i\000m\000u\000l\000a\000t\000i\000o\000n}{part*.12}% 133
\BOOKMARK [2][-]{subsection.K.1}{\376\377\000S\000i\000m\000u\000l\000a\000t\000o\000r\000\040\000F\000i\000d\000e\000l\000i\000t\000y}{appendix.K}% 134
\BOOKMARK [2][-]{subsection.K.2}{\376\377\000S\000i\000m\000-\000t\000o\000-\000R\000e\000a\000l\000\040\000C\000u\000r\000r\000i\000c\000u\000l\000u\000m}{appendix.K}% 135
\BOOKMARK [1][-]{appendix.L}{\376\377\000C\000o\000n\000n\000e\000c\000t\000i\000o\000n\000s\000\040\000t\000o\000\040\000C\000l\000a\000s\000s\000i\000c\000a\000l\000\040\000C\000o\000n\000t\000r\000o\000l\000\040\000L\000i\000t\000e\000r\000a\000t\000u\000r\000e}{part*.12}% 136
\BOOKMARK [2][-]{subsection.L.1}{\376\377\000P\000o\000n\000t\000r\000y\000a\000g\000i\000n\000'\000s\000\040\000M\000a\000x\000i\000m\000u\000m\000\040\000P\000r\000i\000n\000c\000i\000p\000l\000e}{appendix.L}% 137
\BOOKMARK [2][-]{subsection.L.2}{\376\377\000B\000r\000y\000s\000o\000n\040\023\000H\000o\000\040\000F\000r\000a\000m\000e\000w\000o\000r\000k}{appendix.L}% 138
\BOOKMARK [2][-]{subsection.L.3}{\376\377\000B\000e\000l\000l\000m\000a\000n\000\040\000a\000n\000d\000\040\000D\000y\000n\000a\000m\000i\000c\000\040\000P\000r\000o\000g\000r\000a\000m\000m\000i\000n\000g}{appendix.L}% 139
\BOOKMARK [2][-]{subsection.L.4}{\376\377\000A\000f\000t\000a\000l\000i\000o\000n\040\023\000T\000r\000e\000l\000a\000t\000\040\000R\000u\000n\000n\000i\000n\000g\000\040\000O\000p\000t\000i\000m\000i\000s\000a\000t\000i\000o\000n}{appendix.L}% 140
\BOOKMARK [1][-]{appendix.M}{\376\377\000O\000n\000\040\000t\000h\000e\000\040\000U\000n\000i\000q\000u\000e\000n\000e\000s\000s\000\040\000o\000f\000\040\000C\000i\000r\000c\000u\000i\000t\000s\000\040\000a\000s\000\040\000T\000r\000a\000i\000n\000i\000n\000g\000\040\000E\000n\000v\000i\000r\000o\000n\000m\000e\000n\000t\000s}{part*.12}% 141
\BOOKMARK [2][-]{subsection.M.1}{\376\377\000D\000e\000s\000i\000d\000e\000r\000a\000t\000a}{appendix.M}% 142
\BOOKMARK [1][-]{appendix.N}{\376\377\000F\000u\000r\000t\000h\000e\000r\000\040\000T\000h\000e\000o\000r\000e\000t\000i\000c\000a\000l\000\040\000R\000e\000m\000a\000r\000k\000s}{part*.12}% 143
\BOOKMARK [2][-]{subsection.N.1}{\376\377\000C\000a\000t\000e\000g\000o\000r\000y\000-\000T\000h\000e\000o\000r\000e\000t\000i\000c\000\040\000I\000n\000t\000e\000r\000p\000r\000e\000t\000a\000t\000i\000o\000n}{appendix.N}% 144
\BOOKMARK [2][-]{subsection.N.2}{\376\377\000I\000n\000f\000o\000r\000m\000a\000t\000i\000o\000n\000-\000T\000h\000e\000o\000r\000e\000t\000i\000c\000\040\000I\000n\000t\000e\000r\000p\000r\000e\000t\000a\000t\000i\000o\000n}{appendix.N}% 145
\BOOKMARK [2][-]{subsection.N.3}{\376\377\000G\000e\000o\000m\000e\000t\000r\000i\000c\000\040\000I\000n\000t\000e\000r\000p\000r\000e\000t\000a\000t\000i\000o\000n}{appendix.N}% 146
\BOOKMARK [2][-]{subsection.N.4}{\376\377\000C\000o\000m\000p\000u\000t\000a\000t\000i\000o\000n\000a\000l\000\040\000C\000o\000m\000p\000l\000e\000x\000i\000t\000y}{appendix.N}% 147
\BOOKMARK [1][-]{appendix.O}{\376\377\000F\000i\000n\000a\000l\000\040\000T\000h\000e\000o\000r\000e\000m\000:\000\040\000A\000r\000c\000h\000i\000t\000e\000c\000t\000u\000r\000a\000l\000\040\000U\000n\000i\000q\000u\000e\000n\000e\000s\000s}{part*.12}% 148
