\BOOKMARK [0][-]{part.1}{\376\377\000I\000\040\000F\000o\000u\000n\000d\000a\000t\000i\000o\000n\000s}{}% 1
\BOOKMARK [1][-]{section.1}{\376\377\000I\000n\000t\000r\000o\000d\000u\000c\000t\000i\000o\000n}{part.1}% 2
\BOOKMARK [2][-]{subsection.1.1}{\376\377\000T\000h\000e\000\040\000F\000a\000i\000l\000u\000r\000e\000\040\000o\000f\000\040\000P\000h\000o\000t\000o\000n\000-\000D\000e\000p\000e\000n\000d\000e\000n\000t\000\040\000N\000a\000v\000i\000g\000a\000t\000i\000o\000n}{section.1}% 3
\BOOKMARK [2][-]{subsection.1.2}{\376\377\000T\000h\000e\000\040\000A\000t\000m\000o\000s\000p\000h\000e\000r\000e\000\040\000a\000s\000\040\000I\000n\000f\000o\000r\000m\000a\000t\000i\000o\000n\000\040\000M\000e\000d\000i\000u\000m}{section.1}% 4
\BOOKMARK [2][-]{subsection.1.3}{\376\377\000S\000t\000r\000u\000c\000t\000u\000r\000e\000\040\000o\000f\000\040\000T\000h\000i\000s\000\040\000P\000a\000p\000e\000r}{section.1}% 5
\BOOKMARK [1][-]{section.2}{\376\377\000T\000h\000e\000\040\000B\000o\000u\000n\000d\000e\000d\000\040\000P\000h\000a\000s\000e\000\040\000S\000p\000a\000c\000e\000\040\000A\000x\000i\000o\000m}{part.1}% 6
\BOOKMARK [1][-]{section.3}{\376\377\000P\000a\000r\000t\000i\000t\000i\000o\000n\000\040\000S\000t\000r\000u\000c\000t\000u\000r\000e}{part.1}% 7
\BOOKMARK [2][-]{subsection.3.1}{\376\377\000P\000a\000r\000t\000i\000t\000i\000o\000n\000\040\000C\000o\000o\000r\000d\000i\000n\000a\000t\000e\000s}{section.3}% 8
\BOOKMARK [2][-]{subsection.3.2}{\376\377\000P\000a\000r\000t\000i\000t\000i\000o\000n\000\040\000D\000e\000p\000t\000h}{section.3}% 9
\BOOKMARK [2][-]{subsection.3.3}{\376\377\000T\000h\000e\000\040\000F\000i\000v\000e\000\040\000P\000a\000r\000t\000i\000t\000i\000o\000n\000\040\000T\000h\000e\000o\000r\000e\000m\000s}{section.3}% 10
\BOOKMARK [1][-]{section.4}{\376\377\000T\000r\000i\000p\000l\000e\000\040\000E\000q\000u\000i\000v\000a\000l\000e\000n\000c\000e\000\040\000a\000n\000d\000\040\000T\000h\000e\000r\000m\000o\000d\000y\000n\000a\000m\000i\000c\000s}{part.1}% 11
\BOOKMARK [2][-]{subsection.4.1}{\376\377\000T\000h\000e\000\040\000T\000r\000i\000p\000l\000e\000\040\000E\000q\000u\000i\000v\000a\000l\000e\000n\000c\000e}{section.4}% 12
\BOOKMARK [2][-]{subsection.4.2}{\376\377\000S\000-\000E\000n\000t\000r\000o\000p\000y\000\040\000C\000o\000o\000r\000d\000i\000n\000a\000t\000e\000s}{section.4}% 13
\BOOKMARK [2][-]{subsection.4.3}{\376\377\000T\000h\000r\000e\000e\000\040\000F\000o\000r\000m\000s\000\040\000o\000f\000\040\000E\000n\000t\000r\000o\000p\000y\000,\000\040\000T\000e\000m\000p\000e\000r\000a\000t\000u\000r\000e\000,\000\040\000a\000n\000d\000\040\000P\000r\000e\000s\000s\000u\000r\000e}{section.4}% 14
\BOOKMARK [0][-]{part.2}{\376\377\000I\000I\000\040\000T\000r\000a\000n\000s\000p\000o\000r\000t\000\040\000P\000h\000y\000s\000i\000c\000s}{}% 15
\BOOKMARK [1][-]{section.5}{\376\377\000V\000i\000s\000c\000o\000s\000i\000t\000y\000\040\000f\000r\000o\000m\000\040\000P\000a\000r\000t\000i\000t\000i\000o\000n\000\040\000D\000y\000n\000a\000m\000i\000c\000s}{part.2}% 16
\BOOKMARK [1][-]{section.6}{\376\377\000S\000p\000e\000e\000d\000\040\000o\000f\000\040\000L\000i\000g\000h\000t\000\040\000a\000s\000\040\000M\000a\000x\000i\000m\000u\000m\000\040\000C\000a\000t\000e\000g\000o\000r\000i\000c\000a\000l\000\040\000P\000r\000o\000p\000a\000g\000a\000t\000i\000o\000n}{part.2}% 17
\BOOKMARK [1][-]{section.7}{\376\377\000D\000i\000f\000f\000u\000s\000i\000o\000n\000\040\000f\000r\000o\000m\000\040\000P\000a\000r\000t\000i\000t\000i\000o\000n\000\040\000D\000y\000n\000a\000m\000i\000c\000s}{part.2}% 18
\BOOKMARK [1][-]{section.8}{\376\377\000N\000a\000v\000i\000e\000r\040\023\000S\000t\000o\000k\000e\000s\000\040\000a\000s\000\040\000P\000a\000r\000t\000i\000t\000i\000o\000n\000\040\000N\000e\000t\000w\000o\000r\000k\000\040\000D\000y\000n\000a\000m\000i\000c\000s}{part.2}% 19
\BOOKMARK [0][-]{part.3}{\376\377\000I\000I\000I\000\040\000A\000t\000m\000o\000s\000p\000h\000e\000r\000i\000c\000\040\000C\000o\000m\000p\000u\000t\000a\000t\000i\000o\000n}{}% 20
\BOOKMARK [1][-]{section.9}{\376\377\000O\000s\000c\000i\000l\000l\000a\000t\000o\000r\040\023\000P\000r\000o\000c\000e\000s\000s\000o\000r\000\040\000D\000u\000a\000l\000i\000t\000y}{part.3}% 21
\BOOKMARK [1][-]{section.10}{\376\377\000T\000h\000e\000\040\000A\000t\000m\000o\000s\000p\000h\000e\000r\000e\000\040\000a\000s\000\040\000D\000i\000s\000t\000r\000i\000b\000u\000t\000e\000d\000\040\000C\000o\000m\000p\000u\000t\000e\000r}{part.3}% 22
\BOOKMARK [1][-]{section.11}{\376\377\000E\000m\000e\000r\000g\000e\000n\000t\000\040\000M\000e\000m\000o\000r\000y\000\040\000a\000n\000d\000\040\000V\000i\000s\000i\000t\000e\000d\000\040\000S\000t\000a\000t\000e\000s}{part.3}% 23
\BOOKMARK [0][-]{part.4}{\376\377\000I\000V\000\040\000M\000o\000l\000e\000c\000u\000l\000a\000r\000\040\000T\000r\000a\000i\000l\000\040\000P\000h\000y\000s\000i\000c\000s}{}% 24
\BOOKMARK [1][-]{section.12}{\376\377\000E\000x\000h\000a\000u\000s\000t\000\040\000a\000s\000\040\000P\000a\000r\000t\000i\000t\000i\000o\000n\000\040\000S\000t\000a\000t\000e\000\040\000S\000i\000g\000n\000a\000t\000u\000r\000e}{part.4}% 25
\BOOKMARK [2][-]{subsection.12.1}{\376\377\000E\000x\000h\000a\000u\000s\000t\000\040\000C\000o\000m\000p\000o\000s\000i\000t\000i\000o\000n\000\040\000a\000n\000d\000\040\000P\000a\000r\000t\000i\000t\000i\000o\000n\000\040\000F\000i\000n\000g\000e\000r\000p\000r\000i\000n\000t}{section.12}% 26
\BOOKMARK [1][-]{section.13}{\376\377\000T\000r\000a\000i\000l\000\040\000P\000e\000r\000s\000i\000s\000t\000e\000n\000c\000e}{part.4}% 27
\BOOKMARK [1][-]{section.14}{\376\377\000I\000n\000f\000o\000r\000m\000a\000t\000i\000o\000n\000\040\000C\000o\000n\000t\000e\000n\000t\000\040\000o\000f\000\040\000M\000o\000l\000e\000c\000u\000l\000a\000r\000\040\000T\000r\000a\000i\000l\000s}{part.4}% 28
\BOOKMARK [1][-]{section.15}{\376\377\000S\000i\000g\000n\000a\000l\000\040\000P\000r\000o\000p\000a\000g\000a\000t\000i\000o\000n\000\040\000H\000i\000e\000r\000a\000r\000c\000h\000y}{part.4}% 29
\BOOKMARK [0][-]{part.5}{\376\377\000V\000\040\000N\000a\000v\000i\000g\000a\000t\000i\000o\000n\000\040\000A\000p\000p\000l\000i\000c\000a\000t\000i\000o\000n\000s}{}% 30
\BOOKMARK [1][-]{section.16}{\376\377\000A\000p\000p\000l\000i\000c\000a\000t\000i\000o\000n\000\040\0001\000:\000\040\000P\000h\000o\000t\000o\000n\000-\000I\000n\000d\000e\000p\000e\000n\000d\000e\000n\000t\000\040\000N\000a\000v\000i\000g\000a\000t\000i\000o\000n}{part.5}% 31
\BOOKMARK [2][-]{subsection.16.1}{\376\377\000D\000e\000t\000e\000c\000t\000i\000o\000n\000\040\000M\000e\000c\000h\000a\000n\000i\000s\000m\000s}{section.16}% 32
\BOOKMARK [1][-]{section.17}{\376\377\000A\000p\000p\000l\000i\000c\000a\000t\000i\000o\000n\000\040\0002\000:\000\040\000P\000r\000e\000d\000i\000c\000t\000i\000v\000e\000\040\000H\000a\000z\000a\000r\000d\000\040\000D\000e\000t\000e\000c\000t\000i\000o\000n}{part.5}% 33
\BOOKMARK [2][-]{subsection.17.1}{\376\377\000B\000r\000a\000k\000e\000\040\000A\000n\000t\000i\000c\000i\000p\000a\000t\000i\000o\000n}{section.17}% 34
\BOOKMARK [2][-]{subsection.17.2}{\376\377\000A\000r\000o\000u\000n\000d\000-\000C\000o\000r\000n\000e\000r\000\040\000D\000e\000t\000e\000c\000t\000i\000o\000n}{section.17}% 35
\BOOKMARK [1][-]{section.18}{\376\377\000A\000p\000p\000l\000i\000c\000a\000t\000i\000o\000n\000\040\0003\000:\000\040\000M\000o\000l\000e\000c\000u\000l\000a\000r\000\040\000M\000e\000m\000o\000r\000y\000\040\000i\000n\000\040\000R\000o\000a\000d\000\040\000N\000e\000t\000w\000o\000r\000k\000s}{part.5}% 36
\BOOKMARK [1][-]{section.19}{\376\377\000A\000p\000p\000l\000i\000c\000a\000t\000i\000o\000n\000\040\0004\000:\000\040\000T\000r\000a\000f\000f\000i\000c\000\040\000D\000e\000n\000s\000i\000t\000y\000\040\000R\000e\000c\000o\000n\000s\000t\000r\000u\000c\000t\000i\000o\000n}{part.5}% 37
\BOOKMARK [1][-]{section.20}{\376\377\000A\000p\000p\000l\000i\000c\000a\000t\000i\000o\000n\000\040\0005\000:\000\040\000E\000m\000e\000r\000g\000e\000n\000t\000\040\000C\000o\000n\000v\000o\000y\000\040\000F\000o\000r\000m\000a\000t\000i\000o\000n}{part.5}% 38
\BOOKMARK [1][-]{section.21}{\376\377\000A\000p\000p\000l\000i\000c\000a\000t\000i\000o\000n\000\040\0006\000:\000\040\000V\000e\000h\000i\000c\000l\000e\000-\000t\000o\000-\000A\000t\000m\000o\000s\000p\000h\000e\000r\000e\000-\000t\000o\000-\000V\000e\000h\000i\000c\000l\000e\000\040\000C\000o\000m\000m\000u\000n\000i\000c\000a\000t\000i\000o\000n}{part.5}% 39
\BOOKMARK [1][-]{section.22}{\376\377\000A\000p\000p\000l\000i\000c\000a\000t\000i\000o\000n\000\040\0007\000:\000\040\000H\000u\000m\000a\000n\000\040\000P\000r\000e\000s\000e\000n\000c\000e\000\040\000D\000e\000t\000e\000c\000t\000i\000o\000n}{part.5}% 40
\BOOKMARK [0][-]{part.6}{\376\377\000V\000I\000\040\000E\000x\000p\000e\000r\000i\000m\000e\000n\000t\000a\000l\000\040\000V\000a\000l\000i\000d\000a\000t\000i\000o\000n\000\040\000P\000r\000o\000t\000o\000c\000o\000l\000s}{}% 41
\BOOKMARK [1][-]{section.23}{\376\377\000E\000x\000p\000e\000r\000i\000m\000e\000n\000t\000a\000l\000\040\000V\000a\000l\000i\000d\000a\000t\000i\000o\000n}{part.6}% 42
\BOOKMARK [0][-]{part.7}{\376\377\000V\000I\000I\000\040\000D\000i\000s\000c\000u\000s\000s\000i\000o\000n\000\040\000a\000n\000d\000\040\000C\000o\000n\000c\000l\000u\000s\000i\000o\000n}{}% 43
\BOOKMARK [1][-]{section.24}{\376\377\000D\000i\000s\000c\000u\000s\000s\000i\000o\000n}{part.7}% 44
\BOOKMARK [2][-]{subsection.24.1}{\376\377\000R\000e\000l\000a\000t\000i\000o\000n\000s\000h\000i\000p\000\040\000t\000o\000\040\000P\000r\000i\000o\000r\000\040\000W\000o\000r\000k}{section.24}% 45
\BOOKMARK [2][-]{subsection.24.2}{\376\377\000C\000o\000m\000p\000a\000r\000i\000s\000o\000n\000\040\000w\000i\000t\000h\000\040\000C\000o\000n\000v\000e\000n\000t\000i\000o\000n\000a\000l\000\040\000A\000u\000t\000o\000n\000o\000m\000o\000u\000s\000\040\000D\000r\000i\000v\000i\000n\000g}{section.24}% 46
\BOOKMARK [2][-]{subsection.24.3}{\376\377\000L\000i\000m\000i\000t\000a\000t\000i\000o\000n\000s}{section.24}% 47
\BOOKMARK [2][-]{subsection.24.4}{\376\377\000I\000n\000t\000e\000l\000l\000e\000c\000t\000u\000a\000l\000\040\000P\000r\000o\000p\000e\000r\000t\000y\000\040\000S\000t\000r\000u\000c\000t\000u\000r\000e}{section.24}% 48
\BOOKMARK [1][-]{section.25}{\376\377\000C\000o\000n\000c\000l\000u\000s\000i\000o\000n}{part.7}% 49
\BOOKMARK [1][-]{appendix.A}{\376\377\000S\000u\000m\000m\000a\000r\000y\000\040\000o\000f\000\040\000N\000o\000t\000a\000t\000i\000o\000n}{part.7}% 50
\BOOKMARK [1][-]{appendix.B}{\376\377\000C\000o\000m\000p\000l\000e\000t\000e\000\040\000T\000h\000e\000o\000r\000e\000m\000\040\000I\000n\000d\000e\000x}{part.7}% 51
\BOOKMARK [1][-]{appendix.C}{\376\377\000D\000i\000m\000e\000n\000s\000i\000o\000n\000a\000l\000\040\000A\000n\000a\000l\000y\000s\000i\000s\000\040\000V\000e\000r\000i\000f\000i\000c\000a\000t\000i\000o\000n}{part.7}% 52
\BOOKMARK [2][-]{subsection.C.1}{\376\377\000V\000i\000s\000c\000o\000s\000i\000t\000y\000\040\000\050\000T\000h\000e\000o\000r\000e\000m\000\040\0005\000.\0003\000\051}{appendix.C}% 53
\BOOKMARK [2][-]{subsection.C.2}{\376\377\000S\000t\000o\000k\000e\000s\040\023\000E\000i\000n\000s\000t\000e\000i\000n\000\040\000\050\000T\000h\000e\000o\000r\000e\000m\000\040\0007\000.\0001\000\051}{appendix.C}% 54
\BOOKMARK [2][-]{subsection.C.3}{\376\377\000P\000r\000o\000c\000e\000s\000s\000i\000n\000g\000\040\000R\000a\000t\000e\000\040\000\050\000T\000h\000e\000o\000r\000e\000m\000\040\0009\000.\0001\000\051}{appendix.C}% 55
\BOOKMARK [2][-]{subsection.C.4}{\376\377\000T\000r\000a\000i\000l\000\040\000P\000e\000r\000s\000i\000s\000t\000e\000n\000c\000e\000\040\000\050\000T\000h\000e\000o\000r\000e\000m\000\040\0001\0003\000.\0001\000\051}{appendix.C}% 56
\BOOKMARK [2][-]{subsection.C.5}{\376\377\000C\000r\000i\000t\000i\000c\000a\000l\000\040\000D\000e\000n\000s\000i\000t\000y\000\040\000\050\000T\000h\000e\000o\000r\000e\000m\000\040\0002\0000\000.\0001\000\051}{appendix.C}% 57
