\BOOKMARK [0][-]{part*.2}{\376\377\000P\000a\000r\000t\000\040\000I\000:\000\040\000T\000h\000e\000\040\000E\000l\000i\000m\000i\000n\000a\000t\000i\000o\000n}{}% 1
\BOOKMARK [1][-]{section.1}{\376\377\000I\000n\000t\000r\000o\000d\000u\000c\000t\000i\000o\000n}{part*.2}% 2
\BOOKMARK [2][-]{subsection.1.1}{\376\377\000T\000h\000e\000\040\000M\000e\000m\000b\000r\000a\000n\000e\000\040\000C\000o\000m\000p\000u\000t\000i\000n\000g\000\040\000H\000y\000p\000o\000t\000h\000e\000s\000i\000s}{section.1}% 3
\BOOKMARK [2][-]{subsection.1.2}{\376\377\000E\000x\000p\000e\000r\000i\000m\000e\000n\000t\000a\000l\000\040\000S\000t\000r\000a\000t\000e\000g\000y}{section.1}% 4
\BOOKMARK [2][-]{subsection.1.3}{\376\377\000O\000v\000e\000r\000v\000i\000e\000w\000\040\000o\000f\000\040\000R\000e\000s\000u\000l\000t\000s}{section.1}% 5
\BOOKMARK [1][-]{section.2}{\376\377\000T\000h\000e\000o\000r\000e\000t\000i\000c\000a\000l\000\040\000F\000r\000a\000m\000e\000w\000o\000r\000k}{part*.2}% 6
\BOOKMARK [2][-]{subsection.2.1}{\376\377\000T\000h\000e\000\040\000B\000o\000u\000n\000d\000e\000d\000\040\000P\000h\000a\000s\000e\000\040\000S\000p\000a\000c\000e\000\040\000A\000x\000i\000o\000m}{section.2}% 7
\BOOKMARK [2][-]{subsection.2.2}{\376\377\000T\000r\000i\000p\000l\000e\000\040\000E\000q\000u\000i\000v\000a\000l\000e\000n\000c\000e}{section.2}% 8
\BOOKMARK [2][-]{subsection.2.3}{\376\377\000O\000s\000c\000i\000l\000l\000a\000t\000o\000r\000-\000P\000r\000o\000c\000e\000s\000s\000o\000r\000\040\000D\000u\000a\000l\000i\000t\000y}{section.2}% 9
\BOOKMARK [2][-]{subsection.2.4}{\376\377\000S\000-\000E\000n\000t\000r\000o\000p\000y\000\040\000C\000o\000o\000r\000d\000i\000n\000a\000t\000e\000s}{section.2}% 10
\BOOKMARK [2][-]{subsection.2.5}{\376\377\000C\000a\000t\000e\000g\000o\000r\000i\000c\000a\000l\000-\000P\000h\000y\000s\000i\000c\000a\000l\000\040\000C\000o\000m\000m\000u\000t\000a\000t\000i\000o\000n}{section.2}% 11
\BOOKMARK [2][-]{subsection.2.6}{\376\377\000T\000h\000e\000\040\000L\000i\000p\000i\000d\000\040\000M\000e\000m\000b\000r\000a\000n\000e\000\040\000a\000s\000\040\000G\000e\000o\000m\000e\000t\000r\000i\000c\000\040\000N\000e\000c\000e\000s\000s\000i\000t\000y}{section.2}% 12
\BOOKMARK [1][-]{section.3}{\376\377\000Q\000u\000a\000n\000t\000u\000m\000\040\000P\000a\000t\000h\000w\000a\000y\000\040\040\024\000\040\000S\000y\000s\000t\000e\000m\000a\000t\000i\000c\000\040\000E\000l\000i\000m\000i\000n\000a\000t\000i\000o\000n}{part*.2}% 13
\BOOKMARK [2][-]{subsection.3.1}{\376\377\000E\000x\000p\000e\000r\000i\000m\000e\000n\000t\000\040\0001\000:\000\040\000I\000o\000n\000\040\000T\000u\000n\000n\000e\000l\000i\000n\000g}{section.3}% 14
\BOOKMARK [2][-]{subsection.3.2}{\376\377\000E\000x\000p\000e\000r\000i\000m\000e\000n\000t\000\040\0002\000:\000\040\000C\000o\000h\000e\000r\000e\000n\000c\000e\000\040\000F\000i\000e\000l\000d\000s}{section.3}% 15
\BOOKMARK [2][-]{subsection.3.3}{\376\377\000E\000x\000p\000e\000r\000i\000m\000e\000n\000t\000\040\0003\000:\000\040\000T\000i\000m\000e\000s\000c\000a\000l\000e\000\040\000C\000o\000u\000p\000l\000i\000n\000g}{section.3}% 16
\BOOKMARK [2][-]{subsection.3.4}{\376\377\000E\000x\000p\000e\000r\000i\000m\000e\000n\000t\000\040\0004\000:\000\040\000D\000e\000c\000o\000h\000e\000r\000e\000n\000c\000e\000\040\000R\000e\000s\000i\000s\000t\000a\000n\000c\000e}{section.3}% 17
\BOOKMARK [2][-]{subsection.3.5}{\376\377\000E\000x\000p\000e\000r\000i\000m\000e\000n\000t\000\040\0005\000:\000\040\000Q\000u\000a\000n\000t\000u\000m\000\040\000S\000t\000a\000t\000e\000\040\000T\000r\000a\000n\000s\000i\000t\000i\000o\000n\000s}{section.3}% 18
\BOOKMARK [1][-]{section.4}{\376\377\000W\000h\000y\000\040\000t\000h\000e\000\040\000Q\000u\000a\000n\000t\000u\000m\000\040\000F\000a\000i\000l\000u\000r\000e\000\040\000i\000s\000\040\000I\000n\000f\000o\000r\000m\000a\000t\000i\000v\000e}{part*.2}% 19
\BOOKMARK [2][-]{subsection.4.1}{\376\377\000T\000h\000e\000\040\000P\000h\000a\000s\000e\000-\000L\000o\000c\000k\000i\000n\000g\000\040\000P\000a\000r\000a\000d\000o\000x}{section.4}% 20
\BOOKMARK [2][-]{subsection.4.2}{\376\377\000T\000i\000m\000e\000s\000c\000a\000l\000e\000\040\000S\000e\000p\000a\000r\000a\000t\000i\000o\000n}{section.4}% 21
\BOOKMARK [2][-]{subsection.4.3}{\376\377\000C\000l\000a\000s\000s\000i\000c\000a\000l\000\040\000R\000o\000b\000u\000s\000t\000n\000e\000s\000s}{section.4}% 22
\BOOKMARK [0][-]{part*.4}{\376\377\000P\000a\000r\000t\000\040\000I\000I\000:\000\040\000T\000h\000e\000\040\000C\000l\000a\000s\000s\000i\000c\000a\000l\000\040\000V\000a\000l\000i\000d\000a\000t\000i\000o\000n}{}% 23
\BOOKMARK [1][-]{section.5}{\376\377\000B\000i\000o\000l\000o\000g\000i\000c\000a\000l\000\040\000P\000-\000N\000\040\000J\000u\000n\000c\000t\000i\000o\000n}{part*.4}% 24
\BOOKMARK [2][-]{subsection.5.1}{\376\377\000J\000u\000n\000c\000t\000i\000o\000n\000\040\000S\000t\000r\000u\000c\000t\000u\000r\000e}{section.5}% 25
\BOOKMARK [2][-]{subsection.5.2}{\376\377\000I\000-\000V\000\040\000C\000h\000a\000r\000a\000c\000t\000e\000r\000i\000s\000t\000i\000c\000s}{section.5}% 26
\BOOKMARK [2][-]{subsection.5.3}{\376\377\000C\000a\000t\000e\000g\000o\000r\000i\000c\000a\000l\000\040\000R\000e\000c\000t\000i\000f\000i\000c\000a\000t\000i\000o\000n}{section.5}% 27
\BOOKMARK [2][-]{subsection.5.4}{\376\377\000C\000o\000m\000p\000a\000r\000i\000s\000o\000n\000\040\000w\000i\000t\000h\000\040\000S\000i\000l\000i\000c\000o\000n}{section.5}% 28
\BOOKMARK [1][-]{section.6}{\376\377\000B\000M\000D\000\040\000T\000r\000a\000n\000s\000i\000s\000t\000o\000r\000\040\000A\000r\000c\000h\000i\000t\000e\000c\000t\000u\000r\000e}{part*.4}% 29
\BOOKMARK [2][-]{subsection.6.1}{\376\377\000M\000a\000x\000w\000e\000l\000l\000\040\000D\000e\000m\000o\000n\000\040\000O\000p\000e\000r\000a\000t\000i\000o\000n}{section.6}% 30
\BOOKMARK [2][-]{subsection.6.2}{\376\377\000C\000r\000o\000s\000s\000b\000a\000r\000\040\000G\000e\000o\000m\000e\000t\000r\000y\000\040\000a\000n\000d\000\040\000S\000e\000l\000e\000c\000t\000i\000o\000n\000\040\000B\000i\000a\000s}{section.6}% 31
\BOOKMARK [2][-]{subsection.6.3}{\376\377\000Z\000e\000r\000o\000\040\000T\000h\000e\000r\000m\000o\000d\000y\000n\000a\000m\000i\000c\000\040\000C\000o\000s\000t}{section.6}% 32
\BOOKMARK [2][-]{subsection.6.4}{\376\377\000L\000a\000n\000d\000s\000c\000a\000p\000e\000\040\000N\000a\000v\000i\000g\000a\000t\000i\000o\000n}{section.6}% 33
\BOOKMARK [1][-]{section.7}{\376\377\000T\000r\000i\000-\000D\000i\000m\000e\000n\000s\000i\000o\000n\000a\000l\000\040\000L\000o\000g\000i\000c\000\040\000G\000a\000t\000e\000s}{part*.4}% 34
\BOOKMARK [2][-]{subsection.7.1}{\376\377\000S\000i\000m\000u\000l\000t\000a\000n\000e\000o\000u\000s\000\040\000T\000r\000i\000-\000G\000a\000t\000e\000\040\000O\000p\000e\000r\000a\000t\000i\000o\000n}{section.7}% 35
\BOOKMARK [2][-]{subsection.7.2}{\376\377\000G\000e\000a\000r\000\040\000I\000n\000t\000e\000r\000c\000o\000n\000n\000e\000c\000t}{section.7}% 36
\BOOKMARK [1][-]{section.8}{\376\377\000C\000a\000t\000e\000g\000o\000r\000i\000c\000a\000l\000\040\000A\000L\000U}{part*.4}% 37
\BOOKMARK [2][-]{subsection.8.1}{\376\377\000O\000p\000e\000r\000a\000t\000i\000o\000n\000\040\000C\000a\000t\000a\000l\000o\000g\000u\000e}{section.8}% 38
\BOOKMARK [2][-]{subsection.8.2}{\376\377\000P\000a\000r\000t\000i\000t\000i\000o\000n\000\040\000S\000p\000a\000c\000e\000\040\000I\000n\000t\000e\000r\000p\000r\000e\000t\000a\000t\000i\000o\000n}{section.8}% 39
\BOOKMARK [2][-]{subsection.8.3}{\376\377\000T\000e\000r\000n\000a\000r\000y\000\040\000T\000r\000a\000j\000e\000c\000t\000o\000r\000y\000\040\000F\000i\000d\000e\000l\000i\000t\000y}{section.8}% 40
\BOOKMARK [1][-]{section.9}{\376\377\000P\000r\000o\000c\000e\000s\000s\000o\000r\000\040\000B\000e\000n\000c\000h\000m\000a\000r\000k\000i\000n\000g}{part*.4}% 41
\BOOKMARK [2][-]{subsection.9.1}{\376\377\000B\000e\000n\000c\000h\000m\000a\000r\000k\000\040\000R\000e\000s\000u\000l\000t\000s}{section.9}% 42
\BOOKMARK [2][-]{subsection.9.2}{\376\377\000C\000a\000t\000e\000g\000o\000r\000i\000c\000a\000l\000\040\000v\000s\000.\000\040\000S\000e\000q\000u\000e\000n\000t\000i\000a\000l\000\040\000P\000e\000r\000f\000o\000r\000m\000a\000n\000c\000e}{section.9}% 43
\BOOKMARK [1][-]{section.10}{\376\377\000Q\000u\000a\000n\000t\000u\000m\000\040\000G\000a\000t\000e\000\040\000O\000p\000e\000r\000a\000t\000i\000o\000n\000s\000\040\000o\000n\000\040\000C\000l\000a\000s\000s\000i\000c\000a\000l\000\040\000S\000u\000b\000s\000t\000r\000a\000t\000e}{part*.4}% 44
\BOOKMARK [2][-]{subsection.10.1}{\376\377\000G\000a\000t\000e\000\040\000F\000i\000d\000e\000l\000i\000t\000i\000e\000s}{section.10}% 45
\BOOKMARK [0][-]{part*.11}{\376\377\000P\000a\000r\000t\000\040\000I\000I\000I\000:\000\040\000M\000o\000l\000e\000c\000u\000l\000a\000r\000\040\000S\000i\000g\000n\000a\000l\000\040\000P\000r\000o\000c\000e\000s\000s\000i\000n\000g}{}% 46
\BOOKMARK [1][-]{section.11}{\376\377\000D\000u\000a\000l\000-\000M\000o\000d\000e\000\040\000M\000o\000l\000e\000c\000u\000l\000a\000r\000\040\000E\000n\000c\000o\000d\000i\000n\000g}{part*.11}% 47
\BOOKMARK [2][-]{subsection.11.1}{\376\377\000S\000p\000e\000c\000t\000r\000o\000s\000c\000o\000p\000i\000c\000\040\000C\000h\000a\000n\000n\000e\000l\000s}{section.11}% 48
\BOOKMARK [1][-]{section.12}{\376\377\000O\0002\000\040\000E\000n\000s\000e\000m\000b\000l\000e\000\040\000D\000i\000s\000c\000r\000i\000m\000i\000n\000a\000t\000i\000o\000n}{part*.11}% 49
\BOOKMARK [2][-]{subsection.12.1}{\376\377\000C\000a\000t\000e\000g\000o\000r\000i\000c\000a\000l\000\040\000v\000s\000.\000\040\000E\000n\000s\000e\000m\000b\000l\000e\000\040\000M\000e\000a\000s\000u\000r\000e\000m\000e\000n\000t}{section.12}% 50
\BOOKMARK [2][-]{subsection.12.2}{\376\377\000G\000i\000b\000b\000s\000\040\000P\000a\000r\000a\000d\000o\000x\000\040\000R\000e\000s\000o\000l\000u\000t\000i\000o\000n}{section.12}% 51
\BOOKMARK [1][-]{section.13}{\376\377\000O\000l\000f\000a\000c\000t\000o\000r\000y\000\040\000M\000o\000l\000e\000c\000u\000l\000a\000r\000\040\000S\000i\000g\000n\000a\000t\000u\000r\000e\000s}{part*.11}% 52
\BOOKMARK [2][-]{subsection.13.1}{\376\377\000O\000d\000o\000r\000a\000n\000t\000\040\000F\000i\000n\000g\000e\000r\000p\000r\000i\000n\000t\000s}{section.13}% 53
\BOOKMARK [1][-]{section.14}{\376\377\000M\000e\000m\000b\000r\000a\000n\000e\000\040\000C\000o\000m\000p\000o\000s\000i\000t\000i\000o\000n\000\040\000O\000p\000t\000i\000m\000i\000z\000a\000t\000i\000o\000n}{part*.11}% 54
\BOOKMARK [0][-]{part*.14}{\376\377\000P\000a\000r\000t\000\040\000I\000V\000:\000\040\000R\000o\000b\000u\000s\000t\000n\000e\000s\000s\000\040\000P\000r\000o\000p\000e\000r\000t\000i\000e\000s}{}% 55
\BOOKMARK [1][-]{section.15}{\376\377\000V\000e\000l\000o\000c\000i\000t\000y\000\040\000B\000l\000i\000n\000d\000n\000e\000s\000s}{part*.14}% 56
\BOOKMARK [1][-]{section.16}{\376\377\000T\000e\000m\000p\000e\000r\000a\000t\000u\000r\000e\000\040\000I\000n\000d\000e\000p\000e\000n\000d\000e\000n\000c\000e}{part*.14}% 57
\BOOKMARK [0][-]{part*.16}{\376\377\000P\000a\000r\000t\000\040\000V\000:\000\040\000S\000y\000n\000t\000h\000e\000s\000i\000s}{}% 58
\BOOKMARK [1][-]{section.17}{\376\377\000T\000h\000e\000\040\000C\000o\000m\000p\000l\000e\000t\000e\000\040\000V\000a\000l\000i\000d\000a\000t\000e\000d\000\040\000S\000i\000g\000n\000a\000l\000\040\000C\000h\000a\000i\000n}{part*.16}% 59
\BOOKMARK [2][-]{subsection.17.1}{\376\377\000C\000h\000a\000i\000n\000\040\000A\000r\000c\000h\000i\000t\000e\000c\000t\000u\000r\000e}{section.17}% 60
\BOOKMARK [2][-]{subsection.17.2}{\376\377\000T\000h\000r\000o\000u\000g\000h\000p\000u\000t\000\040\000E\000s\000t\000i\000m\000a\000t\000e}{section.17}% 61
\BOOKMARK [1][-]{section.18}{\376\377\000I\000m\000p\000l\000i\000c\000a\000t\000i\000o\000n\000s\000\040\000f\000o\000r\000\040\000V\000e\000h\000i\000c\000l\000e\000\040\000A\000u\000t\000o\000n\000o\000m\000y}{part*.16}% 62
\BOOKMARK [2][-]{subsection.18.1}{\376\377\000E\000n\000v\000i\000r\000o\000n\000m\000e\000n\000t\000a\000l\000\040\000R\000o\000b\000u\000s\000t\000n\000e\000s\000s}{section.18}% 63
\BOOKMARK [2][-]{subsection.18.2}{\376\377\000T\000a\000s\000k\000\040\000O\000p\000t\000i\000m\000a\000l\000i\000t\000y}{section.18}% 64
\BOOKMARK [2][-]{subsection.18.3}{\376\377\000S\000c\000a\000l\000i\000n\000g}{section.18}% 65
\BOOKMARK [1][-]{section.19}{\376\377\000D\000i\000s\000c\000u\000s\000s\000i\000o\000n}{part*.16}% 66
\BOOKMARK [2][-]{subsection.19.1}{\376\377\000R\000e\000l\000a\000t\000i\000o\000n\000s\000h\000i\000p\000\040\000t\000o\000\040\000Q\000u\000a\000n\000t\000u\000m\000\040\000B\000i\000o\000l\000o\000g\000y}{section.19}% 67
\BOOKMARK [2][-]{subsection.19.2}{\376\377\000T\000h\000e\000\040\0008\0008\000.\0004\000\045\000\040\000P\000h\000a\000s\000e\000-\000L\000o\000c\000k\000i\000n\000g\000\040\000a\000s\000\040\000B\000r\000i\000d\000g\000e}{section.19}% 68
\BOOKMARK [2][-]{subsection.19.3}{\376\377\000C\000l\000a\000s\000s\000i\000c\000a\000l\000\040\000O\000s\000c\000i\000l\000l\000a\000t\000o\000r\000s\000\040\000A\000c\000h\000i\000e\000v\000e\000\040\000M\000o\000r\000e\000\040\000T\000h\000a\000n\000\040\000Q\000u\000a\000n\000t\000u\000m}{section.19}% 69
\BOOKMARK [2][-]{subsection.19.4}{\376\377\000O\000p\000e\000n\000\040\000Q\000u\000e\000s\000t\000i\000o\000n\000s}{section.19}% 70
\BOOKMARK [1][-]{section.20}{\376\377\000C\000o\000n\000c\000l\000u\000s\000i\000o\000n}{part*.16}% 71
\BOOKMARK [1][-]{appendix.A}{\376\377\000S\000u\000m\000m\000a\000r\000y\000\040\000o\000f\000\040\000T\000h\000e\000o\000r\000e\000m\000s}{part*.16}% 72
\BOOKMARK [1][-]{appendix.B}{\376\377\000E\000x\000p\000e\000r\000i\000m\000e\000n\000t\000a\000l\000\040\000D\000a\000t\000a\000\040\000T\000a\000b\000l\000e\000s}{part*.16}% 73
