This is pdfTeX, Version 3.141592653-2.6-1.40.29 (MiKTeX 26.2) (preloaded format=pdflatex 2026.3.20)  26 MAR 2026 19:23
entering extended mode
 restricted \write18 enabled.
 %&-line parsing enabled.
**./vehicle-membane-semi-conductor-architecture.tex
(vehicle-membane-semi-conductor-architecture.tex
LaTeX2e <2025-11-01>
L3 programming layer <2026-01-19>
(C:\Users\kunda\AppData\Local\Programs\MiKTeX\tex/latex/base\article.cls
Document Class: article 2025/01/22 v1.4n Standard LaTeX document class
(C:\Users\kunda\AppData\Local\Programs\MiKTeX\tex/latex/base\size10.clo
File: size10.clo 2025/01/22 v1.4n Standard LaTeX file (size option)
)
\c@part=\count275
\c@section=\count276
\c@subsection=\count277
\c@subsubsection=\count278
\c@paragraph=\count279
\c@subparagraph=\count280
\c@figure=\count281
\c@table=\count282
\abovecaptionskip=\skip49
\belowcaptionskip=\skip50
\bibindent=\dimen148
)
(C:\Users\kunda\AppData\Local\Programs\MiKTeX\tex/latex/base\inputenc.sty
Package: inputenc 2024/02/08 v1.3d Input encoding file
\inpenc@prehook=\toks17
\inpenc@posthook=\toks18
)
(C:\Users\kunda\AppData\Local\Programs\MiKTeX\tex/latex/base\fontenc.sty
Package: fontenc 2025/07/18 v2.1d Standard LaTeX package
)
(C:\Users\kunda\AppData\Local\Programs\MiKTeX\tex/latex/geometry\geometry.sty
Package: geometry 2026/03/07 v6.0 Page Geometry

(C:\Users\kunda\AppData\Local\Programs\MiKTeX\tex/latex/graphics\keyval.sty
Package: keyval 2022/05/29 v1.15 key=value parser (DPC)
\KV@toks@=\toks19
)
(C:\Users\kunda\AppData\Local\Programs\MiKTeX\tex/generic/iftex\ifvtex.sty
Package: ifvtex 2019/10/25 v1.7 ifvtex legacy package. Use iftex instead.

(C:\Users\kunda\AppData\Local\Programs\MiKTeX\tex/generic/iftex\iftex.sty
Package: iftex 2024/12/12 v1.0g TeX engine tests
))
\Gm@cnth=\count283
\Gm@cntv=\count284
\c@Gm@tempcnt=\count285
\Gm@bindingoffset=\dimen149
\Gm@wd@mp=\dimen150
\Gm@odd@mp=\dimen151
\Gm@even@mp=\dimen152
\Gm@layoutwidth=\dimen153
\Gm@layoutheight=\dimen154
\Gm@layouthoffset=\dimen155
\Gm@layoutvoffset=\dimen156
\Gm@dimlist=\toks20

(C:\Users\kunda\AppData\Local\Programs\MiKTeX\tex/latex/geometry\geometry.cfg))
(C:\Users\kunda\AppData\Local\Programs\MiKTeX\tex/latex/amsmath\amsmath.sty
Package: amsmath 2025/07/09 v2.17z AMS math features
\@mathmargin=\skip51

For additional information on amsmath, use the `?' option.
(C:\Users\kunda\AppData\Local\Programs\MiKTeX\tex/latex/amsmath\amstext.sty
Package: amstext 2024/11/17 v2.01 AMS text

(C:\Users\kunda\AppData\Local\Programs\MiKTeX\tex/latex/amsmath\amsgen.sty
File: amsgen.sty 1999/11/30 v2.0 generic functions
\@emptytoks=\toks21
\ex@=\dimen157
))
(C:\Users\kunda\AppData\Local\Programs\MiKTeX\tex/latex/amsmath\amsbsy.sty
Package: amsbsy 1999/11/29 v1.2d Bold Symbols
\pmbraise@=\dimen158
)
(C:\Users\kunda\AppData\Local\Programs\MiKTeX\tex/latex/amsmath\amsopn.sty
Package: amsopn 2022/04/08 v2.04 operator names
)
\inf@bad=\count286
LaTeX Info: Redefining \frac on input line 233.
\uproot@=\count287
\leftroot@=\count288
LaTeX Info: Redefining \overline on input line 398.
LaTeX Info: Redefining \colon on input line 409.
\classnum@=\count289
\DOTSCASE@=\count290
LaTeX Info: Redefining \ldots on input line 495.
LaTeX Info: Redefining \dots on input line 498.
LaTeX Info: Redefining \cdots on input line 619.
\Mathstrutbox@=\box53
\strutbox@=\box54
LaTeX Info: Redefining \big on input line 721.
LaTeX Info: Redefining \Big on input line 722.
LaTeX Info: Redefining \bigg on input line 723.
LaTeX Info: Redefining \Bigg on input line 724.
\big@size=\dimen159
LaTeX Font Info:    Redeclaring font encoding OML on input line 742.
LaTeX Font Info:    Redeclaring font encoding OMS on input line 743.
\macc@depth=\count291
LaTeX Info: Redefining \bmod on input line 904.
LaTeX Info: Redefining \pmod on input line 909.
LaTeX Info: Redefining \smash on input line 939.
LaTeX Info: Redefining \relbar on input line 969.
LaTeX Info: Redefining \Relbar on input line 970.
\c@MaxMatrixCols=\count292
\dotsspace@=\muskip17
\c@parentequation=\count293
\dspbrk@lvl=\count294
\tag@help=\toks22
\row@=\count295
\column@=\count296
\maxfields@=\count297
\andhelp@=\toks23
\eqnshift@=\dimen160
\alignsep@=\dimen161
\tagshift@=\dimen162
\tagwidth@=\dimen163
\totwidth@=\dimen164
\lineht@=\dimen165
\@envbody=\toks24
\multlinegap=\skip52
\multlinetaggap=\skip53
\mathdisplay@stack=\toks25
LaTeX Info: Redefining \[ on input line 2950.
LaTeX Info: Redefining \] on input line 2951.
)
(C:\Users\kunda\AppData\Local\Programs\MiKTeX\tex/latex/amsfonts\amssymb.sty
Package: amssymb 2013/01/14 v3.01 AMS font symbols

(C:\Users\kunda\AppData\Local\Programs\MiKTeX\tex/latex/amsfonts\amsfonts.sty
Package: amsfonts 2013/01/14 v3.01 Basic AMSFonts support
\symAMSa=\mathgroup4
\symAMSb=\mathgroup5
LaTeX Font Info:    Redeclaring math symbol \hbar on input line 98.
LaTeX Font Info:    Overwriting math alphabet `\mathfrak' in version `bold'
(Font)                  U/euf/m/n --> U/euf/b/n on input line 106.
)) (C:\Users\kunda\AppData\Local\Programs\MiKTeX\tex/latex/amscls\amsthm.sty
Package: amsthm 2020/05/29 v2.20.6
\thm@style=\toks26
\thm@bodyfont=\toks27
\thm@headfont=\toks28
\thm@notefont=\toks29
\thm@headpunct=\toks30
\thm@preskip=\skip54
\thm@postskip=\skip55
\thm@headsep=\skip56
\dth@everypar=\toks31
)
(C:\Users\kunda\AppData\Local\Programs\MiKTeX\tex/latex/mathtools\mathtools.sty
Package: mathtools 2024/10/04 v1.31 mathematical typesetting tools
(C:\Users\kunda\AppData\Local\Programs\MiKTeX\tex/latex/tools\calc.sty
Package: calc 2025/03/01 v4.3b Infix arithmetic (KKT,FJ)
\calc@Acount=\count298
\calc@Bcount=\count299
\calc@Adimen=\dimen166
\calc@Bdimen=\dimen167
\calc@Askip=\skip57
\calc@Bskip=\skip58
LaTeX Info: Redefining \setlength on input line 86.
LaTeX Info: Redefining \addtolength on input line 87.
\calc@Ccount=\count300
\calc@Cskip=\skip59
)
(C:\Users\kunda\AppData\Local\Programs\MiKTeX\tex/latex/mathtools\mhsetup.sty
Package: mhsetup 2021/03/18 v1.4 programming setup (MH)
)
\g_MT_multlinerow_int=\count301
\l_MT_multwidth_dim=\dimen168
\origjot=\skip60
\l_MT_shortvdotswithinadjustabove_dim=\dimen169
\l_MT_shortvdotswithinadjustbelow_dim=\dimen170
\l_MT_above_intertext_sep=\dimen171
\l_MT_below_intertext_sep=\dimen172
\l_MT_above_shortintertext_sep=\dimen173
\l_MT_below_shortintertext_sep=\dimen174
\xmathstrut@box=\box55
\xmathstrut@dim=\dimen175
) (C:\Users\kunda\AppData\Local\Programs\MiKTeX\tex/latex/physics\physics.sty
Package: physics 

(C:\Users\kunda\AppData\Local\Programs\MiKTeX\tex/latex/l3packages/xparse\xpars
e.sty
(C:\Users\kunda\AppData\Local\Programs\MiKTeX\tex/latex/l3kernel\expl3.sty
Package: expl3 2026-01-19 L3 programming layer (loader) 

(C:\Users\kunda\AppData\Local\Programs\MiKTeX\tex/latex/l3backend\l3backend-pdf
tex.def
File: l3backend-pdftex.def 2025-10-09 L3 backend support: PDF output (pdfTeX)
\l__color_backend_stack_int=\count302
))
Package: xparse 2025-10-09 L3 Experimental document command parser
))
(C:\Users\kunda\AppData\Local\Programs\MiKTeX\tex/latex/graphics\graphicx.sty
Package: graphicx 2024/12/31 v1.2e Enhanced LaTeX Graphics (DPC,SPQR)

(C:\Users\kunda\AppData\Local\Programs\MiKTeX\tex/latex/graphics\graphics.sty
Package: graphics 2024/08/06 v1.4g Standard LaTeX Graphics (DPC,SPQR)

(C:\Users\kunda\AppData\Local\Programs\MiKTeX\tex/latex/graphics\trig.sty
Package: trig 2023/12/02 v1.11 sin cos tan (DPC)
)
(C:\Users\kunda\AppData\Local\Programs\MiKTeX\tex/latex/graphics-cfg\graphics.c
fg
File: graphics.cfg 2016/06/04 v1.11 sample graphics configuration
)
Package graphics Info: Driver file: pdftex.def on input line 106.

(C:\Users\kunda\AppData\Local\Programs\MiKTeX\tex/latex/graphics-def\pdftex.def
File: pdftex.def 2025/09/29 v1.2d Graphics/color driver for pdftex
))
\Gin@req@height=\dimen176
\Gin@req@width=\dimen177
)
(C:\Users\kunda\AppData\Local\Programs\MiKTeX\tex/latex/booktabs\booktabs.sty
Package: booktabs 2020/01/12 v1.61803398 Publication quality tables
\heavyrulewidth=\dimen178
\lightrulewidth=\dimen179
\cmidrulewidth=\dimen180
\belowrulesep=\dimen181
\belowbottomsep=\dimen182
\aboverulesep=\dimen183
\abovetopsep=\dimen184
\cmidrulesep=\dimen185
\cmidrulekern=\dimen186
\defaultaddspace=\dimen187
\@cmidla=\count303
\@cmidlb=\count304
\@aboverulesep=\dimen188
\@belowrulesep=\dimen189
\@thisruleclass=\count305
\@lastruleclass=\count306
\@thisrulewidth=\dimen190
)
(C:\Users\kunda\AppData\Local\Programs\MiKTeX\tex/latex/tools\longtable.sty
Package: longtable 2025-10-13 v4.24 Multi-page Table package (DPC)
\LTleft=\skip61
\LTright=\skip62
\LTpre=\skip63
\LTpost=\skip64
\LTchunksize=\count307
\LTcapwidth=\dimen191
\LT@head=\box56
\LT@firsthead=\box57
\LT@foot=\box58
\LT@lastfoot=\box59
\LT@gbox=\box60
\LT@cols=\count308
\LT@rows=\count309
\c@LT@tables=\count310
\c@LT@chunks=\count311
\LT@p@ftn=\toks32
)
(C:\Users\kunda\AppData\Local\Programs\MiKTeX\tex/latex/multirow\multirow.sty
Package: multirow 2024/11/12 v2.9 Span multiple rows of a table
\multirow@colwidth=\skip65
\multirow@cntb=\count312
\multirow@dima=\skip66
\bigstrutjot=\dimen192
)
(C:\Users\kunda\AppData\Local\Programs\MiKTeX\tex/latex/tools\array.sty
Package: array 2025/09/25 v2.6n Tabular extension package (FMi)
\col@sep=\dimen193
\ar@mcellbox=\box61
\extrarowheight=\dimen194
\NC@list=\toks33
\extratabsurround=\skip67
\backup@length=\skip68
\ar@cellbox=\box62
)
(C:\Users\kunda\AppData\Local\Programs\MiKTeX\tex/latex/hyperref\hyperref.sty
Package: hyperref 2026-01-29 v7.01p Hypertext links for LaTeX

(C:\Users\kunda\AppData\Local\Programs\MiKTeX\tex/latex/kvsetkeys\kvsetkeys.sty
Package: kvsetkeys 2022-10-05 v1.19 Key value parser (HO)
)
(C:\Users\kunda\AppData\Local\Programs\MiKTeX\tex/generic/kvdefinekeys\kvdefine
keys.sty
Package: kvdefinekeys 2019-12-19 v1.6 Define keys (HO)
)
(C:\Users\kunda\AppData\Local\Programs\MiKTeX\tex/generic/pdfescape\pdfescape.s
ty
Package: pdfescape 2019/12/09 v1.15 Implements pdfTeX's escape features (HO)

(C:\Users\kunda\AppData\Local\Programs\MiKTeX\tex/generic/ltxcmds\ltxcmds.sty
Package: ltxcmds 2023-12-04 v1.26 LaTeX kernel commands for general use (HO)
)
(C:\Users\kunda\AppData\Local\Programs\MiKTeX\tex/generic/pdftexcmds\pdftexcmds
.sty
Package: pdftexcmds 2020-06-27 v0.33 Utility functions of pdfTeX for LuaTeX (HO
)

(C:\Users\kunda\AppData\Local\Programs\MiKTeX\tex/generic/infwarerr\infwarerr.s
ty
Package: infwarerr 2019/12/03 v1.5 Providing info/warning/error messages (HO)
)
Package pdftexcmds Info: \pdf@primitive is available.
Package pdftexcmds Info: \pdf@ifprimitive is available.
Package pdftexcmds Info: \pdfdraftmode found.
))
(C:\Users\kunda\AppData\Local\Programs\MiKTeX\tex/latex/hycolor\hycolor.sty
Package: hycolor 2020-01-27 v1.10 Color options for hyperref/bookmark (HO)
)
(C:\Users\kunda\AppData\Local\Programs\MiKTeX\tex/latex/hyperref\nameref.sty
Package: nameref 2026-01-29 v2.58 Cross-referencing by name of section

(C:\Users\kunda\AppData\Local\Programs\MiKTeX\tex/latex/refcount\refcount.sty
Package: refcount 2019/12/15 v3.6 Data extraction from label references (HO)
)
(C:\Users\kunda\AppData\Local\Programs\MiKTeX\tex/generic/gettitlestring\gettit
lestring.sty
Package: gettitlestring 2019/12/15 v1.6 Cleanup title references (HO)

(C:\Users\kunda\AppData\Local\Programs\MiKTeX\tex/latex/kvoptions\kvoptions.sty
Package: kvoptions 2022-06-15 v3.15 Key value format for package options (HO)
))
\c@section@level=\count313
)
(C:\Users\kunda\AppData\Local\Programs\MiKTeX\tex/latex/etoolbox\etoolbox.sty
Package: etoolbox 2025/10/02 v2.5m e-TeX tools for LaTeX (JAW)
\etb@tempcnta=\count314
)
(C:\Users\kunda\AppData\Local\Programs\MiKTeX\tex/generic/stringenc\stringenc.s
ty
Package: stringenc 2019/11/29 v1.12 Convert strings between diff. encodings (HO
)
)
\@linkdim=\dimen195
\Hy@linkcounter=\count315
\Hy@pagecounter=\count316
 (C:\Users\kunda\AppData\Local\Programs\MiKTeX\tex/latex/hyperref\pd1enc.def
File: pd1enc.def 2026-01-29 v7.01p Hyperref: PDFDocEncoding definition (HO)
Now handling font encoding PD1 ...
... no UTF-8 mapping file for font encoding PD1
) (C:\Users\kunda\AppData\Local\Programs\MiKTeX\tex/generic/intcalc\intcalc.sty
Package: intcalc 2019/12/15 v1.3 Expandable calculations with integers (HO)
)
\Hy@SavedSpaceFactor=\count317
 (C:\Users\kunda\AppData\Local\Programs\MiKTeX\tex/latex/hyperref\puenc.def
File: puenc.def 2026-01-29 v7.01p Hyperref: PDF Unicode definition (HO)
Now handling font encoding PU ...
... no UTF-8 mapping file for font encoding PU
)
Package hyperref Info: Hyper figures OFF on input line 4201.
Package hyperref Info: Link nesting OFF on input line 4206.
Package hyperref Info: Hyper index ON on input line 4209.
Package hyperref Info: Plain pages OFF on input line 4216.
Package hyperref Info: Backreferencing OFF on input line 4221.
Package hyperref Info: Implicit mode ON; LaTeX internals redefined.
Package hyperref Info: Bookmarks ON on input line 4468.
\c@Hy@tempcnt=\count318

(C:\Users\kunda\AppData\Local\Programs\MiKTeX\tex/latex/url\url.sty
\Urlmuskip=\muskip18
Package: url 2013/09/16  ver 3.4  Verb mode for urls, etc.
)
LaTeX Info: Redefining \url on input line 4807.
\XeTeXLinkMargin=\dimen196

(C:\Users\kunda\AppData\Local\Programs\MiKTeX\tex/generic/bitset\bitset.sty
Package: bitset 2019/12/09 v1.3 Handle bit-vector datatype (HO)

(C:\Users\kunda\AppData\Local\Programs\MiKTeX\tex/generic/bigintcalc\bigintcalc
.sty
Package: bigintcalc 2019/12/15 v1.5 Expandable calculations on big integers (HO
)
))
\Fld@menulength=\count319
\Field@Width=\dimen197
\Fld@charsize=\dimen198
Package hyperref Info: Hyper figures OFF on input line 6084.
Package hyperref Info: Link nesting OFF on input line 6089.
Package hyperref Info: Hyper index ON on input line 6092.
Package hyperref Info: backreferencing OFF on input line 6099.
Package hyperref Info: Link coloring OFF on input line 6104.
Package hyperref Info: Link coloring with OCG OFF on input line 6109.
Package hyperref Info: PDF/A mode OFF on input line 6114.
\Hy@abspage=\count320
\c@Item=\count321
\c@Hfootnote=\count322
)
Package hyperref Info: Driver (autodetected): hpdftex.

(C:\Users\kunda\AppData\Local\Programs\MiKTeX\tex/latex/hyperref\hpdftex.def
File: hpdftex.def 2026-01-29 v7.01p Hyperref driver for pdfTeX
\Fld@listcount=\count323
\c@bookmark@seq@number=\count324

(C:\Users\kunda\AppData\Local\Programs\MiKTeX\tex/latex/rerunfilecheck\rerunfil
echeck.sty
Package: rerunfilecheck 2025-06-21 v1.11 Rerun checks for auxiliary files (HO)

(C:\Users\kunda\AppData\Local\Programs\MiKTeX\tex/generic/uniquecounter\uniquec
ounter.sty
Package: uniquecounter 2019/12/15 v1.4 Provide unlimited unique counter (HO)
)
Package uniquecounter Info: New unique counter `rerunfilecheck' on input line 2
84.
)
\Hy@SectionHShift=\skip69
)
(C:\Users\kunda\AppData\Local\Programs\MiKTeX\tex/latex/cleveref\cleveref.sty
Package: cleveref 2018/03/27 v0.21.4 Intelligent cross-referencing
Package cleveref Info: `hyperref' support loaded on input line 2370.
LaTeX Info: Redefining \cref on input line 2370.
LaTeX Info: Redefining \Cref on input line 2370.
LaTeX Info: Redefining \crefrange on input line 2370.
LaTeX Info: Redefining \Crefrange on input line 2370.
LaTeX Info: Redefining \cpageref on input line 2370.
LaTeX Info: Redefining \Cpageref on input line 2370.
LaTeX Info: Redefining \cpagerefrange on input line 2370.
LaTeX Info: Redefining \Cpagerefrange on input line 2370.
LaTeX Info: Redefining \labelcref on input line 2370.
LaTeX Info: Redefining \labelcpageref on input line 2370.
Package cleveref Info: `amsthm' support loaded on input line 3026.
)
==> First Aid for cleveref.sty applied!
(C:\Users\kunda\AppData\Local\Programs\MiKTeX\tex/latex/enumitem\enumitem.sty
Package: enumitem 2025/02/06 v3.11 Customized lists
\labelindent=\skip70
\enit@outerparindent=\dimen199
\enit@toks=\toks34
\enit@inbox=\box63
\enit@count@id=\count325
\enitdp@description=\count326
)
(C:\Users\kunda\AppData\Local\Programs\MiKTeX\tex/latex/xcolor\xcolor.sty
Package: xcolor 2024/09/29 v3.02 LaTeX color extensions (UK)

(C:\Users\kunda\AppData\Local\Programs\MiKTeX\tex/latex/graphics-cfg\color.cfg
File: color.cfg 2016/01/02 v1.6 sample color configuration
)
Package xcolor Info: Driver file: pdftex.def on input line 274.
(C:\Users\kunda\AppData\Local\Programs\MiKTeX\tex/latex/graphics\mathcolor.ltx)
Package xcolor Info: Model `cmy' substituted by `cmy0' on input line 1349.
Package xcolor Info: Model `hsb' substituted by `rgb' on input line 1353.
Package xcolor Info: Model `RGB' extended on input line 1365.
Package xcolor Info: Model `HTML' substituted by `rgb' on input line 1367.
Package xcolor Info: Model `Hsb' substituted by `hsb' on input line 1368.
Package xcolor Info: Model `tHsb' substituted by `hsb' on input line 1369.
Package xcolor Info: Model `HSB' substituted by `hsb' on input line 1370.
Package xcolor Info: Model `Gray' substituted by `gray' on input line 1371.
Package xcolor Info: Model `wave' substituted by `hsb' on input line 1372.
) (C:\Users\kunda\AppData\Local\Programs\MiKTeX\tex/latex/float\float.sty
Package: float 2001/11/08 v1.3d Float enhancements (AL)
\c@float@type=\count327
\float@exts=\toks35
\float@box=\box64
\@float@everytoks=\toks36
\@floatcapt=\box65
)
(C:\Users\kunda\AppData\Local\Programs\MiKTeX\tex/latex/caption\caption.sty
Package: caption 2023/08/05 v3.6o Customizing captions (AR)

(C:\Users\kunda\AppData\Local\Programs\MiKTeX\tex/latex/caption\caption3.sty
Package: caption3 2023/07/31 v2.4d caption3 kernel (AR)
\caption@tempdima=\dimen256
\captionmargin=\dimen257
\caption@leftmargin=\dimen258
\caption@rightmargin=\dimen259
\caption@width=\dimen260
\caption@indent=\dimen261
\caption@parindent=\dimen262
\caption@hangindent=\dimen263
Package caption Info: Standard document class detected.
)
\c@caption@flags=\count328
\c@continuedfloat=\count329
Package caption Info: float package is loaded.
Package caption Info: hyperref package is loaded.
Package caption Info: longtable package is loaded.

(C:\Users\kunda\AppData\Local\Programs\MiKTeX\tex/latex/caption\ltcaption.sty
Package: ltcaption 2021/01/08 v1.4c longtable captions (AR)
)) (C:\Users\kunda\AppData\Local\Programs\MiKTeX\tex/latex/caption\subcaption.s
ty
Package: subcaption 2023/07/28 v1.6b Sub-captions (AR)
Package caption Info: New subtype `subfigure' on input line 238.
\c@subfigure=\count330
Package caption Info: New subtype `subtable' on input line 238.
\c@subtable=\count331
) (C:\Users\kunda\AppData\Local\Programs\MiKTeX\tex/latex/tools\bm.sty
Package: bm 2025/10/21 v1.2g Bold Symbol Support (DPC/FMi)
\symboldoperators=\mathgroup6
\symboldletters=\mathgroup7
\symboldsymbols=\mathgroup8
Package bm Info: No bold for \OMX/cmex/m/n, using \pmb.
Package bm Info: No bold for \U/msa/m/n, using \pmb.
Package bm Info: No bold for \U/msb/m/n, using \pmb.
LaTeX Font Info:    Redeclaring math alphabet \mathbf on input line 149.
)
(C:\Users\kunda\AppData\Local\Programs\MiKTeX\tex/latex/siunitx\siunitx.sty
Package: siunitx 2025-07-09 v3.4.14 A comprehensive (SI) units package
\l__siunitx_number_uncert_offset_int=\count332
\l__siunitx_number_exponent_fixed_int=\count333
\l__siunitx_number_min_decimal_int=\count334
\l__siunitx_number_min_integer_int=\count335
\l__siunitx_number_round_precision_int=\count336
\l__siunitx_number_lower_threshold_int=\count337
\l__siunitx_number_upper_threshold_int=\count338
\l__siunitx_number_group_first_int=\count339
\l__siunitx_number_group_size_int=\count340
\l__siunitx_number_group_minimum_int=\count341
\l__siunitx_angle_tmp_dim=\dimen264
\l__siunitx_angle_marker_box=\box66
\l__siunitx_angle_unit_box=\box67
\l__siunitx_compound_count_int=\count342

(C:\Users\kunda\AppData\Local\Programs\MiKTeX\tex/latex/translations\translatio
ns.sty
Package: translations 2022/02/05 v1.12 internationalization of LaTeX2e packages
 (CN)
)
\l__siunitx_table_tmp_box=\box68
\l__siunitx_table_tmp_dim=\dimen265
\l__siunitx_table_column_width_dim=\dimen266
\l__siunitx_table_integer_box=\box69
\l__siunitx_table_decimal_box=\box70
\l__siunitx_table_uncert_box=\box71
\l__siunitx_table_before_box=\box72
\l__siunitx_table_after_box=\box73
\l__siunitx_table_before_dim=\dimen267
\l__siunitx_table_carry_dim=\dimen268
\l__siunitx_unit_tmp_int=\count343
\l__siunitx_unit_position_int=\count344
\l__siunitx_unit_total_int=\count345
)
(C:\Users\kunda\AppData\Local\Programs\MiKTeX\tex/latex/braket\braket.sty)
(C:\Users\kunda\AppData\Local\Programs\MiKTeX\tex/latex/pgf/frontendlayer\tikz.
sty
(C:\Users\kunda\AppData\Local\Programs\MiKTeX\tex/latex/pgf/basiclayer\pgf.sty
(C:\Users\kunda\AppData\Local\Programs\MiKTeX\tex/latex/pgf/utilities\pgfrcs.st
y
(C:\Users\kunda\AppData\Local\Programs\MiKTeX\tex/generic/pgf/utilities\pgfutil
-common.tex
\pgfutil@everybye=\toks37
\pgfutil@tempdima=\dimen269
\pgfutil@tempdimb=\dimen270
)
(C:\Users\kunda\AppData\Local\Programs\MiKTeX\tex/generic/pgf/utilities\pgfutil
-latex.def
\pgfutil@abb=\box74
)
(C:\Users\kunda\AppData\Local\Programs\MiKTeX\tex/generic/pgf/utilities\pgfrcs.
code.tex
(C:\Users\kunda\AppData\Local\Programs\MiKTeX\tex/generic/pgf\pgf.revision.tex)
Package: pgfrcs 2025-08-29 v3.1.11a (3.1.11a)
))
Package: pgf 2025-08-29 v3.1.11a (3.1.11a)

(C:\Users\kunda\AppData\Local\Programs\MiKTeX\tex/latex/pgf/basiclayer\pgfcore.
sty
(C:\Users\kunda\AppData\Local\Programs\MiKTeX\tex/latex/pgf/systemlayer\pgfsys.
sty
(C:\Users\kunda\AppData\Local\Programs\MiKTeX\tex/generic/pgf/systemlayer\pgfsy
s.code.tex
Package: pgfsys 2025-08-29 v3.1.11a (3.1.11a)

(C:\Users\kunda\AppData\Local\Programs\MiKTeX\tex/generic/pgf/utilities\pgfkeys
.code.tex
\pgfkeys@pathtoks=\toks38
\pgfkeys@temptoks=\toks39

(C:\Users\kunda\AppData\Local\Programs\MiKTeX\tex/generic/pgf/utilities\pgfkeys
libraryfiltered.code.tex
\pgfkeys@tmptoks=\toks40
))
\pgf@x=\dimen271
\pgf@y=\dimen272
\pgf@xa=\dimen273
\pgf@ya=\dimen274
\pgf@xb=\dimen275
\pgf@yb=\dimen276
\pgf@xc=\dimen277
\pgf@yc=\dimen278
\pgf@xd=\dimen279
\pgf@yd=\dimen280
\w@pgf@writea=\write3
\r@pgf@reada=\read2
\c@pgf@counta=\count346
\c@pgf@countb=\count347
\c@pgf@countc=\count348
\c@pgf@countd=\count349
\t@pgf@toka=\toks41
\t@pgf@tokb=\toks42
\t@pgf@tokc=\toks43
\pgf@sys@id@count=\count350

(C:\Users\kunda\AppData\Local\Programs\MiKTeX\tex/generic/pgf/systemlayer\pgf.c
fg
File: pgf.cfg 2025-08-29 v3.1.11a (3.1.11a)
)
Driver file for pgf: pgfsys-pdftex.def

(C:\Users\kunda\AppData\Local\Programs\MiKTeX\tex/generic/pgf/systemlayer\pgfsy
s-pdftex.def
File: pgfsys-pdftex.def 2025-08-29 v3.1.11a (3.1.11a)

(C:\Users\kunda\AppData\Local\Programs\MiKTeX\tex/generic/pgf/systemlayer\pgfsy
s-common-pdf.def
File: pgfsys-common-pdf.def 2025-08-29 v3.1.11a (3.1.11a)
)))
(C:\Users\kunda\AppData\Local\Programs\MiKTeX\tex/generic/pgf/systemlayer\pgfsy
ssoftpath.code.tex
File: pgfsyssoftpath.code.tex 2025-08-29 v3.1.11a (3.1.11a)
\pgfsyssoftpath@smallbuffer@items=\count351
\pgfsyssoftpath@bigbuffer@items=\count352
)
(C:\Users\kunda\AppData\Local\Programs\MiKTeX\tex/generic/pgf/systemlayer\pgfsy
sprotocol.code.tex
File: pgfsysprotocol.code.tex 2025-08-29 v3.1.11a (3.1.11a)
))
(C:\Users\kunda\AppData\Local\Programs\MiKTeX\tex/generic/pgf/basiclayer\pgfcor
e.code.tex
Package: pgfcore 2025-08-29 v3.1.11a (3.1.11a)

(C:\Users\kunda\AppData\Local\Programs\MiKTeX\tex/generic/pgf/math\pgfmath.code
.tex
(C:\Users\kunda\AppData\Local\Programs\MiKTeX\tex/generic/pgf/math\pgfmathutil.
code.tex)
(C:\Users\kunda\AppData\Local\Programs\MiKTeX\tex/generic/pgf/math\pgfmathparse
r.code.tex
\pgfmath@dimen=\dimen281
\pgfmath@count=\count353
\pgfmath@box=\box75
\pgfmath@toks=\toks44
\pgfmath@stack@operand=\toks45
\pgfmath@stack@operation=\toks46
)
(C:\Users\kunda\AppData\Local\Programs\MiKTeX\tex/generic/pgf/math\pgfmathfunct
ions.code.tex)
(C:\Users\kunda\AppData\Local\Programs\MiKTeX\tex/generic/pgf/math\pgfmathfunct
ions.basic.code.tex)
(C:\Users\kunda\AppData\Local\Programs\MiKTeX\tex/generic/pgf/math\pgfmathfunct
ions.trigonometric.code.tex)
(C:\Users\kunda\AppData\Local\Programs\MiKTeX\tex/generic/pgf/math\pgfmathfunct
ions.random.code.tex)
(C:\Users\kunda\AppData\Local\Programs\MiKTeX\tex/generic/pgf/math\pgfmathfunct
ions.comparison.code.tex)
(C:\Users\kunda\AppData\Local\Programs\MiKTeX\tex/generic/pgf/math\pgfmathfunct
ions.base.code.tex)
(C:\Users\kunda\AppData\Local\Programs\MiKTeX\tex/generic/pgf/math\pgfmathfunct
ions.round.code.tex)
(C:\Users\kunda\AppData\Local\Programs\MiKTeX\tex/generic/pgf/math\pgfmathfunct
ions.misc.code.tex)
(C:\Users\kunda\AppData\Local\Programs\MiKTeX\tex/generic/pgf/math\pgfmathfunct
ions.integerarithmetics.code.tex)
(C:\Users\kunda\AppData\Local\Programs\MiKTeX\tex/generic/pgf/math\pgfmathcalc.
code.tex)
(C:\Users\kunda\AppData\Local\Programs\MiKTeX\tex/generic/pgf/math\pgfmathfloat
.code.tex
\c@pgfmathroundto@lastzeros=\count354
))
(C:\Users\kunda\AppData\Local\Programs\MiKTeX\tex/generic/pgf/math\pgfint.code.
tex)
(C:\Users\kunda\AppData\Local\Programs\MiKTeX\tex/generic/pgf/basiclayer\pgfcor
epoints.code.tex
File: pgfcorepoints.code.tex 2025-08-29 v3.1.11a (3.1.11a)
\pgf@picminx=\dimen282
\pgf@picmaxx=\dimen283
\pgf@picminy=\dimen284
\pgf@picmaxy=\dimen285
\pgf@pathminx=\dimen286
\pgf@pathmaxx=\dimen287
\pgf@pathminy=\dimen288
\pgf@pathmaxy=\dimen289
\pgf@xx=\dimen290
\pgf@xy=\dimen291
\pgf@yx=\dimen292
\pgf@yy=\dimen293
\pgf@zx=\dimen294
\pgf@zy=\dimen295
)
(C:\Users\kunda\AppData\Local\Programs\MiKTeX\tex/generic/pgf/basiclayer\pgfcor
epathconstruct.code.tex
File: pgfcorepathconstruct.code.tex 2025-08-29 v3.1.11a (3.1.11a)
\pgf@path@lastx=\dimen296
\pgf@path@lasty=\dimen297
)
(C:\Users\kunda\AppData\Local\Programs\MiKTeX\tex/generic/pgf/basiclayer\pgfcor
epathusage.code.tex
File: pgfcorepathusage.code.tex 2025-08-29 v3.1.11a (3.1.11a)
\pgf@shorten@end@additional=\dimen298
\pgf@shorten@start@additional=\dimen299
)
(C:\Users\kunda\AppData\Local\Programs\MiKTeX\tex/generic/pgf/basiclayer\pgfcor
escopes.code.tex
File: pgfcorescopes.code.tex 2025-08-29 v3.1.11a (3.1.11a)
\pgfpic=\box76
\pgf@hbox=\box77
\pgf@layerbox@main=\box78
\pgf@picture@serial@count=\count355
)
(C:\Users\kunda\AppData\Local\Programs\MiKTeX\tex/generic/pgf/basiclayer\pgfcor
egraphicstate.code.tex
File: pgfcoregraphicstate.code.tex 2025-08-29 v3.1.11a (3.1.11a)
\pgflinewidth=\dimen300
)
(C:\Users\kunda\AppData\Local\Programs\MiKTeX\tex/generic/pgf/basiclayer\pgfcor
etransformations.code.tex
File: pgfcoretransformations.code.tex 2025-08-29 v3.1.11a (3.1.11a)
\pgf@pt@x=\dimen301
\pgf@pt@y=\dimen302
\pgf@pt@temp=\dimen303
)
(C:\Users\kunda\AppData\Local\Programs\MiKTeX\tex/generic/pgf/basiclayer\pgfcor
equick.code.tex
File: pgfcorequick.code.tex 2025-08-29 v3.1.11a (3.1.11a)
)
(C:\Users\kunda\AppData\Local\Programs\MiKTeX\tex/generic/pgf/basiclayer\pgfcor
eobjects.code.tex
File: pgfcoreobjects.code.tex 2025-08-29 v3.1.11a (3.1.11a)
)
(C:\Users\kunda\AppData\Local\Programs\MiKTeX\tex/generic/pgf/basiclayer\pgfcor
epathprocessing.code.tex
File: pgfcorepathprocessing.code.tex 2025-08-29 v3.1.11a (3.1.11a)
)
(C:\Users\kunda\AppData\Local\Programs\MiKTeX\tex/generic/pgf/basiclayer\pgfcor
earrows.code.tex
File: pgfcorearrows.code.tex 2025-08-29 v3.1.11a (3.1.11a)
\pgfarrowsep=\dimen304
)
(C:\Users\kunda\AppData\Local\Programs\MiKTeX\tex/generic/pgf/basiclayer\pgfcor
eshade.code.tex
File: pgfcoreshade.code.tex 2025-08-29 v3.1.11a (3.1.11a)
\pgf@max=\dimen305
\pgf@sys@shading@range@num=\count356
\pgf@shadingcount=\count357
)
(C:\Users\kunda\AppData\Local\Programs\MiKTeX\tex/generic/pgf/basiclayer\pgfcor
eimage.code.tex
File: pgfcoreimage.code.tex 2025-08-29 v3.1.11a (3.1.11a)
)
(C:\Users\kunda\AppData\Local\Programs\MiKTeX\tex/generic/pgf/basiclayer\pgfcor
eexternal.code.tex
File: pgfcoreexternal.code.tex 2025-08-29 v3.1.11a (3.1.11a)
\pgfexternal@startupbox=\box79
)
(C:\Users\kunda\AppData\Local\Programs\MiKTeX\tex/generic/pgf/basiclayer\pgfcor
elayers.code.tex
File: pgfcorelayers.code.tex 2025-08-29 v3.1.11a (3.1.11a)
)
(C:\Users\kunda\AppData\Local\Programs\MiKTeX\tex/generic/pgf/basiclayer\pgfcor
etransparency.code.tex
File: pgfcoretransparency.code.tex 2025-08-29 v3.1.11a (3.1.11a)
)
(C:\Users\kunda\AppData\Local\Programs\MiKTeX\tex/generic/pgf/basiclayer\pgfcor
epatterns.code.tex
File: pgfcorepatterns.code.tex 2025-08-29 v3.1.11a (3.1.11a)
)
(C:\Users\kunda\AppData\Local\Programs\MiKTeX\tex/generic/pgf/basiclayer\pgfcor
erdf.code.tex
File: pgfcorerdf.code.tex 2025-08-29 v3.1.11a (3.1.11a)
)))
(C:\Users\kunda\AppData\Local\Programs\MiKTeX\tex/generic/pgf/modules\pgfmodule
shapes.code.tex
File: pgfmoduleshapes.code.tex 2025-08-29 v3.1.11a (3.1.11a)
\pgfnodeparttextbox=\box80
)
(C:\Users\kunda\AppData\Local\Programs\MiKTeX\tex/generic/pgf/modules\pgfmodule
plot.code.tex
File: pgfmoduleplot.code.tex 2025-08-29 v3.1.11a (3.1.11a)
)
(C:\Users\kunda\AppData\Local\Programs\MiKTeX\tex/latex/pgf/compatibility\pgfco
mp-version-0-65.sty
Package: pgfcomp-version-0-65 2025-08-29 v3.1.11a (3.1.11a)
\pgf@nodesepstart=\dimen306
\pgf@nodesepend=\dimen307
)
(C:\Users\kunda\AppData\Local\Programs\MiKTeX\tex/latex/pgf/compatibility\pgfco
mp-version-1-18.sty
Package: pgfcomp-version-1-18 2025-08-29 v3.1.11a (3.1.11a)
))
(C:\Users\kunda\AppData\Local\Programs\MiKTeX\tex/latex/pgf/utilities\pgffor.st
y
(C:\Users\kunda\AppData\Local\Programs\MiKTeX\tex/latex/pgf/utilities\pgfkeys.s
ty
(C:\Users\kunda\AppData\Local\Programs\MiKTeX\tex/generic/pgf/utilities\pgfkeys
.code.tex))
(C:\Users\kunda\AppData\Local\Programs\MiKTeX\tex/latex/pgf/math\pgfmath.sty
(C:\Users\kunda\AppData\Local\Programs\MiKTeX\tex/generic/pgf/math\pgfmath.code
.tex))
(C:\Users\kunda\AppData\Local\Programs\MiKTeX\tex/generic/pgf/utilities\pgffor.
code.tex
Package: pgffor 2025-08-29 v3.1.11a (3.1.11a)
\pgffor@iter=\dimen308
\pgffor@skip=\dimen309
\pgffor@stack=\toks47
\pgffor@toks=\toks48
))
(C:\Users\kunda\AppData\Local\Programs\MiKTeX\tex/generic/pgf/frontendlayer/tik
z\tikz.code.tex
Package: tikz 2025-08-29 v3.1.11a (3.1.11a)

(C:\Users\kunda\AppData\Local\Programs\MiKTeX\tex/generic/pgf/libraries\pgflibr
aryplothandlers.code.tex
File: pgflibraryplothandlers.code.tex 2025-08-29 v3.1.11a (3.1.11a)
\pgf@plot@mark@count=\count358
\pgfplotmarksize=\dimen310
)
\tikz@lastx=\dimen311
\tikz@lasty=\dimen312
\tikz@lastxsaved=\dimen313
\tikz@lastysaved=\dimen314
\tikz@lastmovetox=\dimen315
\tikz@lastmovetoy=\dimen316
\tikzleveldistance=\dimen317
\tikzsiblingdistance=\dimen318
\tikz@figbox=\box81
\tikz@figbox@bg=\box82
\tikz@tempbox=\box83
\tikz@tempbox@bg=\box84
\tikztreelevel=\count359
\tikznumberofchildren=\count360
\tikznumberofcurrentchild=\count361
\tikz@fig@count=\count362

(C:\Users\kunda\AppData\Local\Programs\MiKTeX\tex/generic/pgf/modules\pgfmodule
matrix.code.tex
File: pgfmodulematrix.code.tex 2025-08-29 v3.1.11a (3.1.11a)
\pgfmatrixcurrentrow=\count363
\pgfmatrixcurrentcolumn=\count364
\pgf@matrix@numberofcolumns=\count365
)
\tikz@expandcount=\count366

(C:\Users\kunda\AppData\Local\Programs\MiKTeX\tex/generic/pgf/frontendlayer/tik
z/libraries\tikzlibrarytopaths.code.tex
File: tikzlibrarytopaths.code.tex 2025-08-29 v3.1.11a (3.1.11a)
)))
(C:\Users\kunda\AppData\Local\Programs\MiKTeX\tex/latex/natbib\natbib.sty
Package: natbib 2010/09/13 8.31b (PWD, AO)
\bibhang=\skip71
\bibsep=\skip72
LaTeX Info: Redefining \cite on input line 694.
\c@NAT@ctr=\count367
)
(C:\Users\kunda\AppData\Local\Programs\MiKTeX\tex/latex/fancyhdr\fancyhdr.sty
Package: fancyhdr 2025/02/07 v5.2 Extensive control of page headers and footers

\f@nch@headwidth=\skip73
\f@nch@offset@elh=\skip74
\f@nch@offset@erh=\skip75
\f@nch@offset@olh=\skip76
\f@nch@offset@orh=\skip77
\f@nch@offset@elf=\skip78
\f@nch@offset@erf=\skip79
\f@nch@offset@olf=\skip80
\f@nch@offset@orf=\skip81
\f@nch@height=\skip82
\f@nch@footalignment=\skip83
\f@nch@widthL=\skip84
\f@nch@widthC=\skip85
\f@nch@widthR=\skip86
\@temptokenb=\toks49
)
(C:\Users\kunda\AppData\Local\Programs\MiKTeX\tex/latex/setspace\setspace.sty
Package: setspace 2022/12/04 v6.7b set line spacing
)
\c@theorem=\count368
Package translations Info: No language package found. I am going to use `englis
h' as default language. on input line 97.

(vehicle-membane-semi-conductor-architecture.aux)
\openout1 = `vehicle-membane-semi-conductor-architecture.aux'.

LaTeX Font Info:    Checking defaults for OML/cmm/m/it on input line 97.
LaTeX Font Info:    ... okay on input line 97.
LaTeX Font Info:    Checking defaults for OMS/cmsy/m/n on input line 97.
LaTeX Font Info:    ... okay on input line 97.
LaTeX Font Info:    Checking defaults for OT1/cmr/m/n on input line 97.
LaTeX Font Info:    ... okay on input line 97.
LaTeX Font Info:    Checking defaults for T1/cmr/m/n on input line 97.
LaTeX Font Info:    ... okay on input line 97.
LaTeX Font Info:    Checking defaults for TS1/cmr/m/n on input line 97.
LaTeX Font Info:    ... okay on input line 97.
LaTeX Font Info:    Checking defaults for OMX/cmex/m/n on input line 97.
LaTeX Font Info:    ... okay on input line 97.
LaTeX Font Info:    Checking defaults for U/cmr/m/n on input line 97.
LaTeX Font Info:    ... okay on input line 97.
LaTeX Font Info:    Checking defaults for PD1/pdf/m/n on input line 97.
LaTeX Font Info:    ... okay on input line 97.
LaTeX Font Info:    Checking defaults for PU/pdf/m/n on input line 97.
LaTeX Font Info:    ... okay on input line 97.

*geometry* driver: auto-detecting
*geometry* detected driver: pdftex
*geometry* verbose mode - [ preamble ] result:
* driver: pdftex
* paper: a4paper
* layout: <same size as paper>
* layoutoffset:(h,v)=(0.0pt,0.0pt)
* modes: 
* h-part:(L,W,R)=(56.9055pt, 483.69687pt, 56.9055pt)
* v-part:(T,H,B)=(56.9055pt, 731.23584pt, 56.9055pt)
* \paperwidth=597.50787pt
* \paperheight=845.04684pt
* \textwidth=483.69687pt
* \textheight=731.23584pt
* \oddsidemargin=-15.36449pt
* \evensidemargin=-15.36449pt
* \topmargin=-52.36449pt
* \headheight=12.0pt
* \headsep=25.0pt
* \topskip=10.0pt
* \footskip=30.0pt
* \marginparwidth=4.0pt
* \marginparsep=10.0pt
* \columnsep=17.07182pt
* \skip\footins=9.0pt plus 4.0pt minus 2.0pt
* \hoffset=0.0pt
* \voffset=0.0pt
* \mag=1000
* \@twocolumntrue
* \@twosidefalse
* \@mparswitchfalse
* \@reversemarginfalse
* (1in=72.27pt=25.4mm, 1cm=28.453pt)


(C:\Users\kunda\AppData\Local\Programs\MiKTeX\tex/context/base/mkii\supp-pdf.mk
ii
[Loading MPS to PDF converter (version 2006.09.02).]
\scratchcounter=\count369
\scratchdimen=\dimen319
\scratchbox=\box85
\nofMPsegments=\count370
\nofMParguments=\count371
\everyMPshowfont=\toks50
\MPscratchCnt=\count372
\MPscratchDim=\dimen320
\MPnumerator=\count373
\makeMPintoPDFobject=\count374
\everyMPtoPDFconversion=\toks51
)
(C:\Users\kunda\AppData\Local\Programs\MiKTeX\tex/latex/epstopdf-pkg\epstopdf-b
ase.sty
Package: epstopdf-base 2020-01-24 v2.11 Base part for package epstopdf
Package epstopdf-base Info: Redefining graphics rule for `.eps' on input line 4
85.

(C:\Users\kunda\AppData\Local\Programs\MiKTeX\tex/latex/00miktex\epstopdf-sys.c
fg
File: epstopdf-sys.cfg 2021/03/18 v2.0 Configuration of epstopdf for MiKTeX
))
Package hyperref Info: Link coloring OFF on input line 97.
 (vehicle-membane-semi-conductor-architecture.out)
(vehicle-membane-semi-conductor-architecture.out)
\@outlinefile=\write4
\openout4 = `vehicle-membane-semi-conductor-architecture.out'.

Package caption Info: Begin \AtBeginDocument code.
Package caption Info: End \AtBeginDocument code.


Package siunitx Warning: Detected the "physics" package:
(siunitx)                omitting definition of \qty.
(siunitx)                
(siunitx)                If you want to use \qty with the siunitx definition,
(siunitx)                add 
(siunitx)                
(siunitx)                    \AtBeginDocument{\RenewCommandCopy\qty\SI}
(siunitx)                
(siunitx)                to your preamble.


(C:\Users\kunda\AppData\Local\Programs\MiKTeX\tex/latex/translations/dicts\tran
slations-basic-dictionary-english.trsl
File: translations-basic-dictionary-english.trsl (english translation file `tra
nslations-basic-dictionary')
)
Package translations Info: loading dictionary `translations-basic-dictionary' f
or `english'. on input line 97.
LaTeX Font Info:    Trying to load font information for U+msa on input line 100
.

(C:\Users\kunda\AppData\Local\Programs\MiKTeX\tex/latex/amsfonts\umsa.fd
File: umsa.fd 2013/01/14 v3.01 AMS symbols A
)
LaTeX Font Info:    Trying to load font information for U+msb on input line 100
.

(C:\Users\kunda\AppData\Local\Programs\MiKTeX\tex/latex/amsfonts\umsb.fd
File: umsb.fd 2013/01/14 v3.01 AMS symbols B
)
Underfull \hbox (badness 2253) in paragraph at lines 105--107
\T1/cmr/m/n/10 tonomous ve-hi-cle sen-sor, par-ti-tion ge-om-e-try, S-
 []


Underfull \hbox (badness 4096) in paragraph at lines 120--121
\T1/cmr/m/n/10 per-form com-pu-ta-tion is not new [[]P un[], []2000[],
 []


Underfull \hbox (badness 1052) in paragraph at lines 131--131
[]\T1/cmr/bx/n/12 The Mem-brane Com-put-ing Hy-
 []

[1{C:/Users/kunda/AppData/Local/MiKTeX/fonts/map/pdftex/pdftex.map}


]
Overfull \hbox (256.58452pt too wide) detected at line 153
[][][][][] \OMS/cmsy/m/n/10 ! [] ! [] ! [] ! [] ! [] ! [] ! []
 []


Underfull \hbox (badness 1460) in paragraph at lines 167--168
\T1/cmr/m/n/10 We es-tab-lish the math-e-mat-i-cal foun-da-tions from
 []

[2]
Overfull \hbox (96.86848pt too wide) detected at line 280
[][][][]\OML/cmm/m/it/10 n \OMS/cmsy/m/n/10 2 f\OT1/cmr/m/n/10 1\OML/cmm/m/it/1
0 ; \OT1/cmr/m/n/10 2\OML/cmm/m/it/10 ; \OT1/cmr/m/n/10 3\OML/cmm/m/it/10 ; []\
OMS/cmsy/m/n/10 g\OML/cmm/m/it/10 ;  ` \OMS/cmsy/m/n/10 2 f\OT1/cmr/m/n/10 0\OM
L/cmm/m/it/10 ; \OT1/cmr/m/n/10 1\OML/cmm/m/it/10 ; [] ; n \OMS/cmsy/m/n/10 ^^@
 \OT1/cmr/m/n/10 1\OMS/cmsy/m/n/10 g\OML/cmm/m/it/10 ;  m \OMS/cmsy/m/n/10 2 f^
^@\OML/cmm/m/it/10 `; [] ; \OT1/cmr/m/n/10 +\OML/cmm/m/it/10 `\OMS/cmsy/m/n/10 
g\OML/cmm/m/it/10 ;  s \OMS/cmsy/m/n/10 2 f^^@[]\OML/cmm/m/it/10 ; \OT1/cmr/m/n
/10 +[]\OMS/cmsy/m/n/10 g
 []


Underfull \hbox (badness 10000) in paragraph at lines 292--292
[]\T1/cmr/bx/n/12 Categorical-Physical Com-mu-ta-
 []

[3]
Overfull \hbox (62.3243pt too wide) detected at line 362
[][][][]\OML/cmm/m/it/10 ^^U[] \OT1/cmr/m/n/10 = [] = 2\OML/cmm/m/it/10 :\OT1/c
mr/m/n/10 28 \OMS/cmsy/m/n/10 ^^B \OT1/cmr/m/n/10 10[][]
 []


Overfull \hbox (85.69453pt too wide) detected at line 385
[]
 []


Underfull \hbox (badness 1173) in paragraph at lines 385--387
\T1/cmr/m/n/10 Therefore $\OML/cmm/m/it/10 P[] \OT1/cmr/m/n/10 = \OML/cmm/m/it/
10 e[] \OT1/cmr/m/n/10 = 10[] =
 []


Underfull \hbox (badness 1540) in paragraph at lines 403--404
\T1/cmr/m/n/10 fields with mag-ni-tude $\OMS/cmsy/m/n/10 ^^U \OT1/cmr/m/n/10 0\
OML/cmm/m/it/10 :\OT1/cmr/m/n/10 5$ \T1/cmr/m/n/10 (the thresh-old for
 []


Overfull \hbox (8.0605pt too wide) detected at line 410
[][][][]\OMS/cmsy/m/n/10 jC[]j \OT1/cmr/m/n/10 = 7\OML/cmm/m/it/10 :\OT1/cmr/m/
n/10 2 \OMS/cmsy/m/n/10 ^^B \OT1/cmr/m/n/10 10[] ([] \OML/cmm/m/it/10 > \OT1/cm
r/m/n/10 0\OML/cmm/m/it/10 :\OT1/cmr/m/n/10 5\OML/cmm/m/it/10 ; []\OT1/cmr/m/n/
10 700\OMS/cmsy/m/n/10 ^^B\OT1/cmr/m/n/10 )
 []

[4]
Overfull \hbox (30.87888pt too wide) in paragraph at lines 438--450
 [][] 
 []


Underfull \hbox (badness 1460) in paragraph at lines 495--495
[]\T1/cmr/bx/n/12 Experiment 5: Quan-tum State
 []

[5]
Underfull \hbox (badness 2846) in paragraph at lines 510--511
\T1/cmr/m/n/10 phys-i-cally mean-ing-ful tran-si-tions (The-o-rem []3.7[]).
 []


Overfull \hbox (42.89093pt too wide) detected at line 557
[][][][]\OMS/cmsy/m/n/10 jC\OT1/cmr/m/n/10 (0\OML/cmm/m/it/10 :\OT1/cmr/m/n/10 
1)\OMS/cmsy/m/n/10 j \OT1/cmr/m/n/10 = 4 \OMS/cmsy/m/n/10 ^^B \OT1/cmr/m/n/10 1
0[] \OMS/cmsy/m/n/10 ^^B \OML/cmm/m/it/10 e[] \OT1/cmr/m/n/10 = 4 \OMS/cmsy/m/n
/10 ^^B \OT1/cmr/m/n/10 10[] \OMS/cmsy/m/n/10 ^^B \OML/cmm/m/it/10 e[] \OMS/cms
y/m/n/10 ^^Y \OT1/cmr/m/n/10 0
 []


Overfull \hbox (26.73494pt too wide) detected at line 572
[]
 []


Underfull \vbox (badness 6188) has occurred while \output is active []

 [6]
<figures/panel_1_pn_junction.png, id=487, 1438.6548pt x 356.2911pt>
File: figures/panel_1_pn_junction.png Graphic file (type png)
<use figures/panel_1_pn_junction.png>
Package pdftex.def Info: figures/panel_1_pn_junction.png  used on input line 64
8.
(pdftex.def)             Requested size: 483.69687pt x 119.7891pt.

Underfull \hbox (badness 2359) in paragraph at lines 666--667
[]\T1/cmr/m/n/10 By the oscillator-processor du-al-ity (The-o-
 []

[7]
Overfull \hbox (41.53224pt too wide) detected at line 719
[]
 []

[8 <./figures/panel_1_pn_junction.png>]
Underfull \hbox (badness 1242) in paragraph at lines 746--747
[]\T1/cmr/bx/n/10 Proposition 6.5 \T1/cmr/m/n/10 (Back-ward Tra-jec-tory Com-pl
e-
 []

<figures/panel_2_transistor_logic.png, id=542, 1169.5695pt x 334.6101pt>
File: figures/panel_2_transistor_logic.png Graphic file (type png)
<use figures/panel_2_transistor_logic.png>
Package pdftex.def Info: figures/panel_2_transistor_logic.png  used on input li
ne 755.
(pdftex.def)             Requested size: 483.69687pt x 138.38066pt.

Underfull \hbox (badness 2781) in paragraph at lines 776--777
\T1/cmr/m/it/10 stan-dard logic operations---AND, OR, XOR---are
 []


Underfull \hbox (badness 10000) in paragraph at lines 793--794
[]\T1/cmr/bx/n/10 Corollary 7.2 \T1/cmr/m/n/10 (Triple Gate Den-sity)\T1/cmr/bx
/n/10 . []\T1/cmr/m/it/10 Tri-
 []


Underfull \hbox (badness 5519) in paragraph at lines 793--794
\T1/cmr/m/it/10 dimensional logic achieves $\OT1/cmr/m/n/10 3\OMS/cmsy/m/n/10 ^
^B$ \T1/cmr/m/it/10 gate den-sity at
 []

[9] [10 <./figures/panel_2_transistor_logic.png>]
<figures/panel_3_processor.png, id=575, 1168.1241pt x 334.6101pt>
File: figures/panel_3_processor.png Graphic file (type png)
<use figures/panel_3_processor.png>
Package pdftex.def Info: figures/panel_3_processor.png  used on input line 871.

(pdftex.def)             Requested size: 483.69687pt x 138.55426pt.

Underfull \hbox (badness 1019) in paragraph at lines 882--883
[]\T1/cmr/bx/n/10 Lemma 8.4 \T1/cmr/m/n/10 (ALU Com-plex-ity)\T1/cmr/bx/n/10 . 
[]\T1/cmr/m/it/10 The cat-e-gor-i-cal
 []


Overfull \hbox (85.51224pt too wide) in paragraph at lines 903--923
 [][] 
 []


Underfull \vbox (badness 10000) has occurred while \output is active []


Overfull \hbox (137.21454pt too wide) detected at line 932
[][][][][] [] \OT1/cmr/m/n/10 = 0\OML/cmm/m/it/10 :\OT1/cmr/m/n/10 0226 (97\OML
/cmm/m/it/10 :\OT1/cmr/m/n/10 7%[])
 []

[11]
Underfull \hbox (badness 2799) in paragraph at lines 963--963
[]\T1/cmr/bx/n/14.4 Quantum Gate Op-er-a-tions
 []


Overfull \hbox (101.6475pt too wide) in paragraph at lines 975--988
 [][] 
 []


Underfull \vbox (badness 10000) has occurred while \output is active []

 [12 <./figures/panel_3_processor.png>]
<figures/panel_4_quantum_classical.png, id=609, 1438.4139pt x 356.2911pt>
File: figures/panel_4_quantum_classical.png Graphic file (type png)
<use figures/panel_4_quantum_classical.png>
Package pdftex.def Info: figures/panel_4_quantum_classical.png  used on input l
ine 1022.
(pdftex.def)             Requested size: 483.69687pt x 119.8054pt.

Underfull \hbox (badness 5105) in paragraph at lines 1039--1039
[]\T1/cmr/bx/n/14.4 Dual-Mode Molec-u-lar En-
 []


Underfull \hbox (badness 1314) in paragraph at lines 1053--1055
\T1/cmr/m/n/10 The two sets are com-ple-men-tary: Raman-active
 []


Package hyperref Warning: Token not allowed in a PDF string (Unicode):
(hyperref)                removing `math shift' on input line 1083.


Package hyperref Warning: Token not allowed in a PDF string (Unicode):
(hyperref)                removing `subscript' on input line 1083.


Package hyperref Warning: Token not allowed in a PDF string (Unicode):
(hyperref)                removing `math shift' on input line 1083.


Underfull \hbox (badness 10000) in paragraph at lines 1093--1094
[]\T1/cmr/bx/n/10 Theorem 12.1 \T1/cmr/m/n/10 (Cat-e-gor-i-cal Mea-sure-ment
 []


Underfull \hbox (badness 10000) in paragraph at lines 1093--1094
\T1/cmr/m/n/10 Supremacy)\T1/cmr/bx/n/10 . []\T1/cmr/m/it/10 Cat-e-gor-i-cal me
a-sure-ment achieves
 []

[13]
Underfull \hbox (badness 3612) in paragraph at lines 1106--1107
[]\T1/cmr/m/n/10 The en-sem-ble mea-sure-ment av-er-ages over all
 []


Overfull \hbox (10.74834pt too wide) detected at line 1115
[][][][][] \OT1/cmr/m/n/10 = [] \OMS/cmsy/m/n/10 ^^X [] ^^X \OT1/cmr/m/n/10 1\O
ML/cmm/m/it/10 :\OT1/cmr/m/n/10 5 \OMS/cmsy/m/n/10 ^^B \OT1/cmr/m/n/10 10[]
 []


Underfull \hbox (badness 1824) in paragraph at lines 1133--1133
[]\T1/cmr/bx/n/14.4 Olfactory Molec-u-lar Sig-na-
 []


Overfull \hbox (48.67186pt too wide) in paragraph at lines 1145--1156
 [][] 
 []

[14 <./figures/panel_4_quantum_classical.png>]
Underfull \hbox (badness 1824) in paragraph at lines 1160--1161
\T1/cmr/m/it/10 able by its $\OT1/cmr/m/n/10 (\OML/cmm/m/it/10 f; A; ^^M\OT1/cm
r/m/n/10 )$ \T1/cmr/m/it/10 triple---frequency, am-pli-tude,
 []


Overfull \hbox (64.86075pt too wide) detected at line 1188
[]
 []


Underfull \vbox (badness 10000) has occurred while \output is active []

<figures/panel_5_molecular.png, id=662, 1439.6184pt x 354.123pt>
File: figures/panel_5_molecular.png Graphic file (type png)
<use figures/panel_5_molecular.png>
Package pdftex.def Info: figures/panel_5_molecular.png  used on input line 1198
.
(pdftex.def)             Requested size: 483.69687pt x 118.9791pt.
 [15]
Overfull \hbox (19.68628pt too wide) detected at line 1259
[]
 []


Overfull \hbox (80.68259pt too wide) detected at line 1272
[][][][]\OML/cmm/m/it/10 S\OT1/cmr/m/n/10 (\OML/cmm/m/it/10 t[]\OT1/cmr/m/n/10 
) = 1\OML/cmm/m/it/10 :\OT1/cmr/m/n/10 06[] \OMS/cmsy/m/n/10 ! \OML/cmm/m/it/10
 S\OT1/cmr/m/n/10 (\OML/cmm/m/it/10 t[]\OT1/cmr/m/n/10 ) = 1\OML/cmm/m/it/10 :\
OT1/cmr/m/n/10 24[] ([])
 []

[16 <./figures/panel_5_molecular.png>]
<figures/panel_6_robustness.png, id=701, 1439.6184pt x 351.714pt>
File: figures/panel_6_robustness.png Graphic file (type png)
<use figures/panel_6_robustness.png>
Package pdftex.def Info: figures/panel_6_robustness.png  used on input line 128
6.
(pdftex.def)             Requested size: 483.69687pt x 118.16972pt.

Underfull \hbox (badness 1466) in paragraph at lines 1315--1316
[]\T1/cmr/bx/n/10 Theorem 17.1 \T1/cmr/m/n/10 (End--to-End Sig-nal Chain Val-i-

 []

[17] [18 <./figures/panel_6_robustness.png>]
Underfull \hbox (badness 6332) in paragraph at lines 1437--1437
[]\T1/cmr/bx/n/12 The 88.4% Phase-Locking as
 []


Underfull \hbox (badness 10000) in paragraph at lines 1449--1449
[]\T1/cmr/bx/n/12 Classical Os-cil-la-tors Achieve
 []


Underfull \hbox (badness 2213) in paragraph at lines 1469--1470
[]\T1/cmr/bx/n/10 Manufacturing: \T1/cmr/m/n/10 Mass pro-duc-tion of op-ti-
 []


Underfull \hbox (badness 2293) in paragraph at lines 1469--1470
\T1/cmr/m/n/10 mized mem-branes ($\OT1/cmr/m/n/10 85%$ \T1/cmr/m/n/10 un-sat-u-
rated, 10,000
 []


Underfull \hbox (badness 1275) in paragraph at lines 1473--1474
[]\T1/cmr/bx/n/10 Readout in-te-gra-tion: \T1/cmr/m/n/10 Cou-pling the mem-
 []


Underfull \hbox (badness 1024) in paragraph at lines 1473--1474
\T1/cmr/m/n/10 hi-cle elec-tron-ics re-quires an in-ter-face layer---
 []


Underfull \hbox (badness 1005) in paragraph at lines 1484--1485
\T1/cmr/m/n/10 tally val-i-dated mem-brane com-put-ing ar-chi-tec-ture.
 []

[19]
Underfull \hbox (badness 6348) in paragraph at lines 1487--1488
[]\T1/cmr/bx/n/10 Quantum: 0/5 pass. \T1/cmr/m/n/10 Ion tun-nel-ing
 []


Underfull \hbox (badness 1412) in paragraph at lines 1489--1490
[]\T1/cmr/bx/n/10 Classical: ev-ery stage val-i-dated. \T1/cmr/m/n/10 P-N
 []


Underfull \hbox (badness 2293) in paragraph at lines 1489--1490
\T1/cmr/m/n/10 junc-tion ($\OT1/cmr/m/n/10 47\OML/cmm/m/it/10 :\OT1/cmr/m/n/10 
8\OMS/cmsy/m/n/10 ^^B$ \T1/cmr/m/n/10 rec-ti-fi-ca-tion), BMD tran-sis-
 []

(vehicle-membane-semi-conductor-architecture.bbl
Underfull \hbox (badness 1577) in paragraph at lines 67--72
\T1/cmr/m/n/10 ple-tion: Nav-i-gat-ing par-ti-tion trees in re-verse.
 []

[20]
Underfull \hbox (badness 3271) in paragraph at lines 122--127
[]\T1/cmr/m/n/10 Charles H. Ben-nett.  The ther-mo-dy-nam-ics of
 []


Underfull \hbox (badness 8170) in paragraph at lines 193--201
[]\T1/cmr/m/n/10 Jianshu Cao, Richard J. Cogdell, David F.
 []


Underfull \hbox (badness 1577) in paragraph at lines 193--201
\T1/cmr/m/n/10 Coker, Hong-Guang Duan, Jür-gen Hauer, Ul-
 []

)
Underfull \hbox (badness 2005) in paragraph at lines 1531--1532
[]\T1/cmr/m/n/10 Proposition []2.14[]: Mem-brane from Bounded
 []

[21]
Underfull \hbox (badness 10000) in paragraph at lines 1559--1560
[]\T1/cmr/m/n/10 Theorem []12.1[]: Cat-e-gor-i-cal Mea-sure-ment
 []

[22

] (vehicle-membane-semi-conductor-architecture.aux)
 ***********
LaTeX2e <2025-11-01>
L3 programming layer <2026-01-19>
 ***********
Package rerunfilecheck Info: File `vehicle-membane-semi-conductor-architecture.
out' has not changed.
(rerunfilecheck)             Checksum: C129982FE3902E387C8552F7DE749BB9;13818.
 ) 
Here is how much of TeX's memory you used:
 31616 strings out of 467867
 635612 string characters out of 5418334
 1032369 words of memory out of 5000000
 59655 multiletter control sequences out of 15000+600000
 660785 words of font info for 125 fonts, out of 8000000 for 9000
 1141 hyphenation exceptions out of 8191
 84i,13n,94p,2969b,1239s stack positions out of 10000i,1000n,20000p,200000b,200000s
 <C:\Users\kunda\AppData\Local\MiKTeX\fonts/pk/ljfour/jknappen/ec/dpi600\ecbi
1000.pk> <C:\Users\kunda\AppData\Local\MiKTeX\fonts/pk/ljfour/jknappen/ec/dpi60
0\ecti0600.pk> <C:\Users\kunda\AppData\Local\MiKTeX\fonts/pk/ljfour/jknappen/ec
/dpi600\ecbi0900.pk> <C:\Users\kunda\AppData\Local\MiKTeX\fonts/pk/ljfour/jknap
pen/ec/dpi600\ecti0900.pk> <C:\Users\kunda\AppData\Local\MiKTeX\fonts/pk/ljfour
/jknappen/ec/dpi600\ecrm0800.pk> <C:\Users\kunda\AppData\Local\MiKTeX\fonts/pk/
ljfour/jknappen/ec/dpi600\ecrm0700.pk> <C:\Users\kunda\AppData\Local\MiKTeX\fon
ts/pk/ljfour/jknappen/ec/dpi600\ecbx1200.pk> <C:\Users\kunda\AppData\Local\MiKT
eX\fonts/pk/ljfour/jknappen/ec/dpi600\ecrm0900.pk> <C:\Users\kunda\AppData\Loca
l\MiKTeX\fonts/pk/ljfour/jknappen/ec/dpi600\tcrm1000.pk> <C:\Users\kunda\AppDat
a\Local\MiKTeX\fonts/pk/ljfour/jknappen/ec/dpi600\ecti1000.pk> <C:\Users\kunda\
AppData\Local\MiKTeX\fonts/pk/ljfour/jknappen/ec/dpi600\ecbx2074.pk> <C:\Users\
kunda\AppData\Local\MiKTeX\fonts/pk/ljfour/jknappen/ec/dpi600\ecbx1000.pk> <C:\
Users\kunda\AppData\Local\MiKTeX\fonts/pk/ljfour/jknappen/ec/dpi600\ecrm1000.pk
> <C:\Users\kunda\AppData\Local\MiKTeX\fonts/pk/ljfour/jknappen/ec/dpi600\ecbx1
440.pk> <C:\Users\kunda\AppData\Local\MiKTeX\fonts/pk/ljfour/jknappen/ec/dpi600
\ectt1200.pk> <C:\Users\kunda\AppData\Local\MiKTeX\fonts/pk/ljfour/jknappen/ec/
dpi600\ecrm1200.pk> <C:\Users\kunda\AppData\Local\MiKTeX\fonts/pk/ljfour/jknapp
en/ec/dpi600\ecbx1728.pk><C:/Users/kunda/AppData/Local/Programs/MiKTeX/fonts/ty
pe1/public/amsfonts/cm/cmbx10.pfb><C:/Users/kunda/AppData/Local/Programs/MiKTeX
/fonts/type1/public/amsfonts/cm/cmex10.pfb><C:/Users/kunda/AppData/Local/Progra
ms/MiKTeX/fonts/type1/public/amsfonts/cmextra/cmex9.pfb><C:/Users/kunda/AppData
/Local/Programs/MiKTeX/fonts/type1/public/amsfonts/cm/cmmi10.pfb><C:/Users/kund
a/AppData/Local/Programs/MiKTeX/fonts/type1/public/amsfonts/cm/cmmi5.pfb><C:/Us
ers/kunda/AppData/Local/Programs/MiKTeX/fonts/type1/public/amsfonts/cm/cmmi6.pf
b><C:/Users/kunda/AppData/Local/Programs/MiKTeX/fonts/type1/public/amsfonts/cm/
cmmi7.pfb><C:/Users/kunda/AppData/Local/Programs/MiKTeX/fonts/type1/public/amsf
onts/cm/cmmi9.pfb><C:/Users/kunda/AppData/Local/Programs/MiKTeX/fonts/type1/pub
lic/amsfonts/cm/cmr10.pfb><C:/Users/kunda/AppData/Local/Programs/MiKTeX/fonts/t
ype1/public/amsfonts/cm/cmr5.pfb><C:/Users/kunda/AppData/Local/Programs/MiKTeX/
fonts/type1/public/amsfonts/cm/cmr6.pfb><C:/Users/kunda/AppData/Local/Programs/
MiKTeX/fonts/type1/public/amsfonts/cm/cmr7.pfb><C:/Users/kunda/AppData/Local/Pr
ograms/MiKTeX/fonts/type1/public/amsfonts/cm/cmr9.pfb><C:/Users/kunda/AppData/L
ocal/Programs/MiKTeX/fonts/type1/public/amsfonts/cm/cmsy10.pfb><C:/Users/kunda/
AppData/Local/Programs/MiKTeX/fonts/type1/public/amsfonts/cm/cmsy5.pfb><C:/User
s/kunda/AppData/Local/Programs/MiKTeX/fonts/type1/public/amsfonts/cm/cmsy6.pfb>
<C:/Users/kunda/AppData/Local/Programs/MiKTeX/fonts/type1/public/amsfonts/cm/cm
sy7.pfb><C:/Users/kunda/AppData/Local/Programs/MiKTeX/fonts/type1/public/amsfon
ts/cm/cmsy9.pfb><C:/Users/kunda/AppData/Local/Programs/MiKTeX/fonts/type1/publi
c/amsfonts/symbols/msam10.pfb><C:/Users/kunda/AppData/Local/Programs/MiKTeX/fon
ts/type1/public/amsfonts/symbols/msbm10.pfb>
Output written on vehicle-membane-semi-conductor-architecture.pdf (22 pages, 52
06061 bytes).
PDF statistics:
 1815 PDF objects out of 2073 (max. 8388607)
 382 named destinations out of 1000 (max. 500000)
 627 words of extra memory for PDF output out of 10000 (max. 10000000)

