This is pdfTeX, Version 3.141592653-2.6-1.40.29 (MiKTeX 26.2) (preloaded format=pdflatex 2026.3.20)  24 MAR 2026 03:41
entering extended mode
 restricted \write18 enabled.
 %&-line parsing enabled.
**./automobile-membrane-sensor.tex
(automobile-membrane-sensor.tex
LaTeX2e <2025-11-01>
L3 programming layer <2026-01-19>
(C:\Users\kunda\AppData\Local\Programs\MiKTeX\tex/latex/base\article.cls
Document Class: article 2025/01/22 v1.4n Standard LaTeX document class
(C:\Users\kunda\AppData\Local\Programs\MiKTeX\tex/latex/base\size10.clo
File: size10.clo 2025/01/22 v1.4n Standard LaTeX file (size option)
)
\c@part=\count275
\c@section=\count276
\c@subsection=\count277
\c@subsubsection=\count278
\c@paragraph=\count279
\c@subparagraph=\count280
\c@figure=\count281
\c@table=\count282
\abovecaptionskip=\skip49
\belowcaptionskip=\skip50
\bibindent=\dimen148
)
(C:\Users\kunda\AppData\Local\Programs\MiKTeX\tex/latex/base\inputenc.sty
Package: inputenc 2024/02/08 v1.3d Input encoding file
\inpenc@prehook=\toks17
\inpenc@posthook=\toks18
)
(C:\Users\kunda\AppData\Local\Programs\MiKTeX\tex/latex/base\fontenc.sty
Package: fontenc 2025/07/18 v2.1d Standard LaTeX package
)
(C:\Users\kunda\AppData\Local\Programs\MiKTeX\tex/latex/geometry\geometry.sty
Package: geometry 2026/03/07 v6.0 Page Geometry

(C:\Users\kunda\AppData\Local\Programs\MiKTeX\tex/latex/graphics\keyval.sty
Package: keyval 2022/05/29 v1.15 key=value parser (DPC)
\KV@toks@=\toks19
)
(C:\Users\kunda\AppData\Local\Programs\MiKTeX\tex/generic/iftex\ifvtex.sty
Package: ifvtex 2019/10/25 v1.7 ifvtex legacy package. Use iftex instead.

(C:\Users\kunda\AppData\Local\Programs\MiKTeX\tex/generic/iftex\iftex.sty
Package: iftex 2024/12/12 v1.0g TeX engine tests
))
\Gm@cnth=\count283
\Gm@cntv=\count284
\c@Gm@tempcnt=\count285
\Gm@bindingoffset=\dimen149
\Gm@wd@mp=\dimen150
\Gm@odd@mp=\dimen151
\Gm@even@mp=\dimen152
\Gm@layoutwidth=\dimen153
\Gm@layoutheight=\dimen154
\Gm@layouthoffset=\dimen155
\Gm@layoutvoffset=\dimen156
\Gm@dimlist=\toks20

(C:\Users\kunda\AppData\Local\Programs\MiKTeX\tex/latex/geometry\geometry.cfg))
(C:\Users\kunda\AppData\Local\Programs\MiKTeX\tex/latex/amsmath\amsmath.sty
Package: amsmath 2025/07/09 v2.17z AMS math features
\@mathmargin=\skip51

For additional information on amsmath, use the `?' option.
(C:\Users\kunda\AppData\Local\Programs\MiKTeX\tex/latex/amsmath\amstext.sty
Package: amstext 2024/11/17 v2.01 AMS text

(C:\Users\kunda\AppData\Local\Programs\MiKTeX\tex/latex/amsmath\amsgen.sty
File: amsgen.sty 1999/11/30 v2.0 generic functions
\@emptytoks=\toks21
\ex@=\dimen157
))
(C:\Users\kunda\AppData\Local\Programs\MiKTeX\tex/latex/amsmath\amsbsy.sty
Package: amsbsy 1999/11/29 v1.2d Bold Symbols
\pmbraise@=\dimen158
)
(C:\Users\kunda\AppData\Local\Programs\MiKTeX\tex/latex/amsmath\amsopn.sty
Package: amsopn 2022/04/08 v2.04 operator names
)
\inf@bad=\count286
LaTeX Info: Redefining \frac on input line 233.
\uproot@=\count287
\leftroot@=\count288
LaTeX Info: Redefining \overline on input line 398.
LaTeX Info: Redefining \colon on input line 409.
\classnum@=\count289
\DOTSCASE@=\count290
LaTeX Info: Redefining \ldots on input line 495.
LaTeX Info: Redefining \dots on input line 498.
LaTeX Info: Redefining \cdots on input line 619.
\Mathstrutbox@=\box53
\strutbox@=\box54
LaTeX Info: Redefining \big on input line 721.
LaTeX Info: Redefining \Big on input line 722.
LaTeX Info: Redefining \bigg on input line 723.
LaTeX Info: Redefining \Bigg on input line 724.
\big@size=\dimen159
LaTeX Font Info:    Redeclaring font encoding OML on input line 742.
LaTeX Font Info:    Redeclaring font encoding OMS on input line 743.
\macc@depth=\count291
LaTeX Info: Redefining \bmod on input line 904.
LaTeX Info: Redefining \pmod on input line 909.
LaTeX Info: Redefining \smash on input line 939.
LaTeX Info: Redefining \relbar on input line 969.
LaTeX Info: Redefining \Relbar on input line 970.
\c@MaxMatrixCols=\count292
\dotsspace@=\muskip17
\c@parentequation=\count293
\dspbrk@lvl=\count294
\tag@help=\toks22
\row@=\count295
\column@=\count296
\maxfields@=\count297
\andhelp@=\toks23
\eqnshift@=\dimen160
\alignsep@=\dimen161
\tagshift@=\dimen162
\tagwidth@=\dimen163
\totwidth@=\dimen164
\lineht@=\dimen165
\@envbody=\toks24
\multlinegap=\skip52
\multlinetaggap=\skip53
\mathdisplay@stack=\toks25
LaTeX Info: Redefining \[ on input line 2950.
LaTeX Info: Redefining \] on input line 2951.
)
(C:\Users\kunda\AppData\Local\Programs\MiKTeX\tex/latex/amsfonts\amssymb.sty
Package: amssymb 2013/01/14 v3.01 AMS font symbols

(C:\Users\kunda\AppData\Local\Programs\MiKTeX\tex/latex/amsfonts\amsfonts.sty
Package: amsfonts 2013/01/14 v3.01 Basic AMSFonts support
\symAMSa=\mathgroup4
\symAMSb=\mathgroup5
LaTeX Font Info:    Redeclaring math symbol \hbar on input line 98.
LaTeX Font Info:    Overwriting math alphabet `\mathfrak' in version `bold'
(Font)                  U/euf/m/n --> U/euf/b/n on input line 106.
)) (C:\Users\kunda\AppData\Local\Programs\MiKTeX\tex/latex/amscls\amsthm.sty
Package: amsthm 2020/05/29 v2.20.6
\thm@style=\toks26
\thm@bodyfont=\toks27
\thm@headfont=\toks28
\thm@notefont=\toks29
\thm@headpunct=\toks30
\thm@preskip=\skip54
\thm@postskip=\skip55
\thm@headsep=\skip56
\dth@everypar=\toks31
)
(C:\Users\kunda\AppData\Local\Programs\MiKTeX\tex/latex/graphics\graphicx.sty
Package: graphicx 2024/12/31 v1.2e Enhanced LaTeX Graphics (DPC,SPQR)

(C:\Users\kunda\AppData\Local\Programs\MiKTeX\tex/latex/graphics\graphics.sty
Package: graphics 2024/08/06 v1.4g Standard LaTeX Graphics (DPC,SPQR)

(C:\Users\kunda\AppData\Local\Programs\MiKTeX\tex/latex/graphics\trig.sty
Package: trig 2023/12/02 v1.11 sin cos tan (DPC)
)
(C:\Users\kunda\AppData\Local\Programs\MiKTeX\tex/latex/graphics-cfg\graphics.c
fg
File: graphics.cfg 2016/06/04 v1.11 sample graphics configuration
)
Package graphics Info: Driver file: pdftex.def on input line 106.

(C:\Users\kunda\AppData\Local\Programs\MiKTeX\tex/latex/graphics-def\pdftex.def
File: pdftex.def 2025/09/29 v1.2d Graphics/color driver for pdftex
))
\Gin@req@height=\dimen166
\Gin@req@width=\dimen167
)
(C:\Users\kunda\AppData\Local\Programs\MiKTeX\tex/latex/hyperref\hyperref.sty
Package: hyperref 2026-01-29 v7.01p Hypertext links for LaTeX

(C:\Users\kunda\AppData\Local\Programs\MiKTeX\tex/latex/kvsetkeys\kvsetkeys.sty
Package: kvsetkeys 2022-10-05 v1.19 Key value parser (HO)
)
(C:\Users\kunda\AppData\Local\Programs\MiKTeX\tex/generic/kvdefinekeys\kvdefine
keys.sty
Package: kvdefinekeys 2019-12-19 v1.6 Define keys (HO)
)
(C:\Users\kunda\AppData\Local\Programs\MiKTeX\tex/generic/pdfescape\pdfescape.s
ty
Package: pdfescape 2019/12/09 v1.15 Implements pdfTeX's escape features (HO)

(C:\Users\kunda\AppData\Local\Programs\MiKTeX\tex/generic/ltxcmds\ltxcmds.sty
Package: ltxcmds 2023-12-04 v1.26 LaTeX kernel commands for general use (HO)
)
(C:\Users\kunda\AppData\Local\Programs\MiKTeX\tex/generic/pdftexcmds\pdftexcmds
.sty
Package: pdftexcmds 2020-06-27 v0.33 Utility functions of pdfTeX for LuaTeX (HO
)

(C:\Users\kunda\AppData\Local\Programs\MiKTeX\tex/generic/infwarerr\infwarerr.s
ty
Package: infwarerr 2019/12/03 v1.5 Providing info/warning/error messages (HO)
)
Package pdftexcmds Info: \pdf@primitive is available.
Package pdftexcmds Info: \pdf@ifprimitive is available.
Package pdftexcmds Info: \pdfdraftmode found.
))
(C:\Users\kunda\AppData\Local\Programs\MiKTeX\tex/latex/hycolor\hycolor.sty
Package: hycolor 2020-01-27 v1.10 Color options for hyperref/bookmark (HO)
)
(C:\Users\kunda\AppData\Local\Programs\MiKTeX\tex/latex/hyperref\nameref.sty
Package: nameref 2026-01-29 v2.58 Cross-referencing by name of section

(C:\Users\kunda\AppData\Local\Programs\MiKTeX\tex/latex/refcount\refcount.sty
Package: refcount 2019/12/15 v3.6 Data extraction from label references (HO)
)
(C:\Users\kunda\AppData\Local\Programs\MiKTeX\tex/generic/gettitlestring\gettit
lestring.sty
Package: gettitlestring 2019/12/15 v1.6 Cleanup title references (HO)

(C:\Users\kunda\AppData\Local\Programs\MiKTeX\tex/latex/kvoptions\kvoptions.sty
Package: kvoptions 2022-06-15 v3.15 Key value format for package options (HO)
))
\c@section@level=\count298
)
(C:\Users\kunda\AppData\Local\Programs\MiKTeX\tex/latex/etoolbox\etoolbox.sty
Package: etoolbox 2025/10/02 v2.5m e-TeX tools for LaTeX (JAW)
\etb@tempcnta=\count299
)
(C:\Users\kunda\AppData\Local\Programs\MiKTeX\tex/generic/stringenc\stringenc.s
ty
Package: stringenc 2019/11/29 v1.12 Convert strings between diff. encodings (HO
)
)
\@linkdim=\dimen168
\Hy@linkcounter=\count300
\Hy@pagecounter=\count301
 (C:\Users\kunda\AppData\Local\Programs\MiKTeX\tex/latex/hyperref\pd1enc.def
File: pd1enc.def 2026-01-29 v7.01p Hyperref: PDFDocEncoding definition (HO)
Now handling font encoding PD1 ...
... no UTF-8 mapping file for font encoding PD1
) (C:\Users\kunda\AppData\Local\Programs\MiKTeX\tex/generic/intcalc\intcalc.sty
Package: intcalc 2019/12/15 v1.3 Expandable calculations with integers (HO)
)
\Hy@SavedSpaceFactor=\count302
 (C:\Users\kunda\AppData\Local\Programs\MiKTeX\tex/latex/hyperref\puenc.def
File: puenc.def 2026-01-29 v7.01p Hyperref: PDF Unicode definition (HO)
Now handling font encoding PU ...
... no UTF-8 mapping file for font encoding PU
)
Package hyperref Info: Option `colorlinks' set `true' on input line 4072.
Package hyperref Info: Hyper figures OFF on input line 4201.
Package hyperref Info: Link nesting OFF on input line 4206.
Package hyperref Info: Hyper index ON on input line 4209.
Package hyperref Info: Plain pages OFF on input line 4216.
Package hyperref Info: Backreferencing OFF on input line 4221.
Package hyperref Info: Implicit mode ON; LaTeX internals redefined.
Package hyperref Info: Bookmarks ON on input line 4468.
\c@Hy@tempcnt=\count303

(C:\Users\kunda\AppData\Local\Programs\MiKTeX\tex/latex/url\url.sty
\Urlmuskip=\muskip18
Package: url 2013/09/16  ver 3.4  Verb mode for urls, etc.
)
LaTeX Info: Redefining \url on input line 4807.
\XeTeXLinkMargin=\dimen169

(C:\Users\kunda\AppData\Local\Programs\MiKTeX\tex/generic/bitset\bitset.sty
Package: bitset 2019/12/09 v1.3 Handle bit-vector datatype (HO)

(C:\Users\kunda\AppData\Local\Programs\MiKTeX\tex/generic/bigintcalc\bigintcalc
.sty
Package: bigintcalc 2019/12/15 v1.5 Expandable calculations on big integers (HO
)
))
\Fld@menulength=\count304
\Field@Width=\dimen170
\Fld@charsize=\dimen171
Package hyperref Info: Hyper figures OFF on input line 6084.
Package hyperref Info: Link nesting OFF on input line 6089.
Package hyperref Info: Hyper index ON on input line 6092.
Package hyperref Info: backreferencing OFF on input line 6099.
Package hyperref Info: Link coloring ON on input line 6102.
Package hyperref Info: Link coloring with OCG OFF on input line 6109.
Package hyperref Info: PDF/A mode OFF on input line 6114.
\Hy@abspage=\count305
\c@Item=\count306
\c@Hfootnote=\count307
)
Package hyperref Info: Driver (autodetected): hpdftex.

(C:\Users\kunda\AppData\Local\Programs\MiKTeX\tex/latex/hyperref\hpdftex.def
File: hpdftex.def 2026-01-29 v7.01p Hyperref driver for pdfTeX
\Fld@listcount=\count308
\c@bookmark@seq@number=\count309

(C:\Users\kunda\AppData\Local\Programs\MiKTeX\tex/latex/rerunfilecheck\rerunfil
echeck.sty
Package: rerunfilecheck 2025-06-21 v1.11 Rerun checks for auxiliary files (HO)

(C:\Users\kunda\AppData\Local\Programs\MiKTeX\tex/generic/uniquecounter\uniquec
ounter.sty
Package: uniquecounter 2019/12/15 v1.4 Provide unlimited unique counter (HO)
)
Package uniquecounter Info: New unique counter `rerunfilecheck' on input line 2
84.
)
\Hy@SectionHShift=\skip57
)
(C:\Users\kunda\AppData\Local\Programs\MiKTeX\tex/latex/booktabs\booktabs.sty
Package: booktabs 2020/01/12 v1.61803398 Publication quality tables
\heavyrulewidth=\dimen172
\lightrulewidth=\dimen173
\cmidrulewidth=\dimen174
\belowrulesep=\dimen175
\belowbottomsep=\dimen176
\aboverulesep=\dimen177
\abovetopsep=\dimen178
\cmidrulesep=\dimen179
\cmidrulekern=\dimen180
\defaultaddspace=\dimen181
\@cmidla=\count310
\@cmidlb=\count311
\@aboverulesep=\dimen182
\@belowrulesep=\dimen183
\@thisruleclass=\count312
\@lastruleclass=\count313
\@thisrulewidth=\dimen184
)
(C:\Users\kunda\AppData\Local\Programs\MiKTeX\tex/latex/siunitx\siunitx.sty
Package: siunitx 2025-07-09 v3.4.14 A comprehensive (SI) units package
\l__siunitx_number_uncert_offset_int=\count314
\l__siunitx_number_exponent_fixed_int=\count315
\l__siunitx_number_min_decimal_int=\count316
\l__siunitx_number_min_integer_int=\count317
\l__siunitx_number_round_precision_int=\count318
\l__siunitx_number_lower_threshold_int=\count319
\l__siunitx_number_upper_threshold_int=\count320
\l__siunitx_number_group_first_int=\count321
\l__siunitx_number_group_size_int=\count322
\l__siunitx_number_group_minimum_int=\count323
\l__siunitx_angle_tmp_dim=\dimen185
\l__siunitx_angle_marker_box=\box55
\l__siunitx_angle_unit_box=\box56
\l__siunitx_compound_count_int=\count324

(C:\Users\kunda\AppData\Local\Programs\MiKTeX\tex/latex/translations\translatio
ns.sty
Package: translations 2022/02/05 v1.12 internationalization of LaTeX2e packages
 (CN)
)
\l__siunitx_table_tmp_box=\box57
\l__siunitx_table_tmp_dim=\dimen186
\l__siunitx_table_column_width_dim=\dimen187
\l__siunitx_table_integer_box=\box58
\l__siunitx_table_decimal_box=\box59
\l__siunitx_table_uncert_box=\box60
\l__siunitx_table_before_box=\box61
\l__siunitx_table_after_box=\box62
\l__siunitx_table_before_dim=\dimen188
\l__siunitx_table_carry_dim=\dimen189
\l__siunitx_unit_tmp_int=\count325
\l__siunitx_unit_position_int=\count326
\l__siunitx_unit_total_int=\count327
 (C:\Users\kunda\AppData\Local\Programs\MiKTeX\tex/latex/tools\array.sty
Package: array 2025/09/25 v2.6n Tabular extension package (FMi)
\col@sep=\dimen190
\ar@mcellbox=\box63
\extrarowheight=\dimen191
\NC@list=\toks32
\extratabsurround=\skip58
\backup@length=\skip59
\ar@cellbox=\box64
))
(C:\Users\kunda\AppData\Local\Programs\MiKTeX\tex/latex/algorithms\algorithm.st
y
Package: algorithm 2009/08/24 v0.1 Document Style `algorithm' - floating enviro
nment
 (C:\Users\kunda\AppData\Local\Programs\MiKTeX\tex/latex/float\float.sty
Package: float 2001/11/08 v1.3d Float enhancements (AL)
\c@float@type=\count328
\float@exts=\toks33
\float@box=\box65
\@float@everytoks=\toks34
\@floatcapt=\box66
)
(C:\Users\kunda\AppData\Local\Programs\MiKTeX\tex/latex/base\ifthen.sty
Package: ifthen 2024/03/16 v1.1e Standard LaTeX ifthen package (DPC)
)
\@float@every@algorithm=\toks35
\c@algorithm=\count329
)
(C:\Users\kunda\AppData\Local\Programs\MiKTeX\tex/latex/algorithms\algorithmic.
sty
Package: algorithmic 2009/08/24 v0.1 Document Style `algorithmic'
\c@ALC@unique=\count330
\c@ALC@line=\count331
\c@ALC@rem=\count332
\c@ALC@depth=\count333
\ALC@tlm=\skip60
\algorithmicindent=\skip61
)
(C:\Users\kunda\AppData\Local\Programs\MiKTeX\tex/latex/physics\physics.sty
Package: physics 

(C:\Users\kunda\AppData\Local\Programs\MiKTeX\tex/latex/l3packages/xparse\xpars
e.sty
(C:\Users\kunda\AppData\Local\Programs\MiKTeX\tex/latex/l3kernel\expl3.sty
Package: expl3 2026-01-19 L3 programming layer (loader) 

(C:\Users\kunda\AppData\Local\Programs\MiKTeX\tex/latex/l3backend\l3backend-pdf
tex.def
File: l3backend-pdftex.def 2025-10-09 L3 backend support: PDF output (pdfTeX)
\l__color_backend_stack_int=\count334
))
Package: xparse 2025-10-09 L3 Experimental document command parser
))
(C:\Users\kunda\AppData\Local\Programs\MiKTeX\tex/latex/caption\caption.sty
Package: caption 2023/08/05 v3.6o Customizing captions (AR)

(C:\Users\kunda\AppData\Local\Programs\MiKTeX\tex/latex/caption\caption3.sty
Package: caption3 2023/07/31 v2.4d caption3 kernel (AR)
\caption@tempdima=\dimen192
\captionmargin=\dimen193
\caption@leftmargin=\dimen194
\caption@rightmargin=\dimen195
\caption@width=\dimen196
\caption@indent=\dimen197
\caption@parindent=\dimen198
\caption@hangindent=\dimen199
Package caption Info: Standard document class detected.
)
\c@caption@flags=\count335
\c@continuedfloat=\count336
Package caption Info: float package is loaded.
Package caption Info: hyperref package is loaded.
)
(C:\Users\kunda\AppData\Local\Programs\MiKTeX\tex/latex/caption\subcaption.sty
Package: subcaption 2023/07/28 v1.6b Sub-captions (AR)
Package caption Info: New subtype `subfigure' on input line 238.
\c@subfigure=\count337
Package caption Info: New subtype `subtable' on input line 238.
\c@subtable=\count338
) (C:\Users\kunda\AppData\Local\Programs\MiKTeX\tex/latex/enumitem\enumitem.sty
Package: enumitem 2025/02/06 v3.11 Customized lists
\labelindent=\skip62
\enit@outerparindent=\dimen256
\enit@toks=\toks36
\enit@inbox=\box67
\enit@count@id=\count339
\enitdp@description=\count340
)
(C:\Users\kunda\AppData\Local\Programs\MiKTeX\tex/latex/mathtools\mathtools.sty
Package: mathtools 2024/10/04 v1.31 mathematical typesetting tools
(C:\Users\kunda\AppData\Local\Programs\MiKTeX\tex/latex/tools\calc.sty
Package: calc 2025/03/01 v4.3b Infix arithmetic (KKT,FJ)
\calc@Acount=\count341
\calc@Bcount=\count342
\calc@Adimen=\dimen257
\calc@Bdimen=\dimen258
\calc@Askip=\skip63
\calc@Bskip=\skip64
LaTeX Info: Redefining \setlength on input line 86.
LaTeX Info: Redefining \addtolength on input line 87.
\calc@Ccount=\count343
\calc@Cskip=\skip65
)
(C:\Users\kunda\AppData\Local\Programs\MiKTeX\tex/latex/mathtools\mhsetup.sty
Package: mhsetup 2021/03/18 v1.4 programming setup (MH)
)
\g_MT_multlinerow_int=\count344
\l_MT_multwidth_dim=\dimen259
\origjot=\skip66
\l_MT_shortvdotswithinadjustabove_dim=\dimen260
\l_MT_shortvdotswithinadjustbelow_dim=\dimen261
\l_MT_above_intertext_sep=\dimen262
\l_MT_below_intertext_sep=\dimen263
\l_MT_above_shortintertext_sep=\dimen264
\l_MT_below_shortintertext_sep=\dimen265
\xmathstrut@box=\box68
\xmathstrut@dim=\dimen266
) (C:\Users\kunda\AppData\Local\Programs\MiKTeX\tex/latex/tools\tabularx.sty
Package: tabularx 2023/12/11 v2.12a `tabularx' package (DPC)
\TX@col@width=\dimen267
\TX@old@table=\dimen268
\TX@old@col=\dimen269
\TX@target=\dimen270
\TX@delta=\dimen271
\TX@cols=\count345
\TX@ftn=\toks37
)
(C:\Users\kunda\AppData\Local\Programs\MiKTeX\tex/latex/tools\longtable.sty
Package: longtable 2025-10-13 v4.24 Multi-page Table package (DPC)
\LTleft=\skip67
\LTright=\skip68
\LTpre=\skip69
\LTpost=\skip70
\LTchunksize=\count346
\LTcapwidth=\dimen272
\LT@head=\box69
\LT@firsthead=\box70
\LT@foot=\box71
\LT@lastfoot=\box72
\LT@gbox=\box73
\LT@cols=\count347
\LT@rows=\count348
\c@LT@tables=\count349
\c@LT@chunks=\count350
\LT@p@ftn=\toks38
)
\c@theorem=\count351
\c@axiom=\count352
Package translations Info: No language package found. I am going to use `englis
h' as default language. on input line 72.

(C:\Users\kunda\AppData\Local\Programs\MiKTeX\tex/latex/graphics\color.sty
Package: color 2025/01/14 v1.3e Standard LaTeX Color (DPC)

(C:\Users\kunda\AppData\Local\Programs\MiKTeX\tex/latex/graphics-cfg\color.cfg
File: color.cfg 2016/01/02 v1.6 sample color configuration
)
Package color Info: Driver file: pdftex.def on input line 149.
(C:\Users\kunda\AppData\Local\Programs\MiKTeX\tex/latex/graphics\mathcolor.ltx)
) (automobile-membrane-sensor.aux)
\openout1 = `automobile-membrane-sensor.aux'.

LaTeX Font Info:    Checking defaults for OML/cmm/m/it on input line 72.
LaTeX Font Info:    ... okay on input line 72.
LaTeX Font Info:    Checking defaults for OMS/cmsy/m/n on input line 72.
LaTeX Font Info:    ... okay on input line 72.
LaTeX Font Info:    Checking defaults for OT1/cmr/m/n on input line 72.
LaTeX Font Info:    ... okay on input line 72.
LaTeX Font Info:    Checking defaults for T1/cmr/m/n on input line 72.
LaTeX Font Info:    ... okay on input line 72.
LaTeX Font Info:    Checking defaults for TS1/cmr/m/n on input line 72.
LaTeX Font Info:    ... okay on input line 72.
LaTeX Font Info:    Checking defaults for OMX/cmex/m/n on input line 72.
LaTeX Font Info:    ... okay on input line 72.
LaTeX Font Info:    Checking defaults for U/cmr/m/n on input line 72.
LaTeX Font Info:    ... okay on input line 72.
LaTeX Font Info:    Checking defaults for PD1/pdf/m/n on input line 72.
LaTeX Font Info:    ... okay on input line 72.
LaTeX Font Info:    Checking defaults for PU/pdf/m/n on input line 72.
LaTeX Font Info:    ... okay on input line 72.

*geometry* driver: auto-detecting
*geometry* detected driver: pdftex
*geometry* verbose mode - [ preamble ] result:
* driver: pdftex
* paper: <default>
* layout: <same size as paper>
* layoutoffset:(h,v)=(0.0pt,0.0pt)
* modes: 
* h-part:(L,W,R)=(72.26999pt, 469.75502pt, 72.26999pt)
* v-part:(T,H,B)=(72.26999pt, 650.43001pt, 72.26999pt)
* \paperwidth=614.295pt
* \paperheight=794.96999pt
* \textwidth=469.75502pt
* \textheight=650.43001pt
* \oddsidemargin=0.0pt
* \evensidemargin=0.0pt
* \topmargin=-37.0pt
* \headheight=12.0pt
* \headsep=25.0pt
* \topskip=10.0pt
* \footskip=30.0pt
* \marginparwidth=4.0pt
* \marginparsep=10.0pt
* \columnsep=10.0pt
* \skip\footins=9.0pt plus 4.0pt minus 2.0pt
* \hoffset=0.0pt
* \voffset=0.0pt
* \mag=1000
* \@twocolumntrue
* \@twosidefalse
* \@mparswitchfalse
* \@reversemarginfalse
* (1in=72.27pt=25.4mm, 1cm=28.453pt)


(C:\Users\kunda\AppData\Local\Programs\MiKTeX\tex/context/base/mkii\supp-pdf.mk
ii
[Loading MPS to PDF converter (version 2006.09.02).]
\scratchcounter=\count353
\scratchdimen=\dimen273
\scratchbox=\box74
\nofMPsegments=\count354
\nofMParguments=\count355
\everyMPshowfont=\toks39
\MPscratchCnt=\count356
\MPscratchDim=\dimen274
\MPnumerator=\count357
\makeMPintoPDFobject=\count358
\everyMPtoPDFconversion=\toks40
)
(C:\Users\kunda\AppData\Local\Programs\MiKTeX\tex/latex/epstopdf-pkg\epstopdf-b
ase.sty
Package: epstopdf-base 2020-01-24 v2.11 Base part for package epstopdf
Package epstopdf-base Info: Redefining graphics rule for `.eps' on input line 4
85.

(C:\Users\kunda\AppData\Local\Programs\MiKTeX\tex/latex/00miktex\epstopdf-sys.c
fg
File: epstopdf-sys.cfg 2021/03/18 v2.0 Configuration of epstopdf for MiKTeX
))
Package hyperref Info: Link coloring ON on input line 72.
 (automobile-membrane-sensor.out) (automobile-membrane-sensor.out)
\@outlinefile=\write3
\openout3 = `automobile-membrane-sensor.out'.



Package siunitx Warning: Detected the "physics" package:
(siunitx)                omitting definition of \qty.
(siunitx)                
(siunitx)                If you want to use \qty with the siunitx definition,
(siunitx)                add 
(siunitx)                
(siunitx)                    \AtBeginDocument{\RenewCommandCopy\qty\SI}
(siunitx)                
(siunitx)                to your preamble.


(C:\Users\kunda\AppData\Local\Programs\MiKTeX\tex/latex/translations/dicts\tran
slations-basic-dictionary-english.trsl
File: translations-basic-dictionary-english.trsl (english translation file `tra
nslations-basic-dictionary')
)
Package translations Info: loading dictionary `translations-basic-dictionary' f
or `english'. on input line 72.
Package caption Info: Begin \AtBeginDocument code.
Package caption Info: longtable package is loaded.

(C:\Users\kunda\AppData\Local\Programs\MiKTeX\tex/latex/caption\ltcaption.sty
Package: ltcaption 2021/01/08 v1.4c longtable captions (AR)
)
Package caption Info: End \AtBeginDocument code.
LaTeX Font Info:    Trying to load font information for U+msa on input line 75.


(C:\Users\kunda\AppData\Local\Programs\MiKTeX\tex/latex/amsfonts\umsa.fd
File: umsa.fd 2013/01/14 v3.01 AMS symbols A
)
LaTeX Font Info:    Trying to load font information for U+msb on input line 75.


(C:\Users\kunda\AppData\Local\Programs\MiKTeX\tex/latex/amsfonts\umsb.fd
File: umsb.fd 2013/01/14 v3.01 AMS symbols B
)
Underfull \vbox (badness 10000) has occurred while \output is active []

 [1{C:/Users/kunda/AppData/Local/MiKTeX/fonts/map/pdftex/pdftex.map}


]
Underfull \hbox (badness 10000) in paragraph at lines 145--145
[]|\T1/cmr/m/n/9 Occlusion (build-ings,
 []


Underfull \hbox (badness 10000) in paragraph at lines 145--145
[]|\T1/cmr/m/n/9 Categorical dis-tance in-
 []


Underfull \hbox (badness 10000) in paragraph at lines 145--145
\T1/cmr/m/n/9 de-pen-dent of opac-ity
 []


Underfull \hbox (badness 4181) in paragraph at lines 145--145
[]|\T1/cmr/m/n/9 Backward tra-jec-tory com-ple-
 []


Underfull \hbox (badness 7186) in paragraph at lines 145--145
[]|\T1/cmr/m/n/9 Atmospheric molecules com-
 []


Underfull \hbox (badness 2050) in paragraph at lines 145--145
[]|\T1/cmr/m/n/9 Sufficiency recog-ni-tion: non-
 []


Underfull \hbox (badness 10000) in paragraph at lines 145--145
[]|\T1/cmr/m/n/9 Membrane re-places Li-DAR,
 []


Overfull \hbox (239.87752pt too wide) in paragraph at lines 145--146
 [][] 
 []

[2]
Overfull \hbox (26.83865pt too wide) detected at line 180
[][][]\OMS/cmsy/m/n/10 P \OT1/cmr/m/n/10 = \OMS/cmsy/m/n/10 f\OML/cmm/m/it/10 C
[]; C[]; [] ; C[]\OMS/cmsy/m/n/10 g\OML/cmm/m/it/10 ;  [] C[] \OT1/cmr/m/n/10 =
 ^^@\OML/cmm/m/it/10 ;  C[] \OMS/cmsy/m/n/10 \ \OML/cmm/m/it/10 C[] \OT1/cmr/m/
n/10 = \U/msb/m/n/10 ?  \OMS/cmsy/m/n/10 8 \OML/cmm/m/it/10 i \OMS/cmsy/m/n/10 
6\OT1/cmr/m/n/10 = \OML/cmm/m/it/10 j;
 []

[3]
Overfull \hbox (28.05106pt too wide) detected at line 261
[]
 []


Underfull \hbox (badness 2600) in paragraph at lines 288--289
[]\T1/cmr/m/n/10 The par-ti-tion co-or-di-nates $\OT1/cmr/m/n/10 (\OML/cmm/m/it
/10 n; `; m; s\OT1/cmr/m/n/10 )$ \T1/cmr/m/n/10 are iso-
 []


Underfull \hbox (badness 1968) in paragraph at lines 288--289
\T1/cmr/m/n/10 mor-phic to quan-tum num-bers, not by anal-ogy
 []


Underfull \hbox (badness 1199) in paragraph at lines 294--295
\T1/cmr/m/it/10 fun-da-men-tal os-cil-la-tion fre-quency $\OML/cmm/m/it/10 !$\T
1/cmr/m/it/10 , the rate of
 []


Underfull \hbox (badness 2744) in paragraph at lines 310--311
[][]\T1/cmr/bx/n/10 Theorem 2.12 \T1/cmr/m/n/10 (Triple Op-er-a-tion Equiv-a-le
nce:
 []


Overfull \hbox (109.35905pt too wide) detected at line 314
[][][]\OML/cmm/m/it/10 O\OT1/cmr/m/n/10 (\OML/cmm/m/it/10 x\OT1/cmr/m/n/10 ) \O
MS/cmsy/m/n/10 ^^Q \OML/cmm/m/it/10 C\OT1/cmr/m/n/10 (\OML/cmm/m/it/10 x\OT1/cm
r/m/n/10 ) \OMS/cmsy/m/n/10 ^^Q \OML/cmm/m/it/10 P\OT1/cmr/m/n/10 (\OML/cmm/m/i
t/10 x\OT1/cmr/m/n/10 ) = []\OML/cmm/m/it/10 x[]S[]:
 []

[4]
Underfull \hbox (badness 10000) in paragraph at lines 349--349
[]\T1/cmr/bx/n/12 Categorical-Physical Com-mu-ta-
 []


Underfull \hbox (badness 1681) in paragraph at lines 353--354
[][]\T1/cmr/bx/n/10 Theorem 2.15 \T1/cmr/m/n/10 (Cat-e-gor-i-cal--Phys-i-cal Co
m-mu-ta-
 []


Underfull \hbox (badness 10000) in paragraph at lines 383--384
[][]\T1/cmr/bx/n/10 Theorem 2.17 \T1/cmr/m/n/10 (Po-si-tion--Par-ti-tion Bi-jec
-tion)\T1/cmr/bx/n/10 .
 []


Overfull \hbox (176.21712pt too wide) in paragraph at lines 407--408
 [][] 
 []


Underfull \hbox (badness 1132) in paragraph at lines 408--408
[]\T1/cmr/m/n/10 Figure 1: |The Position-Partition Bi-jec-tion $\OT1/cmr/m/n/10
 ^^E :
 []


Underfull \vbox (badness 1442) has occurred while \output is active []

 [5]
Underfull \hbox (badness 1675) in paragraph at lines 432--433
[]\T1/cmr/m/it/10 Area per am-phiphile $\OML/cmm/m/it/10 a[] \OT1/cmr/m/n/10 = 
\OML/cmm/m/it/10 v[]=`[] \OMS/cmsy/m/n/10 ^^Y
 []


Underfull \hbox (badness 2111) in paragraph at lines 463--464
\T1/cmr/m/n/10 length and sat-u-ra-tion. This tran-si-tion has a
 []

[6]
Overfull \hbox (176.21712pt too wide) in paragraph at lines 492--493
 [][] 
 []


Underfull \hbox (badness 1558) in paragraph at lines 493--493
[]\T1/cmr/m/n/10 Figure 2: |Lipid bi-layer struc-ture de-rived from
 []


Underfull \vbox (badness 10000) has occurred while \output is active []


Underfull \hbox (badness 4060) in paragraph at lines 503--503
[]\T1/cmr/bx/n/12 Lipid Chain Iso-mer-iza-tions as
 []

[7]
Underfull \hbox (badness 10000) in paragraph at lines 520--521
[]\T1/cmr/m/n/10 By the Oscillator-Processor Du-al-ity (The-o-
 []


Underfull \hbox (badness 1412) in paragraph at lines 520--521
\T1/cmr/m/n/10 fre-quency (ac-count-ing for the fact that not all
 []


Underfull \hbox (badness 6300) in paragraph at lines 520--521
\T1/cmr/m/n/10 iso-mer-iza-tions pro-duce dis-tin-guish-able par-ti-tion
 []

<figures/panel_1_lipid_physics.png, id=549, 1196.5503pt x 348.3414pt>
File: figures/panel_1_lipid_physics.png Graphic file (type png)
<use figures/panel_1_lipid_physics.png>
Package pdftex.def Info: figures/panel_1_lipid_physics.png  used on input line 
585.
(pdftex.def)             Requested size: 469.75502pt x 136.75618pt.

Package hyperref Warning: Token not allowed in a PDF string (Unicode):
(hyperref)                removing `math shift' on input line 596.


Package hyperref Warning: Token not allowed in a PDF string (Unicode):
(hyperref)                removing `subscript' on input line 596.


Package hyperref Warning: Token not allowed in a PDF string (Unicode):
(hyperref)                removing `math shift' on input line 596.


Underfull \hbox (badness 1616) in paragraph at lines 602--603
\T1/cmr/m/n/10 Molecular oxy-gen ($\OT1/cmr/m/n/10 O[]$\T1/cmr/m/n/10 ) in the 
at-mo-sphere near
 []


Underfull \hbox (badness 1721) in paragraph at lines 618--619
[]\T1/cmr/bx/n/10 Paramagnetic cou-pling\T1/cmr/m/n/10 : $\OT1/cmr/m/n/10 O[]$ 
\T1/cmr/m/n/10 is a triplet
 []

[8] [9 <./figures/panel_1_lipid_physics.png>]
Overfull \hbox (31.10564pt too wide) detected at line 645
[][][]\OML/cmm/m/it/10 ^^X[] \OT1/cmr/m/n/10 = [] \OMS/cmsy/m/n/10 ^^Y [] ^^Y \
OT1/cmr/m/n/10 1\OML/cmm/m/it/10 :\OT1/cmr/m/n/10 4 \OMS/cmsy/m/n/10 ^^B \OT1/c
mr/m/n/10 10[] m = 14 []\OML/cmm/m/it/10 :
 []


Overfull \hbox (56.70361pt too wide) in paragraph at lines 680--694
 [] 
 []


Underfull \hbox (badness 1466) in paragraph at lines 700--701
[]\T1/cmr/m/it/10 Temperature: \T1/cmr/m/n/10 The co-her-ence time is $\OML/cmm
/m/it/10 ^^\[] \OT1/cmr/m/n/10 =
 []


Underfull \hbox (badness 3525) in paragraph at lines 704--705
[]\T1/cmr/m/it/10 Confinement: \T1/cmr/m/n/10 The co-her-ence length $\OML/cmm/
m/it/10 ^^X[]$ \T1/cmr/m/n/10 is
 []

[10]
Underfull \hbox (badness 1454) in paragraph at lines 730--730
[]\T1/cmr/bx/n/14.4 BMD Tran-sis-tor and Logic
 []


Overfull \hbox (2.72218pt too wide) detected at line 748
[][][][]\OT1/cmr/m/n/10 (\OT1/cmr/bx/n/10 S[]\OT1/cmr/m/n/10 ) = []
 []


Underfull \hbox (badness 3861) in paragraph at lines 767--768
[]$ \T1/cmr/m/n/10 on the in-put $\OT1/cmr/bx/n/10 S[]$\T1/cmr/m/n/10 . By The-
o-rem [][]2.15[][],
 []


Underfull \hbox (badness 10000) in paragraph at lines 797--798
[]\T1/cmr/bx/n/10 BMD Tran-sis-tors\T1/cmr/m/n/10 : Pattern-recognition
 []


Underfull \hbox (badness 10000) in paragraph at lines 798--799
[]\T1/cmr/bx/n/10 Tri-Dimensional Logic Gates\T1/cmr/m/n/10 :
 []

[11]
Underfull \hbox (badness 10000) in paragraph at lines 802--803
[]\T1/cmr/bx/n/10 7-Channel I/O\T1/cmr/m/n/10 : Seven in-de-pen-dent in-
 []


Underfull \hbox (badness 1360) in paragraph at lines 803--804
[]\T1/cmr/bx/n/10 Consciousness In-ter-face\T1/cmr/m/n/10 : The cat-e-gor-i-cal

 []


Overfull \hbox (14.62294pt too wide) detected at line 830
[][][]\OML/cmm/m/it/10 b[]\OT1/cmr/m/n/10 (300) = 1 + (\OML/cmm/m/it/10 b[] \OM
S/cmsy/m/n/10 ^^@ \OT1/cmr/m/n/10 1)(1 \OMS/cmsy/m/n/10 ^^@ \OML/cmm/m/it/10 e[
]\OT1/cmr/m/n/10 ) = 1 + (\OML/cmm/m/it/10 b[] \OMS/cmsy/m/n/10 ^^@ \OT1/cmr/m/
n/10 1)(0\OML/cmm/m/it/10 :\OT1/cmr/m/n/10 970)\OML/cmm/m/it/10 :
 []


Underfull \hbox (badness 1152) in paragraph at lines 838--839
[][]\T1/cmr/bx/n/10 Definition 6.7 \T1/cmr/m/n/10 (Vir-tual Foundry)\T1/cmr/bx/
n/10 . []\T1/cmr/m/n/10 The Vir-tual
 []

<figures/panel_2_circuit_components.png, id=637, 1187.637pt x 346.896pt>
File: figures/panel_2_circuit_components.png Graphic file (type png)
<use figures/panel_2_circuit_components.png>
Package pdftex.def Info: figures/panel_2_circuit_components.png  used on input 
line 848.
(pdftex.def)             Requested size: 469.75502pt x 137.21031pt.

Overfull \hbox (24.3463pt too wide) detected at line 876
[][][]\OT1/cmr/m/n/10 ^^@[] = ^^@[] \OMS/cmsy/m/n/10 [ \OT1/cmr/m/n/10 ^^@[]\OM
L/cmm/m/it/10 ;  \OT1/cmr/m/n/10 ^^@[] \OMS/cmsy/m/n/10 \ \OT1/cmr/m/n/10 ^^@[]
 = \OML/cmm/m/it/10 @\OT1/cmr/m/n/10 ^^@[]\OML/cmm/m/it/10 :
 []

[12] [13 <./figures/panel_2_circuit_components.png>]
Overfull \hbox (113.30116pt too wide) detected at line 917
[]
 []


Overfull \hbox (51.33415pt too wide) detected at line 932
[][][]\OMS/cmsy/m/n/10 M\OT1/cmr/m/n/10 (\OT1/cmr/bx/n/10 r[]\OT1/cmr/m/n/10 ) 
= []
 []


Overfull \hbox (21.35342pt too wide) detected at line 958
[][][][] [] \OT1/cmr/m/n/10 O[] [] []\OML/cmm/m/it/10 :
 []


Package hyperref Warning: Token not allowed in a PDF string (Unicode):
(hyperref)                removing `math shift' on input line 990.


Package hyperref Warning: Token not allowed in a PDF string (Unicode):
(hyperref)                removing `subscript' on input line 990.


Package hyperref Warning: Token not allowed in a PDF string (Unicode):
(hyperref)                removing `math shift' on input line 990.

[14]
Overfull \hbox (176.21712pt too wide) in paragraph at lines 1043--1044
 [][] 
 []


Underfull \hbox (badness 10000) in paragraph at lines 1054--1054
[]\T1/cmr/bx/n/12 Distributed At-mo-spheric $\OML/cmm/m/it/12 S$\T1/cmr/bx/n/12
 -
 []


Package hyperref Warning: Token not allowed in a PDF string (Unicode):
(hyperref)                removing `math shift' on input line 1054.


Package hyperref Warning: Token not allowed in a PDF string (Unicode):
(hyperref)                removing `math shift' on input line 1054.


Underfull \hbox (badness 1881) in paragraph at lines 1056--1057
\T1/cmr/m/n/10 The Position-Partition Bi-jec-tion (The-o-rem [][]2.17[][])
 []

[15]
Package hyperref Info: bookmark level for unknown algorithm defaults to 0 on in
put line 1094.

Underfull \hbox (badness 10000) in paragraph at lines 1097--1098
[] []\T1/cmr/m/n/10 Membrane $\OML/cmm/m/it/10 S$\T1/cmr/m/n/10 -entropy mea-su
re-ments
 []


Underfull \hbox (badness 1173) in paragraph at lines 1098--1099
[] []\T1/cmr/m/n/10 Vehicle po-si-tion $\OT1/cmr/bx/n/10 r[]$ \T1/cmr/m/n/10 an
d ori-en-ta-tion
 []


Underfull \hbox (badness 10000) in paragraph at lines 1100--1101
[] []\T1/cmr/m/n/10 Compute $\OML/cmm/m/it/10 S$\T1/cmr/m/n/10 -entropy gra-di-
ent: $\OMS/cmsy/m/n/10 r\OT1/cmr/bx/n/10 S \OT1/cmr/m/n/10 =
 []


Underfull \hbox (badness 3364) in paragraph at lines 1102--1103
[] []\T1/cmr/m/n/10 Extract ori-en-ta-tion from gra-di-ent di-rec-tion:
 []


Underfull \vbox (badness 10000) has occurred while \output is active []


Underfull \hbox (badness 10000) in paragraph at lines 1113--1113
[]\T1/cmr/bx/n/14.4 Navigation via Back-ward
 []


Underfull \hbox (badness 1960) in paragraph at lines 1122--1123
[]\T1/cmr/m/n/10 Chaotic sen-si-tiv-ity (Lya-punov di-ver-gence of
 []

[16]
Underfull \hbox (badness 2426) in paragraph at lines 1141--1142
[][]\T1/cmr/bx/n/10 Theorem 10.2 \T1/cmr/m/n/10 (Back-ward Tra-jec-tory Com-ple
-
 []


Underfull \hbox (badness 3364) in paragraph at lines 1152--1153
[]\T1/cmr/m/it/10 Step 1: \T1/cmr/m/n/10 Find the low-est com-mon an-ces-tor
 []


Underfull \hbox (badness 1983) in paragraph at lines 1154--1155
\T1/cmr/m/n/10 through $[]$ and has length at most $\OT1/cmr/m/n/10 2\OML/cmm/m
/it/10 D \OT1/cmr/m/n/10 =
 []


Overfull \hbox (98.1161pt too wide) detected at line 1183
[][][]\OMS/cmsy/m/n/10 C\OT1/cmr/m/n/10 (\OT1/cmr/bx/n/10 S[]\OT1/cmr/m/n/10 ) 
= [](\OT1/cmr/bx/n/10 S[]\OT1/cmr/m/n/10 )[][][](\OT1/cmr/bx/n/10 S[]\OT1/cmr/m
/n/10 )[]\OML/cmm/m/it/10 ;
 []


Overfull \hbox (176.21712pt too wide) in paragraph at lines 1219--1220
 [][] 
 []


Underfull \vbox (badness 10000) has occurred while \output is active []

 [17]
[18]
Underfull \hbox (badness 10000) in paragraph at lines 1289--1290
[] []\T1/cmr/m/n/10 Membrane mea-sure-ments $\OMS/cmsy/m/n/10 f\OML/cmm/m/it/10
 ^^^[]; \OT1/cmr/bx/n/10 S[]\OMS/cmsy/m/n/10 g[]$\T1/cmr/m/n/10 ,
 []


Underfull \hbox (badness 5036) in paragraph at lines 1295--1296
[] []\T1/cmr/bx/n/10 Proceed\T1/cmr/m/n/10 : ex-e-cute com-ple-tion mor-phism
 []


Overfull \hbox (21.47021pt too wide) detected at line 1347
[][][]\OML/cmm/m/it/10 d[] \OT1/cmr/m/n/10 = \OMS/cmsy/m/n/10 k\OT1/cmr/bx/n/10
 S[] \OMS/cmsy/m/n/10 ^^@ \OT1/cmr/bx/n/10 S[]\OMS/cmsy/m/n/10 k \OT1/cmr/m/n/1
0 = []\OML/cmm/m/it/10 :
 []


Underfull \hbox (badness 7796) in paragraph at lines 1363--1364
[]\T1/cmr/m/n/10 Formally: $\OML/cmm/m/it/10 d[] \OT1/cmr/m/n/10 = \OML/cmm/m/i
t/10 d[]\OT1/cmr/m/n/10 (\OT1/cmr/bx/n/10 S\OT1/cmr/m/n/10 (\OML/cmm/m/it/10 T;
 P; \OMS/cmsy/m/n/10 f\OML/cmm/m/it/10 x[]\OMS/cmsy/m/n/10 g\OT1/cmr/m/n/10 ))$
 \T1/cmr/m/n/10 and
 []

[19]
Underfull \hbox (badness 1762) in paragraph at lines 1420--1421
\T1/cmr/m/it/10 gen-eral, any in-crease in at-mo-spheric com-plex-ity
 []


Overfull \hbox (176.21712pt too wide) in paragraph at lines 1425--1426
 [][] 
 []

[20]
Underfull \hbox (badness 2435) in paragraph at lines 1448--1449
\T1/cmr/m/n/10 form ``poly-mer-somes'' with bi-layer thick-ness
 []


Underfull \hbox (badness 1590) in paragraph at lines 1459--1460
[]\T1/cmr/bx/n/10 Amphiphilic struc-ture\T1/cmr/m/n/10 : hy-drophilic ex-te-
 []


Underfull \hbox (badness 1067) in paragraph at lines 1460--1461
[]\T1/cmr/bx/n/10 Oscillatory dy-nam-ics\T1/cmr/m/n/10 : chain/mesogen dy-
 []


Underfull \hbox (badness 3271) in paragraph at lines 1481--1481
[]\T1/cmr/bx/n/14.4 Comparison with Con-ven-
 []


Underfull \hbox (badness 1275) in paragraph at lines 1489--1489
[]\T1/cmr/m/n/10 Table 2: |Com-pre-hen-sive com-par-i-son of con-ven-
 []


Underfull \hbox (badness 5832) in paragraph at lines 1514--1514
[]|\T1/cmr/m/n/9 Forward sim-u-la-tion (chaotic,
 []


Overfull \hbox (239.87752pt too wide) in paragraph at lines 1514--1515
 [][] 
 []

[21]
! Missing $ inserted.
<inserted text> 
                $
l.1579 ... the vehicle adjusts speed to ensure $d_
                                                  {\mathrm{stop}} \leq \SI{3...
I've inserted a begin-math/end-math symbol since I think
you left one out. Proceed, with fingers crossed.


Overfull \hbox (10.2979pt too wide) detected at line 1590
[][][][] \OML/cmm/m/it/10 > \OT1/cmr/m/n/10 0 [][[]\OML/cmm/m/it/10 ; []\OT1/cm
r/m/n/10 ] = 0\OML/cmm/m/it/10 :
 []


Underfull \hbox (badness 10000) in paragraph at lines 1616--1616
[]\T1/cmr/bx/n/14.4 Experimental Val-i-da-tion
 []


Underfull \hbox (badness 4699) in paragraph at lines 1628--1629
[]\T1/cmr/m/n/10 Synthesize DPPC/DOPC/cholesterol vesi-cles
 []


Underfull \hbox (badness 1442) in paragraph at lines 1629--1630
[]\T1/cmr/m/n/10 Deposit sup-ported bi-lay-ers on vehicle-panel-
 []


Underfull \hbox (badness 2237) in paragraph at lines 1631--1632
[]\T1/cmr/m/n/10 Measure lipid chain dy-nam-ics by $[]$H-NMR
 []

[22]
Underfull \hbox (badness 10000) in paragraph at lines 1632--1633
[]\T1/cmr/m/n/10 Characterize P-N junc-tion prop-er-ties by
 []


Underfull \hbox (badness 1448) in paragraph at lines 1644--1645
[]\T1/cmr/m/n/10 Use elec-tron para-m-ag-netic res-o-nance (EPR)
 []


Package hyperref Warning: Token not allowed in a PDF string (Unicode):
(hyperref)                removing `math shift' on input line 1652.


Package hyperref Warning: Token not allowed in a PDF string (Unicode):
(hyperref)                removing `math shift' on input line 1652.


Underfull \hbox (badness 1365) in paragraph at lines 1659--1660
[]\T1/cmr/m/n/10 Expose to con-trolled at-mo-spheric con-di-tions
 []


Underfull \hbox (badness 1308) in paragraph at lines 1661--1662
\T1/cmr/m/n/10 ther-mome-ters, barom-e-ters, gas chro-matog-ra-
 []


Underfull \hbox (badness 2435) in paragraph at lines 1682--1683
\T1/cmr/bx/n/10 Objective\T1/cmr/m/n/10 : Demon-strate de-tec-tion of ve-hi-cle
s,
 []


Underfull \hbox (badness 1635) in paragraph at lines 1686--1687
[]\T1/cmr/m/n/10 Position membrane-equipped ve-hi-cle in con-
 []

[23]
<figures/panel_3_sensor_validation.png, id=896, 1168.1241pt x 346.896pt>
File: figures/panel_3_sensor_validation.png Graphic file (type png)
<use figures/panel_3_sensor_validation.png>
Package pdftex.def Info: figures/panel_3_sensor_validation.png  used on input l
ine 1710.
(pdftex.def)             Requested size: 469.75502pt x 139.50227pt.

Underfull \hbox (badness 2503) in paragraph at lines 1742--1743
[]\T1/cmr/m/n/10 In each case, the mem-brane's com-pu-ta-tional
 []


Underfull \hbox (badness 1009) in paragraph at lines 1749--1750
[]\T1/cmr/bx/n/10 Drones\T1/cmr/m/n/10 : Mem-brane cov-ers air-frame; at-mo-
 []


Underfull \hbox (badness 3746) in paragraph at lines 1751--1752
[]\T1/cmr/bx/n/10 Robots\T1/cmr/m/n/10 : In-door nav-i-ga-tion us-ing HVAC-
 []


Underfull \hbox (badness 1817) in paragraph at lines 1761--1762
[]\T1/cmr/bx/n/10 Extreme tem-per-a-tures\T1/cmr/m/n/10 : Be-low $\OT1/cmr/m/n/
10 250$$K$ \T1/cmr/m/n/10 or
 []


Underfull \hbox (badness 1072) in paragraph at lines 1762--1763
\T1/cmr/m/n/10 ($\OMS/cmsy/m/n/10 ^^X$$\OT1/cmr/m/n/10 34$$m$ \T1/cmr/m/n/10 at
 $\OT1/cmr/m/n/10 0\OML/cmm/m/it/10 :\OT1/cmr/m/n/10 1$$s$ \T1/cmr/m/n/10 in-te
-gra-tion) lim-its de-tec-tion
 []

[24] [25 <./figures/panel_3_sensor_validation.png>]
Underfull \hbox (badness 10000) in paragraph at lines 1783--1784
[]\T1/cmr/m/n/10 The cat-e-gor-i-cal dis-tance met-ric sat-is-fies
 []


Underfull \hbox (badness 3460) in paragraph at lines 1783--1784
\T1/cmr/m/n/10 dark-ness, and all photon-dependent fail-ure
 []

(automobile-membrane-sensor.bbl
Underfull \hbox (badness 4391) in paragraph at lines 4--9
[]\T1/cmr/m/n/10 Sebastian Thrun, Mike Mon-te-merlo, Hen-
 []


Underfull \hbox (badness 1377) in paragraph at lines 11--15
[]\T1/cmr/m/n/10 Wilko Schwart-ing, Javier Alonso-Mora, and
 []


Underfull \hbox (badness 1127) in paragraph at lines 17--22
\T1/cmr/m/n/10 Dworakowski, Bern-hard Firner, Beat Flepp,
 []


Underfull \hbox (badness 1194) in paragraph at lines 29--32
\T1/cmr/m/n/10 many-particle sys-tems.  \T1/cmr/m/it/10 Re-views of Mod-ern
 []

[26]
Underfull \hbox (badness 2073) in paragraph at lines 65--69
[]\T1/cmr/m/n/10 Kundai Farai Sachikonye.  At-mo-spheric s-
 []


Underfull \hbox (badness 1147) in paragraph at lines 109--113
\T1/cmr/m/n/10 quan-tum com-put-ing: Ex-ploit-ing categorical-
 []


Underfull \hbox (badness 4595) in paragraph at lines 121--126
[]\T1/cmr/m/n/10 Wolfgang Hel-frich.  Elas-tic prop-er-ties of
 []


Underfull \hbox (badness 1448) in paragraph at lines 121--126
\T1/cmr/m/n/10 lipid bi-lay-ers: The-ory and pos-si-ble ex-per-i-
 []


Underfull \hbox (badness 2689) in paragraph at lines 138--141
[]\T1/cmr/m/n/10 Yoshiki Ku-ramoto.  \T1/cmr/m/it/10 Chem-i-cal Os-cil-la-tions
,
 []


Underfull \hbox (badness 2521) in paragraph at lines 149--152
\T1/cmr/m/it/10 De-mon: En-tropy, In-for-ma-tion, Com-put-ing\T1/cmr/m/n/10 .
 []


Underfull \hbox (badness 1442) in paragraph at lines 176--180
\T1/cmr/m/n/10 ing res-o-lu-tion via har-monic net-work phase-
 []


Underfull \hbox (badness 3439) in paragraph at lines 176--180
\T1/cmr/m/n/10 locking.  \T1/cmr/m/it/10 Tech-ni-cal Uni-ver-sity of Mu-nich,
 []


Underfull \hbox (badness 2027) in paragraph at lines 182--186
[]\T1/cmr/m/n/10 Gerhard Herzberg.  \T1/cmr/m/it/10 Molec-u-lar Spec-tra and
 []

[27]) [28

] (automobile-membrane-sensor.aux)
 ***********
LaTeX2e <2025-11-01>
L3 programming layer <2026-01-19>
 ***********
Package rerunfilecheck Info: File `automobile-membrane-sensor.out' has not chan
ged.
(rerunfilecheck)             Checksum: 591DB795E69EC7997624D5102E446210;16607.
 ) 
Here is how much of TeX's memory you used:
 18922 strings out of 467867
 358471 string characters out of 5418334
 784453 words of memory out of 5000000
 47142 multiletter control sequences out of 15000+600000
 656521 words of font info for 111 fonts, out of 8000000 for 9000
 1141 hyphenation exceptions out of 8191
 75i,13n,79p,3064b,1274s stack positions out of 10000i,1000n,20000p,200000b,200000s
 <C:\Users\kunda\AppData\Local\MiKTeX\fonts/pk/ljfour/jknappen/ec/dpi600\ecrm
0800.pk> <C:\Users\kunda\AppData\Local\MiKTeX\fonts/pk/ljfour/jknappen/ec/dpi60
0\eccc1000.pk> <C:\Users\kunda\AppData\Local\MiKTeX\fonts/pk/ljfour/jknappen/ec
/dpi600\ecbi1000.pk> <C:\Users\kunda\AppData\Local\MiKTeX\fonts/pk/ljfour/jknap
pen/ec/dpi600\ecrm0700.pk> <C:\Users\kunda\AppData\Local\MiKTeX\fonts/pk/ljfour
/jknappen/ec/dpi600\tcrm1000.pk> <C:\Users\kunda\AppData\Local\MiKTeX\fonts/pk/
ljfour/jknappen/ec/dpi600\ecrm0900.pk> <C:\Users\kunda\AppData\Local\MiKTeX\fon
ts/pk/ljfour/jknappen/ec/dpi600\ecbx0900.pk> <C:\Users\kunda\AppData\Local\MiKT
eX\fonts/pk/ljfour/jknappen/ec/dpi600\ecbx1000.pk> <C:\Users\kunda\AppData\Loca
l\MiKTeX\fonts/pk/ljfour/jknappen/ec/dpi600\ecti1000.pk> <C:\Users\kunda\AppDat
a\Local\MiKTeX\fonts/pk/ljfour/jknappen/ec/dpi600\ecbx1200.pk> <C:\Users\kunda\
AppData\Local\MiKTeX\fonts/pk/ljfour/jknappen/ec/dpi600\ecbx2074.pk> <C:\Users\
kunda\AppData\Local\MiKTeX\fonts/pk/ljfour/jknappen/ec/dpi600\ecrm1000.pk> <C:\
Users\kunda\AppData\Local\MiKTeX\fonts/pk/ljfour/jknappen/ec/dpi600\ecbx1440.pk
> <C:\Users\kunda\AppData\Local\MiKTeX\fonts/pk/ljfour/jknappen/ec/dpi600\ectt1
200.pk> <C:\Users\kunda\AppData\Local\MiKTeX\fonts/pk/ljfour/jknappen/ec/dpi600
\ecrm1200.pk> <C:\Users\kunda\AppData\Local\MiKTeX\fonts/pk/ljfour/jknappen/ec/
dpi600\ecbx1728.pk><C:/Users/kunda/AppData/Local/Programs/MiKTeX/fonts/type1/pu
blic/amsfonts/cm/cmbx10.pfb><C:/Users/kunda/AppData/Local/Programs/MiKTeX/fonts
/type1/public/amsfonts/cm/cmbx7.pfb><C:/Users/kunda/AppData/Local/Programs/MiKT
eX/fonts/type1/public/amsfonts/cm/cmex10.pfb><C:/Users/kunda/AppData/Local/Prog
rams/MiKTeX/fonts/type1/public/amsfonts/cm/cmmi10.pfb><C:/Users/kunda/AppData/L
ocal/Programs/MiKTeX/fonts/type1/public/amsfonts/cm/cmmi12.pfb><C:/Users/kunda/
AppData/Local/Programs/MiKTeX/fonts/type1/public/amsfonts/cm/cmmi5.pfb><C:/User
s/kunda/AppData/Local/Programs/MiKTeX/fonts/type1/public/amsfonts/cm/cmmi7.pfb>
<C:/Users/kunda/AppData/Local/Programs/MiKTeX/fonts/type1/public/amsfonts/cm/cm
mi9.pfb><C:/Users/kunda/AppData/Local/Programs/MiKTeX/fonts/type1/public/amsfon
ts/cm/cmr10.pfb><C:/Users/kunda/AppData/Local/Programs/MiKTeX/fonts/type1/publi
c/amsfonts/cm/cmr12.pfb><C:/Users/kunda/AppData/Local/Programs/MiKTeX/fonts/typ
e1/public/amsfonts/cm/cmr5.pfb><C:/Users/kunda/AppData/Local/Programs/MiKTeX/fo
nts/type1/public/amsfonts/cm/cmr6.pfb><C:/Users/kunda/AppData/Local/Programs/Mi
KTeX/fonts/type1/public/amsfonts/cm/cmr7.pfb><C:/Users/kunda/AppData/Local/Prog
rams/MiKTeX/fonts/type1/public/amsfonts/cm/cmr8.pfb><C:/Users/kunda/AppData/Loc
al/Programs/MiKTeX/fonts/type1/public/amsfonts/cm/cmr9.pfb><C:/Users/kunda/AppD
ata/Local/Programs/MiKTeX/fonts/type1/public/amsfonts/cm/cmsy10.pfb><C:/Users/k
unda/AppData/Local/Programs/MiKTeX/fonts/type1/public/amsfonts/cm/cmsy7.pfb><C:
/Users/kunda/AppData/Local/Programs/MiKTeX/fonts/type1/public/amsfonts/cm/cmsy9
.pfb><C:/Users/kunda/AppData/Local/Programs/MiKTeX/fonts/type1/public/amsfonts/
symbols/msbm10.pfb>
Output written on automobile-membrane-sensor.pdf (28 pages, 2077034 bytes).
PDF statistics:
 1788 PDF objects out of 2073 (max. 8388607)
 430 named destinations out of 1000 (max. 500000)
 656 words of extra memory for PDF output out of 10000 (max. 10000000)

